#
# There is insufficient memory for the Java Runtime Environment to continue.
# Native memory allocation (malloc) failed to allocate 1945936 bytes for Chunk::new
# Possible reasons:
#   The system is out of physical RAM or swap space
#   The process is running with CompressedOops enabled, and the Java Heap may be blocking the growth of the native heap
# Possible solutions:
#   Reduce memory load on the system
#   Increase physical memory or swap space
#   Check if swap backing store is full
#   Decrease Java heap size (-Xmx/-Xms)
#   Decrease number of Java threads
#   Decrease Java thread stack sizes (-Xss)
#   Set larger code cache with -XX:ReservedCodeCacheSize=
#   JVM is running with Unscaled Compressed Oops mode in which the Java heap is
#     placed in the first 4GB address space. The Java Heap base address is the
#     maximum limit for the native heap growth. Please use -XX:HeapBaseMinAddress
#     to set the Java Heap base and to place the Java Heap above 4GB virtual address.
# This output file may be truncated or incomplete.
#
#  Out of Memory Error (arena.cpp:195), pid=1032, tid=12924
#
# JRE version: Java(TM) SE Runtime Environment (16.0.2+7) (build 16.0.2+7-67)
# Java VM: Java HotSpot(TM) 64-Bit Server VM (16.0.2+7-67, mixed mode, sharing, tiered, compressed oops, compressed class ptrs, g1 gc, windows-amd64)
# No core dump will be written. Minidumps are not enabled by default on client versions of Windows
#

---------------  S U M M A R Y ------------

Command Line: --add-opens=java.base/java.util=ALL-UNNAMED --add-opens=java.base/java.lang=ALL-UNNAMED --add-opens=java.base/java.lang.invoke=ALL-UNNAMED --add-opens=java.prefs/java.util.prefs=ALL-UNNAMED -Xmx2048m -Dfile.encoding=UTF-8 -Duser.country=RU -Duser.language=ru -Duser.variant org.gradle.launcher.daemon.bootstrap.GradleDaemon 6.7.1

Host: Intel(R) Core(TM) i5-7400 CPU @ 3.00GHz, 4 cores, 15G,  Windows 10 , 64 bit Build 17763 (10.0.17763.2090)
Time: Tue Aug 31 21:31:26 2021 RTZ 2 (зима) elapsed time: 20.281587 seconds (0d 0h 0m 20s)

---------------  T H R E A D  ---------------

Current thread (0x0000024cc374e7d0):  JavaThread "C2 CompilerThread0" daemon [_thread_in_native, id=12924, stack(0x0000008974000000,0x0000008974100000)]


Current CompileTask:
C2:  20281 15386   !   4       java.nio.file.FileTreeWalker::getAttributes (94 bytes)

Stack: [0x0000008974000000,0x0000008974100000]
Native frames: (J=compiled Java code, j=interpreted, Vv=VM code, C=native code)
V  [jvm.dll+0x6681ca]
V  [jvm.dll+0x7c9e69]
V  [jvm.dll+0x7cb61e]
V  [jvm.dll+0x7cbc73]
V  [jvm.dll+0x242c55]
V  [jvm.dll+0xadeba]
V  [jvm.dll+0xae45c]
V  [jvm.dll+0x35a882]
V  [jvm.dll+0x324de1]
V  [jvm.dll+0x32428a]
V  [jvm.dll+0x215cec]
V  [jvm.dll+0x215100]
V  [jvm.dll+0x1a1beb]
V  [jvm.dll+0x225158]
V  [jvm.dll+0x22319c]
V  [jvm.dll+0x77fa62]
V  [jvm.dll+0x7795aa]
V  [jvm.dll+0x667066]
C  [ucrtbase.dll+0x2268a]
C  [KERNEL32.DLL+0x17974]
C  [ntdll.dll+0x5a2f1]


---------------  P R O C E S S  ---------------

Threads class SMR info:
_java_thread_list=0x0000024ccb2b5350, length=181, elements={
0x0000024ca5ee4370, 0x0000024cc3730be0, 0x0000024cc3733a90, 0x0000024cc3742a40,
0x0000024cc3743450, 0x0000024cc3744100, 0x0000024cc3746a70, 0x0000024cc374e7d0,
0x0000024cc375a200, 0x0000024cc41214a0, 0x0000024cc3748fa0, 0x0000024cc37494f0,
0x0000024cc3746fc0, 0x0000024cc3747510, 0x0000024cc3748500, 0x0000024cc3748a50,
0x0000024cc3747fb0, 0x0000024cc52e5620, 0x0000024cc52e7600, 0x0000024cc52e5b70,
0x0000024cc52e9090, 0x0000024cc52e6610, 0x0000024cc52ea5d0, 0x0000024cc52e7b50,
0x0000024cc52e4b80, 0x0000024cc52e60c0, 0x0000024cc52e6b60, 0x0000024cc52e95e0,
0x0000024cc52e70b0, 0x0000024cc52e80a0, 0x0000024cc52e8b40, 0x0000024cc52ea080,
0x0000024cc52ebb10, 0x0000024cc645f160, 0x0000024cc645e6c0, 0x0000024cc645ec10,
0x0000024cc645d6d0, 0x0000024cc6461140, 0x0000024cc6463120, 0x0000024cc6462130,
0x0000024cc645f6b0, 0x0000024cc6462680, 0x0000024cc6462bd0, 0x0000024cc645fc00,
0x0000024cc645d180, 0x0000024cc6463670, 0x0000024cc6463bc0, 0x0000024cc6461be0,
0x0000024cc645c190, 0x0000024cc6460150, 0x0000024cc645c6e0, 0x0000024cc6461690,
0x0000024cc6460bf0, 0x0000024cc64606a0, 0x0000024cc645cc30, 0x0000024cc645dc20,
0x0000024cc645e170, 0x0000024cc9c5a5f0, 0x0000024cc9c5c080, 0x0000024cc9c5b090,
0x0000024cc9c5b5e0, 0x0000024cc9c60040, 0x0000024cc9c5faf0, 0x0000024cc9c5cb20,
0x0000024cc9c5c5d0, 0x0000024cc9c60590, 0x0000024cc9c61580, 0x0000024cc9c61ad0,
0x0000024cc9c5f050, 0x0000024cc9c5eb00, 0x0000024cc9c5ab40, 0x0000024cc9c60ae0,
0x0000024cc9c5d070, 0x0000024cc9c5a0a0, 0x0000024cc9c5d5c0, 0x0000024cc9c5db10,
0x0000024cc9c5f5a0, 0x0000024cc9c61030, 0x0000024cc9c5bb30, 0x0000024cc9c5e060,
0x0000024cc9c5e5b0, 0x0000024ccb153b70, 0x0000024ccb1560a0, 0x0000024ccb14f110,
0x0000024ccb151640, 0x0000024ccb1565f0, 0x0000024ccb154b60, 0x0000024ccb14fbb0,
0x0000024ccb152b80, 0x0000024ccb150650, 0x0000024ccb154610, 0x0000024ccb1550b0,
0x0000024ccb156b40, 0x0000024ccb151b90, 0x0000024ccb1520e0, 0x0000024ccb155b50,
0x0000024ccb152630, 0x0000024ccb150100, 0x0000024ccb150ba0, 0x0000024ccb1530d0,
0x0000024ccb14f660, 0x0000024ccb155600, 0x0000024ccb1510f0, 0x0000024ccb153620,
0x0000024ccb1540c0, 0x0000024cc8ad24e0, 0x0000024cc8ad4a10, 0x0000024cc8ad7490,
0x0000024cc8ad3a20, 0x0000024cc8ad7f30, 0x0000024cc8ad5f50, 0x0000024cc8ad8480,
0x0000024cc8ad5a00, 0x0000024cc8ad64a0, 0x0000024cc8ad69f0, 0x0000024cc8ad2a30,
0x0000024cc8ad0fa0, 0x0000024cc8ad89d0, 0x0000024cc8ad1f90, 0x0000024cc8ad79e0,
0x0000024cc8ad3f70, 0x0000024cc8ad14f0, 0x0000024cc8ad2f80, 0x0000024cc8ad1a40,
0x0000024cc8ad34d0, 0x0000024cc8ad44c0, 0x0000024cc8ad6f40, 0x0000024cc8ad4f60,
0x0000024cc8ad54b0, 0x0000024cc9838720, 0x0000024cc9838c70, 0x0000024cc983a1b0,
0x0000024cc9834cb0, 0x0000024cc9837c80, 0x0000024cc9834760, 0x0000024cc9836c90,
0x0000024cc9839710, 0x0000024cc9835ca0, 0x0000024cc9835200, 0x0000024cc9833cc0,
0x0000024cc9833220, 0x0000024cc98361f0, 0x0000024cc9837730, 0x0000024cc98381d0,
0x0000024cc9839c60, 0x0000024cc9833770, 0x0000024cc983a700, 0x0000024cc9835750,
0x0000024cc9836740, 0x0000024cc98371e0, 0x0000024cc98391c0, 0x0000024cc9832cd0,
0x0000024cc9834210, 0x0000024cc9c47610, 0x0000024cc9c44b90, 0x0000024cc9c42bb0,
0x0000024cc9c490a0, 0x0000024cc9c470c0, 0x0000024cc9c440f0, 0x0000024cc9c42110,
0x0000024cc9c42660, 0x0000024cc9c47b60, 0x0000024cc9c460d0, 0x0000024cc9c43650,
0x0000024cc9c45630, 0x0000024cc9c43ba0, 0x0000024cc9c49b40, 0x0000024cc5727290,
0x0000024cc57222e0, 0x0000024cc57277e0, 0x0000024cc5722830, 0x0000024cc5728d20,
0x0000024cc5721d90, 0x0000024cc5725800, 0x0000024cc57297c0, 0x0000024cc57232d0,
0x0000024cc5723820, 0x0000024cc5723d70, 0x0000024cc4b69810, 0x0000024cc57242c0,
0x0000024cc5729270
}

Java Threads: ( => current thread )
  0x0000024ca5ee4370 JavaThread "main" [_thread_blocked, id=4412, stack(0x0000008973300000,0x0000008973400000)]
  0x0000024cc3730be0 JavaThread "Reference Handler" daemon [_thread_blocked, id=11828, stack(0x0000008973a00000,0x0000008973b00000)]
  0x0000024cc3733a90 JavaThread "Finalizer" daemon [_thread_blocked, id=14044, stack(0x0000008973b00000,0x0000008973c00000)]
  0x0000024cc3742a40 JavaThread "Signal Dispatcher" daemon [_thread_blocked, id=14992, stack(0x0000008973c00000,0x0000008973d00000)]
  0x0000024cc3743450 JavaThread "Attach Listener" daemon [_thread_blocked, id=14004, stack(0x0000008973d00000,0x0000008973e00000)]
  0x0000024cc3744100 JavaThread "Service Thread" daemon [_thread_blocked, id=10544, stack(0x0000008973e00000,0x0000008973f00000)]
  0x0000024cc3746a70 JavaThread "Monitor Deflation Thread" daemon [_thread_blocked, id=8460, stack(0x0000008973f00000,0x0000008974000000)]
=>0x0000024cc374e7d0 JavaThread "C2 CompilerThread0" daemon [_thread_in_native, id=12924, stack(0x0000008974000000,0x0000008974100000)]
  0x0000024cc375a200 JavaThread "C1 CompilerThread0" daemon [_thread_blocked, id=1860, stack(0x0000008974100000,0x0000008974200000)]
  0x0000024cc41214a0 JavaThread "Sweeper thread" daemon [_thread_blocked, id=13256, stack(0x0000008974200000,0x0000008974300000)]
  0x0000024cc3748fa0 JavaThread "Common-Cleaner" daemon [_thread_blocked, id=5436, stack(0x0000008974300000,0x0000008974400000)]
  0x0000024cc37494f0 JavaThread "Notification Thread" daemon [_thread_blocked, id=14996, stack(0x0000008974400000,0x0000008974500000)]
  0x0000024cc3746fc0 JavaThread "Daemon health stats" [_thread_blocked, id=10528, stack(0x0000008974a00000,0x0000008974b00000)]
  0x0000024cc3747510 JavaThread "Incoming local TCP Connector on port 53777" [_thread_in_native, id=11964, stack(0x0000008974d00000,0x0000008974e00000)]
  0x0000024cc3748500 JavaThread "Daemon periodic checks" [_thread_blocked, id=10924, stack(0x0000008974e00000,0x0000008974f00000)]
  0x0000024cc3748a50 JavaThread "Daemon" [_thread_blocked, id=14364, stack(0x0000008974f00000,0x0000008975000000)]
  0x0000024cc3747fb0 JavaThread "Handler for socket connection from /127.0.0.1:53777 to /127.0.0.1:53778" [_thread_in_native, id=14756, stack(0x0000008975000000,0x0000008975100000)]
  0x0000024cc52e5620 JavaThread "Cancel handler" [_thread_blocked, id=12632, stack(0x0000008975100000,0x0000008975200000)]
  0x0000024cc52e7600 JavaThread "Daemon worker" [_thread_in_native, id=13144, stack(0x0000008975200000,0x0000008975300000)]
  0x0000024cc52e5b70 JavaThread "Asynchronous log dispatcher for DefaultDaemonConnection: socket connection from /127.0.0.1:53777 to /127.0.0.1:53778" [_thread_blocked, id=1764, stack(0x0000008975300000,0x0000008975400000)]
  0x0000024cc52e9090 JavaThread "Stdin handler" [_thread_blocked, id=12808, stack(0x0000008975400000,0x0000008975500000)]
  0x0000024cc52e6610 JavaThread "Thread-8" [_thread_blocked, id=11320, stack(0x0000008975500000,0x0000008975600000)]
  0x0000024cc52ea5d0 JavaThread "Cache worker for file hash cache (C:\Users\MAX\AndroidStudioProjects\caches\6.7.1\fileHashes)" [_thread_blocked, id=8788, stack(0x0000008975600000,0x0000008975700000)]
  0x0000024cc52e7b50 JavaThread "File lock request listener" [_thread_in_native, id=468, stack(0x0000008975700000,0x0000008975800000)]
  0x0000024cc52e4b80 JavaThread "Cache worker for journal cache (C:\Users\MAX\AndroidStudioProjects\caches\journal-1)" [_thread_blocked, id=5208, stack(0x0000008975800000,0x0000008975900000)]
  0x0000024cc52e60c0 JavaThread "Cache worker for file hash cache (C:\Users\MAX\AndroidStudioProjects\AlcoChecker\.gradle\6.7.1\fileHashes)" [_thread_blocked, id=292, stack(0x0000008975900000,0x0000008975a00000)]
  0x0000024cc52e6b60 JavaThread "Cache worker for checksums cache (C:\Users\MAX\AndroidStudioProjects\AlcoChecker\.gradle\checksums)" [_thread_blocked, id=15312, stack(0x0000008975a00000,0x0000008975b00000)]
  0x0000024cc52e95e0 JavaThread "Cache worker for cache directory md-supplier (C:\Users\MAX\AndroidStudioProjects\caches\6.7.1\md-supplier)" [_thread_blocked, id=6940, stack(0x0000008975b00000,0x0000008975c00000)]
  0x0000024cc52e70b0 JavaThread "Cache worker for cache directory md-rule (C:\Users\MAX\AndroidStudioProjects\caches\6.7.1\md-rule)" [_thread_blocked, id=11428, stack(0x0000008975c00000,0x0000008975d00000)]
  0x0000024cc52e80a0 JavaThread "Cache worker for execution history cache (C:\Users\MAX\AndroidStudioProjects\caches\6.7.1\executionHistory)" [_thread_blocked, id=13604, stack(0x0000008975d00000,0x0000008975e00000)]
  0x0000024cc52e8b40 JavaThread "jar transforms" [_thread_blocked, id=15080, stack(0x0000008975e00000,0x0000008975f00000)]
  0x0000024cc52ea080 JavaThread "Cache worker for file content cache (C:\Users\MAX\AndroidStudioProjects\caches\6.7.1\fileContent)" [_thread_blocked, id=13452, stack(0x0000008975f00000,0x0000008976000000)]
  0x0000024cc52ebb10 JavaThread "Cache worker for Build Output Cleanup Cache (C:\Users\MAX\AndroidStudioProjects\AlcoChecker\.gradle\buildOutputCleanup)" [_thread_blocked, id=12752, stack(0x0000008976000000,0x0000008976100000)]
  0x0000024cc645f160 JavaThread "Build operations" [_thread_blocked, id=11188, stack(0x0000008976100000,0x0000008976200000)]
  0x0000024cc645e6c0 JavaThread "Build operations Thread 2" [_thread_blocked, id=9016, stack(0x0000008976200000,0x0000008976300000)]
  0x0000024cc645ec10 JavaThread "Build operations Thread 3" [_thread_blocked, id=11144, stack(0x0000008976300000,0x0000008976400000)]
  0x0000024cc645d6d0 JavaThread "Build operations Thread 4" [_thread_blocked, id=11700, stack(0x0000008976400000,0x0000008976500000)]
  0x0000024cc6461140 JavaThread "jar transforms Thread 2" [_thread_blocked, id=8384, stack(0x0000008976500000,0x0000008976600000)]
  0x0000024cc6463120 JavaThread "jar transforms Thread 3" [_thread_blocked, id=12788, stack(0x0000008976600000,0x0000008976700000)]
  0x0000024cc6462130 JavaThread "jar transforms Thread 4" [_thread_blocked, id=12820, stack(0x0000008976700000,0x0000008976800000)]
  0x0000024cc645f6b0 JavaThread "jar transforms Thread 5" [_thread_blocked, id=5840, stack(0x0000008976800000,0x0000008976900000)]
  0x0000024cc6462680 JavaThread "jar transforms Thread 6" [_thread_blocked, id=3452, stack(0x0000008976900000,0x0000008976a00000)]
  0x0000024cc6462bd0 JavaThread "jar transforms Thread 7" [_thread_blocked, id=6200, stack(0x0000008976a00000,0x0000008976b00000)]
  0x0000024cc645fc00 JavaThread "jar transforms Thread 8" [_thread_blocked, id=3804, stack(0x0000008976b00000,0x0000008976c00000)]
  0x0000024cc645d180 JavaThread "jar transforms Thread 9" [_thread_blocked, id=12604, stack(0x0000008976c00000,0x0000008976d00000)]
  0x0000024cc6463670 JavaThread "jar transforms Thread 10" [_thread_blocked, id=12628, stack(0x0000008976d00000,0x0000008976e00000)]
  0x0000024cc6463bc0 JavaThread "jar transforms Thread 11" [_thread_blocked, id=15116, stack(0x0000008976e00000,0x0000008976f00000)]
  0x0000024cc6461be0 JavaThread "jar transforms Thread 12" [_thread_blocked, id=14788, stack(0x0000008976f00000,0x0000008977000000)]
  0x0000024cc645c190 JavaThread "jar transforms Thread 13" [_thread_blocked, id=9860, stack(0x0000008977000000,0x0000008977100000)]
  0x0000024cc6460150 JavaThread "jar transforms Thread 14" [_thread_blocked, id=14072, stack(0x0000008977100000,0x0000008977200000)]
  0x0000024cc645c6e0 JavaThread "jar transforms Thread 15" [_thread_blocked, id=13496, stack(0x0000008977200000,0x0000008977300000)]
  0x0000024cc6461690 JavaThread "jar transforms Thread 16" [_thread_blocked, id=2856, stack(0x0000008977300000,0x0000008977400000)]
  0x0000024cc6460bf0 JavaThread "jar transforms Thread 17" [_thread_blocked, id=232, stack(0x0000008977400000,0x0000008977500000)]
  0x0000024cc64606a0 JavaThread "jar transforms Thread 18" [_thread_blocked, id=14212, stack(0x0000008977500000,0x0000008977600000)]
  0x0000024cc645cc30 JavaThread "jar transforms Thread 19" [_thread_blocked, id=3428, stack(0x0000008977600000,0x0000008977700000)]
  0x0000024cc645dc20 JavaThread "jar transforms Thread 20" [_thread_blocked, id=14636, stack(0x0000008977700000,0x0000008977800000)]
  0x0000024cc645e170 JavaThread "jar transforms Thread 21" [_thread_blocked, id=12328, stack(0x0000008977800000,0x0000008977900000)]
  0x0000024cc9c5a5f0 JavaThread "jar transforms Thread 22" [_thread_blocked, id=2304, stack(0x0000008977900000,0x0000008977a00000)]
  0x0000024cc9c5c080 JavaThread "jar transforms Thread 23" [_thread_blocked, id=1492, stack(0x0000008977a00000,0x0000008977b00000)]
  0x0000024cc9c5b090 JavaThread "jar transforms Thread 24" [_thread_blocked, id=6120, stack(0x0000008977b00000,0x0000008977c00000)]
  0x0000024cc9c5b5e0 JavaThread "jar transforms Thread 25" [_thread_blocked, id=8944, stack(0x0000008977c00000,0x0000008977d00000)]
  0x0000024cc9c60040 JavaThread "jar transforms Thread 26" [_thread_blocked, id=7344, stack(0x0000008977d00000,0x0000008977e00000)]
  0x0000024cc9c5faf0 JavaThread "jar transforms Thread 27" [_thread_blocked, id=8556, stack(0x0000008977e00000,0x0000008977f00000)]
  0x0000024cc9c5cb20 JavaThread "jar transforms Thread 28" [_thread_blocked, id=14228, stack(0x0000008977f00000,0x0000008978000000)]
  0x0000024cc9c5c5d0 JavaThread "jar transforms Thread 29" [_thread_blocked, id=1392, stack(0x0000008978000000,0x0000008978100000)]
  0x0000024cc9c60590 JavaThread "jar transforms Thread 30" [_thread_blocked, id=14088, stack(0x0000008978100000,0x0000008978200000)]
  0x0000024cc9c61580 JavaThread "jar transforms Thread 31" [_thread_blocked, id=2216, stack(0x0000008978200000,0x0000008978300000)]
  0x0000024cc9c61ad0 JavaThread "jar transforms Thread 32" [_thread_blocked, id=11284, stack(0x0000008978300000,0x0000008978400000)]
  0x0000024cc9c5f050 JavaThread "jar transforms Thread 33" [_thread_blocked, id=13616, stack(0x0000008978400000,0x0000008978500000)]
  0x0000024cc9c5eb00 JavaThread "jar transforms Thread 34" [_thread_blocked, id=2488, stack(0x0000008978500000,0x0000008978600000)]
  0x0000024cc9c5ab40 JavaThread "jar transforms Thread 35" [_thread_blocked, id=3364, stack(0x0000008978600000,0x0000008978700000)]
  0x0000024cc9c60ae0 JavaThread "jar transforms Thread 36" [_thread_blocked, id=7604, stack(0x0000008978700000,0x0000008978800000)]
  0x0000024cc9c5d070 JavaThread "jar transforms Thread 37" [_thread_blocked, id=7812, stack(0x0000008978800000,0x0000008978900000)]
  0x0000024cc9c5a0a0 JavaThread "jar transforms Thread 38" [_thread_blocked, id=6896, stack(0x0000008978900000,0x0000008978a00000)]
  0x0000024cc9c5d5c0 JavaThread "jar transforms Thread 39" [_thread_blocked, id=14588, stack(0x0000008978a00000,0x0000008978b00000)]
  0x0000024cc9c5db10 JavaThread "jar transforms Thread 40" [_thread_blocked, id=6032, stack(0x0000008978b00000,0x0000008978c00000)]
  0x0000024cc9c5f5a0 JavaThread "jar transforms Thread 41" [_thread_blocked, id=15100, stack(0x0000008978c00000,0x0000008978d00000)]
  0x0000024cc9c61030 JavaThread "jar transforms Thread 42" [_thread_blocked, id=11900, stack(0x0000008978d00000,0x0000008978e00000)]
  0x0000024cc9c5bb30 JavaThread "jar transforms Thread 43" [_thread_blocked, id=7372, stack(0x0000008978e00000,0x0000008978f00000)]
  0x0000024cc9c5e060 JavaThread "jar transforms Thread 44" [_thread_blocked, id=12516, stack(0x0000008978f00000,0x0000008979000000)]
  0x0000024cc9c5e5b0 JavaThread "jar transforms Thread 45" [_thread_blocked, id=11940, stack(0x0000008979000000,0x0000008979100000)]
  0x0000024ccb153b70 JavaThread "jar transforms Thread 46" [_thread_blocked, id=12212, stack(0x0000008979100000,0x0000008979200000)]
  0x0000024ccb1560a0 JavaThread "jar transforms Thread 47" [_thread_blocked, id=5044, stack(0x0000008979200000,0x0000008979300000)]
  0x0000024ccb14f110 JavaThread "jar transforms Thread 48" [_thread_blocked, id=13488, stack(0x0000008979300000,0x0000008979400000)]
  0x0000024ccb151640 JavaThread "jar transforms Thread 49" [_thread_blocked, id=13252, stack(0x0000008979400000,0x0000008979500000)]
  0x0000024ccb1565f0 JavaThread "jar transforms Thread 50" [_thread_blocked, id=12476, stack(0x0000008979500000,0x0000008979600000)]
  0x0000024ccb154b60 JavaThread "jar transforms Thread 51" [_thread_blocked, id=11360, stack(0x0000008979600000,0x0000008979700000)]
  0x0000024ccb14fbb0 JavaThread "jar transforms Thread 52" [_thread_blocked, id=11488, stack(0x0000008979700000,0x0000008979800000)]
  0x0000024ccb152b80 JavaThread "jar transforms Thread 53" [_thread_blocked, id=12128, stack(0x0000008979800000,0x0000008979900000)]
  0x0000024ccb150650 JavaThread "jar transforms Thread 54" [_thread_blocked, id=14388, stack(0x0000008979900000,0x0000008979a00000)]
  0x0000024ccb154610 JavaThread "jar transforms Thread 55" [_thread_blocked, id=7352, stack(0x0000008979a00000,0x0000008979b00000)]
  0x0000024ccb1550b0 JavaThread "jar transforms Thread 56" [_thread_blocked, id=820, stack(0x0000008979b00000,0x0000008979c00000)]
  0x0000024ccb156b40 JavaThread "jar transforms Thread 57" [_thread_blocked, id=10376, stack(0x0000008979c00000,0x0000008979d00000)]
  0x0000024ccb151b90 JavaThread "jar transforms Thread 58" [_thread_blocked, id=5800, stack(0x0000008979d00000,0x0000008979e00000)]
  0x0000024ccb1520e0 JavaThread "jar transforms Thread 59" [_thread_blocked, id=12460, stack(0x0000008979e00000,0x0000008979f00000)]
  0x0000024ccb155b50 JavaThread "jar transforms Thread 60" [_thread_blocked, id=10276, stack(0x0000008979f00000,0x000000897a000000)]
  0x0000024ccb152630 JavaThread "jar transforms Thread 61" [_thread_blocked, id=11596, stack(0x000000897a000000,0x000000897a100000)]
  0x0000024ccb150100 JavaThread "jar transforms Thread 62" [_thread_blocked, id=12088, stack(0x000000897a100000,0x000000897a200000)]
  0x0000024ccb150ba0 JavaThread "jar transforms Thread 63" [_thread_blocked, id=14068, stack(0x000000897a200000,0x000000897a300000)]
  0x0000024ccb1530d0 JavaThread "jar transforms Thread 64" [_thread_blocked, id=14440, stack(0x000000897a300000,0x000000897a400000)]
  0x0000024ccb14f660 JavaThread "jar transforms Thread 65" [_thread_blocked, id=14240, stack(0x000000897a400000,0x000000897a500000)]
  0x0000024ccb155600 JavaThread "jar transforms Thread 66" [_thread_blocked, id=15324, stack(0x000000897a500000,0x000000897a600000)]
  0x0000024ccb1510f0 JavaThread "jar transforms Thread 67" [_thread_blocked, id=11684, stack(0x000000897a600000,0x000000897a700000)]
  0x0000024ccb153620 JavaThread "jar transforms Thread 68" [_thread_blocked, id=5804, stack(0x000000897a700000,0x000000897a800000)]
  0x0000024ccb1540c0 JavaThread "jar transforms Thread 69" [_thread_blocked, id=14040, stack(0x000000897a800000,0x000000897a900000)]
  0x0000024cc8ad24e0 JavaThread "jar transforms Thread 70" [_thread_blocked, id=7136, stack(0x000000897a900000,0x000000897aa00000)]
  0x0000024cc8ad4a10 JavaThread "jar transforms Thread 71" [_thread_blocked, id=2100, stack(0x000000897aa00000,0x000000897ab00000)]
  0x0000024cc8ad7490 JavaThread "jar transforms Thread 72" [_thread_blocked, id=8080, stack(0x000000897ab00000,0x000000897ac00000)]
  0x0000024cc8ad3a20 JavaThread "jar transforms Thread 73" [_thread_blocked, id=14668, stack(0x000000897ac00000,0x000000897ad00000)]
  0x0000024cc8ad7f30 JavaThread "jar transforms Thread 74" [_thread_blocked, id=11676, stack(0x000000897ad00000,0x000000897ae00000)]
  0x0000024cc8ad5f50 JavaThread "jar transforms Thread 75" [_thread_blocked, id=10296, stack(0x000000897ae00000,0x000000897af00000)]
  0x0000024cc8ad8480 JavaThread "jar transforms Thread 76" [_thread_blocked, id=8840, stack(0x000000897af00000,0x000000897b000000)]
  0x0000024cc8ad5a00 JavaThread "jar transforms Thread 77" [_thread_blocked, id=5812, stack(0x000000897b000000,0x000000897b100000)]
  0x0000024cc8ad64a0 JavaThread "jar transforms Thread 78" [_thread_blocked, id=14136, stack(0x000000897b100000,0x000000897b200000)]
  0x0000024cc8ad69f0 JavaThread "jar transforms Thread 79" [_thread_blocked, id=12196, stack(0x000000897b200000,0x000000897b300000)]
  0x0000024cc8ad2a30 JavaThread "jar transforms Thread 80" [_thread_blocked, id=14020, stack(0x000000897b300000,0x000000897b400000)]
  0x0000024cc8ad0fa0 JavaThread "jar transforms Thread 81" [_thread_blocked, id=3264, stack(0x000000897b400000,0x000000897b500000)]
  0x0000024cc8ad89d0 JavaThread "jar transforms Thread 82" [_thread_blocked, id=13404, stack(0x000000897b500000,0x000000897b600000)]
  0x0000024cc8ad1f90 JavaThread "jar transforms Thread 83" [_thread_blocked, id=13860, stack(0x000000897b600000,0x000000897b700000)]
  0x0000024cc8ad79e0 JavaThread "jar transforms Thread 84" [_thread_blocked, id=12344, stack(0x000000897b700000,0x000000897b800000)]
  0x0000024cc8ad3f70 JavaThread "jar transforms Thread 85" [_thread_blocked, id=1704, stack(0x000000897b800000,0x000000897b900000)]
  0x0000024cc8ad14f0 JavaThread "jar transforms Thread 86" [_thread_blocked, id=11568, stack(0x000000897b900000,0x000000897ba00000)]
  0x0000024cc8ad2f80 JavaThread "jar transforms Thread 87" [_thread_blocked, id=11580, stack(0x000000897ba00000,0x000000897bb00000)]
  0x0000024cc8ad1a40 JavaThread "jar transforms Thread 88" [_thread_blocked, id=12004, stack(0x000000897bb00000,0x000000897bc00000)]
  0x0000024cc8ad34d0 JavaThread "jar transforms Thread 89" [_thread_blocked, id=11812, stack(0x000000897bc00000,0x000000897bd00000)]
  0x0000024cc8ad44c0 JavaThread "jar transforms Thread 90" [_thread_blocked, id=9848, stack(0x000000897bd00000,0x000000897be00000)]
  0x0000024cc8ad6f40 JavaThread "jar transforms Thread 91" [_thread_blocked, id=8656, stack(0x000000897be00000,0x000000897bf00000)]
  0x0000024cc8ad4f60 JavaThread "jar transforms Thread 92" [_thread_blocked, id=12276, stack(0x000000897bf00000,0x000000897c000000)]
  0x0000024cc8ad54b0 JavaThread "jar transforms Thread 93" [_thread_blocked, id=7548, stack(0x000000897c000000,0x000000897c100000)]
  0x0000024cc9838720 JavaThread "jar transforms Thread 94" [_thread_blocked, id=11824, stack(0x000000897c100000,0x000000897c200000)]
  0x0000024cc9838c70 JavaThread "jar transforms Thread 95" [_thread_blocked, id=8160, stack(0x000000897c200000,0x000000897c300000)]
  0x0000024cc983a1b0 JavaThread "jar transforms Thread 96" [_thread_blocked, id=15104, stack(0x000000897c300000,0x000000897c400000)]
  0x0000024cc9834cb0 JavaThread "jar transforms Thread 97" [_thread_blocked, id=11292, stack(0x000000897c400000,0x000000897c500000)]
  0x0000024cc9837c80 JavaThread "jar transforms Thread 98" [_thread_blocked, id=5924, stack(0x000000897c500000,0x000000897c600000)]
  0x0000024cc9834760 JavaThread "jar transforms Thread 99" [_thread_blocked, id=13784, stack(0x000000897c600000,0x000000897c700000)]
  0x0000024cc9836c90 JavaThread "jar transforms Thread 100" [_thread_blocked, id=11664, stack(0x000000897c700000,0x000000897c800000)]
  0x0000024cc9839710 JavaThread "jar transforms Thread 101" [_thread_blocked, id=5252, stack(0x000000897c800000,0x000000897c900000)]
  0x0000024cc9835ca0 JavaThread "jar transforms Thread 102" [_thread_blocked, id=12296, stack(0x000000897c900000,0x000000897ca00000)]
  0x0000024cc9835200 JavaThread "jar transforms Thread 103" [_thread_blocked, id=9304, stack(0x000000897ca00000,0x000000897cb00000)]
  0x0000024cc9833cc0 JavaThread "jar transforms Thread 104" [_thread_blocked, id=1240, stack(0x000000897cb00000,0x000000897cc00000)]
  0x0000024cc9833220 JavaThread "jar transforms Thread 105" [_thread_blocked, id=11164, stack(0x000000897cc00000,0x000000897cd00000)]
  0x0000024cc98361f0 JavaThread "jar transforms Thread 106" [_thread_blocked, id=12744, stack(0x000000897cd00000,0x000000897ce00000)]
  0x0000024cc9837730 JavaThread "jar transforms Thread 107" [_thread_blocked, id=2112, stack(0x000000897ce00000,0x000000897cf00000)]
  0x0000024cc98381d0 JavaThread "jar transforms Thread 108" [_thread_blocked, id=4992, stack(0x000000897cf00000,0x000000897d000000)]
  0x0000024cc9839c60 JavaThread "jar transforms Thread 109" [_thread_blocked, id=14824, stack(0x000000897d000000,0x000000897d100000)]
  0x0000024cc9833770 JavaThread "jar transforms Thread 110" [_thread_blocked, id=13920, stack(0x000000897d100000,0x000000897d200000)]
  0x0000024cc983a700 JavaThread "jar transforms Thread 111" [_thread_blocked, id=3796, stack(0x000000897d200000,0x000000897d300000)]
  0x0000024cc9835750 JavaThread "jar transforms Thread 112" [_thread_blocked, id=8604, stack(0x000000897d300000,0x000000897d400000)]
  0x0000024cc9836740 JavaThread "jar transforms Thread 113" [_thread_blocked, id=14888, stack(0x000000897d400000,0x000000897d500000)]
  0x0000024cc98371e0 JavaThread "jar transforms Thread 114" [_thread_blocked, id=15060, stack(0x000000897d500000,0x000000897d600000)]
  0x0000024cc98391c0 JavaThread "jar transforms Thread 115" [_thread_blocked, id=7952, stack(0x000000897d600000,0x000000897d700000)]
  0x0000024cc9832cd0 JavaThread "jar transforms Thread 116" [_thread_blocked, id=7928, stack(0x000000897d700000,0x000000897d800000)]
  0x0000024cc9834210 JavaThread "jar transforms Thread 117" [_thread_blocked, id=3464, stack(0x000000897d800000,0x000000897d900000)]
  0x0000024cc9c47610 JavaThread "Memory manager" [_thread_blocked, id=8548, stack(0x000000897d900000,0x000000897da00000)]
  0x0000024cc9c44b90 JavaThread "build event listener" [_thread_blocked, id=3260, stack(0x000000897da00000,0x000000897db00000)]
  0x0000024cc9c42bb0 JavaThread "build event listener" [_thread_blocked, id=220, stack(0x000000897db00000,0x000000897dc00000)]
  0x0000024cc9c490a0 JavaThread "Execution worker for ':'" [_thread_blocked, id=4744, stack(0x000000897dc00000,0x000000897dd00000)]
  0x0000024cc9c470c0 JavaThread "Execution worker for ':' Thread 2" [_thread_blocked, id=7884, stack(0x000000897dd00000,0x000000897de00000)]
  0x0000024cc9c440f0 JavaThread "Execution worker for ':' Thread 3" [_thread_blocked, id=12468, stack(0x000000897de00000,0x000000897df00000)]
  0x0000024cc9c42110 JavaThread "Cache worker for execution history cache (C:\Users\MAX\AndroidStudioProjects\AlcoChecker\.gradle\6.7.1\executionHistory)" [_thread_blocked, id=2744, stack(0x000000897df00000,0x000000897e000000)]
  0x0000024cc9c42660 JavaThread "WorkerExecutor Queue" [_thread_blocked, id=14860, stack(0x000000897e200000,0x000000897e300000)]
  0x0000024cc9c47b60 JavaThread "WorkerExecutor Queue Thread 2" [_thread_blocked, id=11612, stack(0x000000897e300000,0x000000897e400000)]
  0x0000024cc9c460d0 JavaThread "WorkerExecutor Queue Thread 3" [_thread_blocked, id=12044, stack(0x000000897e400000,0x000000897e500000)]
  0x0000024cc9c43650 JavaThread "WorkerExecutor Queue Thread 4" [_thread_blocked, id=4264, stack(0x000000897e500000,0x000000897e600000)]
  0x0000024cc9c45630 JavaThread "pool-4-thread-1" [_thread_blocked, id=14932, stack(0x000000897e600000,0x000000897e700000)]
  0x0000024cc9c43ba0 JavaThread "stderr" [_thread_in_native, id=1312, stack(0x000000897e700000,0x000000897e800000)]
  0x0000024cc9c49b40 JavaThread "stdout" [_thread_in_native, id=9548, stack(0x000000897e800000,0x000000897e900000)]
  0x0000024cc5727290 JavaThread "stderr" [_thread_in_native, id=5008, stack(0x000000897e900000,0x000000897ea00000)]
  0x0000024cc57222e0 JavaThread "stdout" [_thread_in_native, id=5736, stack(0x000000897ea00000,0x000000897eb00000)]
  0x0000024cc57277e0 JavaThread "stderr" [_thread_in_native, id=11480, stack(0x000000897eb00000,0x000000897ec00000)]
  0x0000024cc5722830 JavaThread "stdout" [_thread_in_native, id=14276, stack(0x000000897ec00000,0x000000897ed00000)]
  0x0000024cc5728d20 JavaThread "RMI Scheduler(0)" daemon [_thread_blocked, id=12068, stack(0x000000897ed00000,0x000000897ee00000)]
  0x0000024cc5721d90 JavaThread "RMI GC Daemon" daemon [_thread_blocked, id=3992, stack(0x000000897ef00000,0x000000897f000000)]
  0x0000024cc5725800 JavaThread "RMI TCP Accept-0" daemon [_thread_in_native, id=13448, stack(0x000000897f000000,0x000000897f100000)]
  0x0000024cc57297c0 JavaThread "RMI Reaper" [_thread_blocked, id=13500, stack(0x000000897f100000,0x000000897f200000)]
  0x0000024cc57232d0 JavaThread "RMI TCP Connection(3)-127.0.0.1" daemon [_thread_in_native, id=14724, stack(0x000000897f200000,0x000000897f300000)]
  0x0000024cc5723820 JavaThread "RMI RenewClean-[127.0.0.1:17504,org.jetbrains.kotlin.daemon.common.LoopbackNetworkInterface$ClientLoopbackSocketFactory@345808a4]" daemon [_thread_blocked, id=6888, stack(0x000000897f300000,0x000000897f400000)]
  0x0000024cc5723d70 JavaThread "RMI TCP Connection(2)-127.0.0.1" daemon [_thread_in_native, id=15300, stack(0x000000897f400000,0x000000897f500000)]
  0x0000024cc4b69810 JavaThread "C2 CompilerThread1" daemon [_thread_in_native, id=10288, stack(0x000000897e100000,0x000000897e200000)]
  0x0000024cc57242c0 JavaThread "Cache worker for Java compile cache (C:\Users\MAX\AndroidStudioProjects\caches\6.7.1\javaCompile)" [_thread_blocked, id=9864, stack(0x000000897ee00000,0x000000897ef00000)]
  0x0000024cc5729270 JavaThread "Cache worker for Java compile cache (C:\Users\MAX\AndroidStudioProjects\AlcoChecker\.gradle\6.7.1\javaCompile)" [_thread_blocked, id=5036, stack(0x000000897f500000,0x000000897f600000)]

Other Threads:
  0x0000024cc372bba0 VMThread "VM Thread" [stack: 0x0000008973900000,0x0000008973a00000] [id=12132]
  0x0000024cc423e630 WatcherThread [stack: 0x0000008974500000,0x0000008974600000] [id=15228]
  0x0000024ca5f22a10 GCTaskThread "GC Thread#0" [stack: 0x0000008973400000,0x0000008973500000] [id=6884]
  0x0000024cc47d8d00 GCTaskThread "GC Thread#1" [stack: 0x0000008974700000,0x0000008974800000] [id=9012]
  0x0000024cc42756e0 GCTaskThread "GC Thread#2" [stack: 0x0000008974800000,0x0000008974900000] [id=13756]
  0x0000024cc42759f0 GCTaskThread "GC Thread#3" [stack: 0x0000008974900000,0x0000008974a00000] [id=14324]
  0x0000024ca5f33b20 ConcurrentGCThread "G1 Main Marker" [stack: 0x0000008973500000,0x0000008973600000] [id=4360]
  0x0000024ca5f35150 ConcurrentGCThread "G1 Conc#0" [stack: 0x0000008973600000,0x0000008973700000] [id=13688]
  0x0000024cc35d24e0 ConcurrentGCThread "G1 Refine#0" [stack: 0x0000008973700000,0x0000008973800000] [id=14844]
  0x0000024cc816eaf0 ConcurrentGCThread "G1 Refine#1" [stack: 0x0000008974600000,0x0000008974700000] [id=10800]
  0x0000024cc816c3f0 ConcurrentGCThread "G1 Refine#2" [stack: 0x000000897e000000,0x000000897e100000] [id=1280]
  0x0000024cc35d2f60 ConcurrentGCThread "G1 Service" [stack: 0x0000008973800000,0x0000008973900000] [id=12008]

Threads with active compile tasks:
C2 CompilerThread0    20320 15386   !   4       java.nio.file.FileTreeWalker::getAttributes (94 bytes)
C1 CompilerThread0    20320 15409       3       jdk.nio.zipfs.ZipPath::getFileName (5 bytes)
C2 CompilerThread1    20320 15374   !   4       java.nio.file.FileTreeWalker::next (144 bytes)

VM state: not at safepoint (normal execution)

VM Mutex/Monitor currently owned by a thread: None

Heap address: 0x0000000080000000, size: 2048 MB, Compressed Oops mode: 32-bit

CDS archive(s) mapped at: [0x0000000800000000-0x0000000800bb0000-0x0000000800bb0000), size 12255232, SharedBaseAddress: 0x0000000800000000, ArchiveRelocationMode: 0.
Compressed class space mapped at: 0x0000000800c00000-0x0000000840c00000, reserved size: 1073741824
Narrow klass base: 0x0000000800000000, Narrow klass shift: 3, Narrow klass range: 0x100000000

GC Precious Log:
 CPUs: 4 total, 4 available
 Memory: 16342M
 Large Page Support: Disabled
 NUMA Support: Disabled
 Compressed Oops: Enabled (32-bit)
 Heap Region Size: 1M
 Heap Min Capacity: 8M
 Heap Initial Capacity: 256M
 Heap Max Capacity: 2G
 Pre-touch: Disabled
 Parallel Workers: 4
 Concurrent Workers: 1
 Concurrent Refinement Workers: 4
 Periodic GC: Disabled

Heap:
 garbage-first heap   total 229376K, used 110135K [0x0000000080000000, 0x0000000100000000)
  region size 1024K, 20 young (20480K), 1 survivors (1024K)
 Metaspace       used 97500K, committed 98176K, reserved 1138688K
  class space    used 12425K, committed 12800K, reserved 1048576K

Heap Regions: E=young(eden), S=young(survivor), O=old, HS=humongous(starts), HC=humongous(continues), CS=collection set, F=free, OA=open archive, CA=closed archive, TAMS=top-at-mark-start (previous, next)
|   0|0x0000000080000000, 0x0000000080100000, 0x0000000080100000|100%| O|  |TAMS 0x0000000080100000, 0x0000000080000000| Untracked 
|   1|0x0000000080100000, 0x0000000080200000, 0x0000000080200000|100%| O|  |TAMS 0x0000000080200000, 0x0000000080100000| Untracked 
|   2|0x0000000080200000, 0x0000000080300000, 0x0000000080300000|100%| O|  |TAMS 0x0000000080300000, 0x0000000080200000| Untracked 
|   3|0x0000000080300000, 0x0000000080400000, 0x0000000080400000|100%|HS|  |TAMS 0x0000000080400000, 0x0000000080300000| Complete 
|   4|0x0000000080400000, 0x0000000080500000, 0x0000000080500000|100%|HC|  |TAMS 0x0000000080500000, 0x0000000080400000| Complete 
|   5|0x0000000080500000, 0x0000000080600000, 0x0000000080600000|100%|HC|  |TAMS 0x0000000080600000, 0x0000000080500000| Complete 
|   6|0x0000000080600000, 0x0000000080700000, 0x0000000080700000|100%| O|  |TAMS 0x0000000080700000, 0x0000000080600000| Untracked 
|   7|0x0000000080700000, 0x0000000080800000, 0x0000000080800000|100%| O|  |TAMS 0x0000000080800000, 0x0000000080700000| Untracked 
|   8|0x0000000080800000, 0x0000000080900000, 0x0000000080900000|100%| O|  |TAMS 0x0000000080900000, 0x0000000080800000| Untracked 
|   9|0x0000000080900000, 0x0000000080a00000, 0x0000000080a00000|100%| O|  |TAMS 0x0000000080a00000, 0x0000000080900000| Untracked 
|  10|0x0000000080a00000, 0x0000000080b00000, 0x0000000080b00000|100%| O|  |TAMS 0x0000000080b00000, 0x0000000080a00000| Untracked 
|  11|0x0000000080b00000, 0x0000000080c00000, 0x0000000080c00000|100%| O|  |TAMS 0x0000000080c00000, 0x0000000080b00000| Untracked 
|  12|0x0000000080c00000, 0x0000000080d00000, 0x0000000080d00000|100%| O|  |TAMS 0x0000000080d00000, 0x0000000080c00000| Untracked 
|  13|0x0000000080d00000, 0x0000000080e00000, 0x0000000080e00000|100%| O|  |TAMS 0x0000000080e00000, 0x0000000080d00000| Untracked 
|  14|0x0000000080e00000, 0x0000000080f00000, 0x0000000080f00000|100%| O|  |TAMS 0x0000000080f00000, 0x0000000080e00000| Untracked 
|  15|0x0000000080f00000, 0x0000000081000000, 0x0000000081000000|100%| O|  |TAMS 0x0000000081000000, 0x0000000080f00000| Untracked 
|  16|0x0000000081000000, 0x00000000810db600, 0x0000000081100000| 85%| O|  |TAMS 0x00000000810db600, 0x0000000081000000| Untracked 
|  17|0x0000000081100000, 0x0000000081200000, 0x0000000081200000|100%| O|  |TAMS 0x0000000081200000, 0x0000000081100000| Untracked 
|  18|0x0000000081200000, 0x0000000081300000, 0x0000000081300000|100%| O|  |TAMS 0x0000000081300000, 0x0000000081200000| Untracked 
|  19|0x0000000081300000, 0x0000000081400000, 0x0000000081400000|100%| O|  |TAMS 0x0000000081400000, 0x0000000081300000| Untracked 
|  20|0x0000000081400000, 0x0000000081500000, 0x0000000081500000|100%| O|  |TAMS 0x0000000081500000, 0x0000000081400000| Untracked 
|  21|0x0000000081500000, 0x0000000081600000, 0x0000000081600000|100%| O|  |TAMS 0x0000000081600000, 0x0000000081500000| Untracked 
|  22|0x0000000081600000, 0x0000000081700000, 0x0000000081700000|100%| O|  |TAMS 0x0000000081700000, 0x0000000081600000| Untracked 
|  23|0x0000000081700000, 0x0000000081700000, 0x0000000081800000|  0%| F|  |TAMS 0x0000000081700000, 0x0000000081700000| Untracked 
|  24|0x0000000081800000, 0x0000000081900000, 0x0000000081900000|100%|HS|  |TAMS 0x0000000081900000, 0x0000000081800000| Complete 
|  25|0x0000000081900000, 0x0000000081a00000, 0x0000000081a00000|100%|HS|  |TAMS 0x0000000081a00000, 0x0000000081900000| Complete 
|  26|0x0000000081a00000, 0x0000000081b00000, 0x0000000081b00000|100%|HC|  |TAMS 0x0000000081b00000, 0x0000000081a00000| Complete 
|  27|0x0000000081b00000, 0x0000000081c00000, 0x0000000081c00000|100%|HC|  |TAMS 0x0000000081c00000, 0x0000000081b00000| Complete 
|  28|0x0000000081c00000, 0x0000000081d00000, 0x0000000081d00000|100%| O|  |TAMS 0x0000000081d00000, 0x0000000081c00000| Untracked 
|  29|0x0000000081d00000, 0x0000000081e00000, 0x0000000081e00000|100%| O|  |TAMS 0x0000000081e00000, 0x0000000081d00000| Untracked 
|  30|0x0000000081e00000, 0x0000000081f00000, 0x0000000081f00000|100%| O|  |TAMS 0x0000000081f00000, 0x0000000081e00000| Untracked 
|  31|0x0000000081f00000, 0x0000000082000000, 0x0000000082000000|100%| O|  |TAMS 0x0000000082000000, 0x0000000081f00000| Untracked 
|  32|0x0000000082000000, 0x0000000082100000, 0x0000000082100000|100%| O|  |TAMS 0x0000000082100000, 0x0000000082000000| Untracked 
|  33|0x0000000082100000, 0x0000000082200000, 0x0000000082200000|100%| O|  |TAMS 0x0000000082200000, 0x0000000082100000| Untracked 
|  34|0x0000000082200000, 0x0000000082200000, 0x0000000082300000|  0%| F|  |TAMS 0x0000000082200000, 0x0000000082200000| Untracked 
|  35|0x0000000082300000, 0x0000000082400000, 0x0000000082400000|100%| O|  |TAMS 0x0000000082400000, 0x0000000082300000| Untracked 
|  36|0x0000000082400000, 0x0000000082500000, 0x0000000082500000|100%| O|  |TAMS 0x0000000082500000, 0x0000000082400000| Untracked 
|  37|0x0000000082500000, 0x0000000082600000, 0x0000000082600000|100%|HS|  |TAMS 0x0000000082600000, 0x0000000082500000| Complete 
|  38|0x0000000082600000, 0x0000000082700000, 0x0000000082700000|100%|HC|  |TAMS 0x0000000082700000, 0x0000000082600000| Complete 
|  39|0x0000000082700000, 0x0000000082800000, 0x0000000082800000|100%| O|  |TAMS 0x0000000082800000, 0x0000000082700000| Untracked 
|  40|0x0000000082800000, 0x0000000082900000, 0x0000000082900000|100%| O|  |TAMS 0x0000000082900000, 0x0000000082800000| Untracked 
|  41|0x0000000082900000, 0x0000000082a00000, 0x0000000082a00000|100%| O|  |TAMS 0x0000000082a00000, 0x0000000082900000| Untracked 
|  42|0x0000000082a00000, 0x0000000082b00000, 0x0000000082b00000|100%| O|  |TAMS 0x0000000082b00000, 0x0000000082a00000| Untracked 
|  43|0x0000000082b00000, 0x0000000082c00000, 0x0000000082c00000|100%| O|  |TAMS 0x0000000082c00000, 0x0000000082b00000| Untracked 
|  44|0x0000000082c00000, 0x0000000082d00000, 0x0000000082d00000|100%| O|  |TAMS 0x0000000082d00000, 0x0000000082c00000| Untracked 
|  45|0x0000000082d00000, 0x0000000082e00000, 0x0000000082e00000|100%| O|  |TAMS 0x0000000082e00000, 0x0000000082d00000| Untracked 
|  46|0x0000000082e00000, 0x0000000082f00000, 0x0000000082f00000|100%| O|  |TAMS 0x0000000082f00000, 0x0000000082e00000| Untracked 
|  47|0x0000000082f00000, 0x0000000083000000, 0x0000000083000000|100%| O|  |TAMS 0x0000000083000000, 0x0000000082f00000| Untracked 
|  48|0x0000000083000000, 0x0000000083000000, 0x0000000083100000|  0%| F|  |TAMS 0x0000000083000000, 0x0000000083000000| Untracked 
|  49|0x0000000083100000, 0x0000000083200000, 0x0000000083200000|100%| O|  |TAMS 0x0000000083200000, 0x0000000083100000| Untracked 
|  50|0x0000000083200000, 0x0000000083300000, 0x0000000083300000|100%| O|  |TAMS 0x0000000083300000, 0x0000000083200000| Untracked 
|  51|0x0000000083300000, 0x0000000083400000, 0x0000000083400000|100%| O|  |TAMS 0x0000000083400000, 0x0000000083300000| Untracked 
|  52|0x0000000083400000, 0x0000000083500000, 0x0000000083500000|100%| O|  |TAMS 0x0000000083500000, 0x0000000083400000| Untracked 
|  53|0x0000000083500000, 0x0000000083600000, 0x0000000083600000|100%| O|  |TAMS 0x0000000083600000, 0x0000000083500000| Untracked 
|  54|0x0000000083600000, 0x0000000083700000, 0x0000000083700000|100%| O|  |TAMS 0x0000000083700000, 0x0000000083600000| Untracked 
|  55|0x0000000083700000, 0x0000000083800000, 0x0000000083800000|100%| O|  |TAMS 0x0000000083800000, 0x0000000083700000| Untracked 
|  56|0x0000000083800000, 0x0000000083900000, 0x0000000083900000|100%| O|  |TAMS 0x0000000083900000, 0x0000000083800000| Untracked 
|  57|0x0000000083900000, 0x0000000083a00000, 0x0000000083a00000|100%| O|  |TAMS 0x0000000083a00000, 0x0000000083900000| Untracked 
|  58|0x0000000083a00000, 0x0000000083b00000, 0x0000000083b00000|100%| O|  |TAMS 0x0000000083b00000, 0x0000000083a00000| Untracked 
|  59|0x0000000083b00000, 0x0000000083c00000, 0x0000000083c00000|100%| O|  |TAMS 0x0000000083c00000, 0x0000000083b00000| Untracked 
|  60|0x0000000083c00000, 0x0000000083d00000, 0x0000000083d00000|100%| O|  |TAMS 0x0000000083d00000, 0x0000000083c00000| Untracked 
|  61|0x0000000083d00000, 0x0000000083e00000, 0x0000000083e00000|100%| O|  |TAMS 0x0000000083e00000, 0x0000000083d00000| Untracked 
|  62|0x0000000083e00000, 0x0000000083f00000, 0x0000000083f00000|100%| O|  |TAMS 0x0000000083f00000, 0x0000000083e00000| Untracked 
|  63|0x0000000083f00000, 0x0000000084000000, 0x0000000084000000|100%| O|  |TAMS 0x0000000084000000, 0x0000000083f00000| Untracked 
|  64|0x0000000084000000, 0x0000000084100000, 0x0000000084100000|100%| O|  |TAMS 0x0000000084100000, 0x0000000084000000| Untracked 
|  65|0x0000000084100000, 0x0000000084200000, 0x0000000084200000|100%| O|  |TAMS 0x0000000084200000, 0x0000000084100000| Untracked 
|  66|0x0000000084200000, 0x0000000084300000, 0x0000000084300000|100%| O|  |TAMS 0x0000000084300000, 0x0000000084200000| Untracked 
|  67|0x0000000084300000, 0x0000000084400000, 0x0000000084400000|100%| O|  |TAMS 0x0000000084400000, 0x0000000084300000| Untracked 
|  68|0x0000000084400000, 0x0000000084500000, 0x0000000084500000|100%| O|  |TAMS 0x0000000084500000, 0x0000000084400000| Untracked 
|  69|0x0000000084500000, 0x0000000084600000, 0x0000000084600000|100%| O|  |TAMS 0x0000000084500000, 0x0000000084500000| Untracked 
|  70|0x0000000084600000, 0x0000000084700000, 0x0000000084700000|100%| O|  |TAMS 0x0000000084600000, 0x0000000084600000| Untracked 
|  71|0x0000000084700000, 0x0000000084800000, 0x0000000084800000|100%| O|  |TAMS 0x0000000084700000, 0x0000000084700000| Untracked 
|  72|0x0000000084800000, 0x0000000084900000, 0x0000000084900000|100%|HS|  |TAMS 0x0000000084800000, 0x0000000084800000| Complete 
|  73|0x0000000084900000, 0x0000000084a00000, 0x0000000084a00000|100%|HC|  |TAMS 0x0000000084900000, 0x0000000084900000| Complete 
|  74|0x0000000084a00000, 0x0000000084a00000, 0x0000000084b00000|  0%| F|  |TAMS 0x0000000084a00000, 0x0000000084a00000| Untracked 
|  75|0x0000000084b00000, 0x0000000084b00000, 0x0000000084c00000|  0%| F|  |TAMS 0x0000000084b00000, 0x0000000084b00000| Untracked 
|  76|0x0000000084c00000, 0x0000000084c00000, 0x0000000084d00000|  0%| F|  |TAMS 0x0000000084c00000, 0x0000000084c00000| Untracked 
|  77|0x0000000084d00000, 0x0000000084e00000, 0x0000000084e00000|100%| O|  |TAMS 0x0000000084d00000, 0x0000000084d00000| Untracked 
|  78|0x0000000084e00000, 0x0000000084f00000, 0x0000000084f00000|100%| O|  |TAMS 0x0000000084f00000, 0x0000000084e00000| Untracked 
|  79|0x0000000084f00000, 0x0000000084f00000, 0x0000000085000000|  0%| F|  |TAMS 0x0000000084f00000, 0x0000000084f00000| Untracked 
|  80|0x0000000085000000, 0x0000000085000000, 0x0000000085100000|  0%| F|  |TAMS 0x0000000085000000, 0x0000000085000000| Untracked 
|  81|0x0000000085100000, 0x0000000085200000, 0x0000000085200000|100%| O|  |TAMS 0x0000000085200000, 0x0000000085100000| Untracked 
|  82|0x0000000085200000, 0x0000000085300000, 0x0000000085300000|100%| O|  |TAMS 0x0000000085300000, 0x0000000085200000| Untracked 
|  83|0x0000000085300000, 0x0000000085400000, 0x0000000085400000|100%| O|  |TAMS 0x0000000085400000, 0x0000000085300000| Untracked 
|  84|0x0000000085400000, 0x0000000085400000, 0x0000000085500000|  0%| F|  |TAMS 0x0000000085400000, 0x0000000085400000| Untracked 
|  85|0x0000000085500000, 0x0000000085500000, 0x0000000085600000|  0%| F|  |TAMS 0x0000000085500000, 0x0000000085500000| Untracked 
|  86|0x0000000085600000, 0x0000000085700000, 0x0000000085700000|100%| O|  |TAMS 0x0000000085700000, 0x0000000085600000| Untracked 
|  87|0x0000000085700000, 0x0000000085800000, 0x0000000085800000|100%| O|  |TAMS 0x0000000085800000, 0x0000000085700000| Untracked 
|  88|0x0000000085800000, 0x0000000085900000, 0x0000000085900000|100%| O|  |TAMS 0x0000000085800000, 0x0000000085800000| Untracked 
|  89|0x0000000085900000, 0x0000000085a00000, 0x0000000085a00000|100%| O|  |TAMS 0x0000000085a00000, 0x0000000085900000| Untracked 
|  90|0x0000000085a00000, 0x0000000085b00000, 0x0000000085b00000|100%| O|  |TAMS 0x0000000085b00000, 0x0000000085a00000| Untracked 
|  91|0x0000000085b00000, 0x0000000085c00000, 0x0000000085c00000|100%| O|  |TAMS 0x0000000085c00000, 0x0000000085b00000| Untracked 
|  92|0x0000000085c00000, 0x0000000085c00000, 0x0000000085d00000|  0%| F|  |TAMS 0x0000000085c00000, 0x0000000085c00000| Untracked 
|  93|0x0000000085d00000, 0x0000000085d00000, 0x0000000085e00000|  0%| F|  |TAMS 0x0000000085d00000, 0x0000000085d00000| Untracked 
|  94|0x0000000085e00000, 0x0000000085e00000, 0x0000000085f00000|  0%| F|  |TAMS 0x0000000085e00000, 0x0000000085e00000| Untracked 
|  95|0x0000000085f00000, 0x0000000085f00000, 0x0000000086000000|  0%| F|  |TAMS 0x0000000085f00000, 0x0000000085f00000| Untracked 
|  96|0x0000000086000000, 0x0000000086000000, 0x0000000086100000|  0%| F|  |TAMS 0x0000000086000000, 0x0000000086000000| Untracked 
|  97|0x0000000086100000, 0x0000000086200000, 0x0000000086200000|100%| O|  |TAMS 0x0000000086100000, 0x0000000086100000| Untracked 
|  98|0x0000000086200000, 0x0000000086300000, 0x0000000086300000|100%| O|  |TAMS 0x0000000086200000, 0x0000000086200000| Untracked 
|  99|0x0000000086300000, 0x0000000086400000, 0x0000000086400000|100%| O|  |TAMS 0x0000000086300000, 0x0000000086300000| Untracked 
| 100|0x0000000086400000, 0x0000000086400000, 0x0000000086500000|  0%| F|  |TAMS 0x0000000086400000, 0x0000000086400000| Untracked 
| 101|0x0000000086500000, 0x0000000086500000, 0x0000000086600000|  0%| F|  |TAMS 0x0000000086500000, 0x0000000086500000| Untracked 
| 102|0x0000000086600000, 0x0000000086600000, 0x0000000086700000|  0%| F|  |TAMS 0x0000000086600000, 0x0000000086600000| Untracked 
| 103|0x0000000086700000, 0x0000000086800000, 0x0000000086800000|100%| O|  |TAMS 0x0000000086800000, 0x0000000086700000| Untracked 
| 104|0x0000000086800000, 0x0000000086900000, 0x0000000086900000|100%| O|  |TAMS 0x0000000086900000, 0x0000000086800000| Untracked 
| 105|0x0000000086900000, 0x0000000086900000, 0x0000000086a00000|  0%| F|  |TAMS 0x0000000086900000, 0x0000000086900000| Untracked 
| 106|0x0000000086a00000, 0x0000000086a00000, 0x0000000086b00000|  0%| F|  |TAMS 0x0000000086a00000, 0x0000000086a00000| Untracked 
| 107|0x0000000086b00000, 0x0000000086c00000, 0x0000000086c00000|100%| O|  |TAMS 0x0000000086b00000, 0x0000000086b00000| Untracked 
| 108|0x0000000086c00000, 0x0000000086cd2800, 0x0000000086d00000| 82%| O|  |TAMS 0x0000000086c00000, 0x0000000086c00000| Untracked 
| 109|0x0000000086d00000, 0x0000000086d00000, 0x0000000086e00000|  0%| F|  |TAMS 0x0000000086d00000, 0x0000000086d00000| Untracked 
| 110|0x0000000086e00000, 0x0000000086e00000, 0x0000000086f00000|  0%| F|  |TAMS 0x0000000086e00000, 0x0000000086e00000| Untracked 
| 111|0x0000000086f00000, 0x0000000086f00000, 0x0000000087000000|  0%| F|  |TAMS 0x0000000086f00000, 0x0000000086f00000| Untracked 
| 112|0x0000000087000000, 0x0000000087000000, 0x0000000087100000|  0%| F|  |TAMS 0x0000000087000000, 0x0000000087000000| Untracked 
| 113|0x0000000087100000, 0x0000000087100000, 0x0000000087200000|  0%| F|  |TAMS 0x0000000087100000, 0x0000000087100000| Untracked 
| 114|0x0000000087200000, 0x0000000087200000, 0x0000000087300000|  0%| F|  |TAMS 0x0000000087200000, 0x0000000087200000| Untracked 
| 115|0x0000000087300000, 0x0000000087300000, 0x0000000087400000|  0%| F|  |TAMS 0x0000000087300000, 0x0000000087300000| Untracked 
| 116|0x0000000087400000, 0x0000000087400000, 0x0000000087500000|  0%| F|  |TAMS 0x0000000087400000, 0x0000000087400000| Untracked 
| 117|0x0000000087500000, 0x0000000087500000, 0x0000000087600000|  0%| F|  |TAMS 0x0000000087500000, 0x0000000087500000| Untracked 
| 118|0x0000000087600000, 0x0000000087600000, 0x0000000087700000|  0%| F|  |TAMS 0x0000000087600000, 0x0000000087600000| Untracked 
| 119|0x0000000087700000, 0x0000000087700000, 0x0000000087800000|  0%| F|  |TAMS 0x0000000087700000, 0x0000000087700000| Untracked 
| 120|0x0000000087800000, 0x0000000087800000, 0x0000000087900000|  0%| F|  |TAMS 0x0000000087800000, 0x0000000087800000| Untracked 
| 121|0x0000000087900000, 0x0000000087900000, 0x0000000087a00000|  0%| F|  |TAMS 0x0000000087900000, 0x0000000087900000| Untracked 
| 122|0x0000000087a00000, 0x0000000087a00000, 0x0000000087b00000|  0%| F|  |TAMS 0x0000000087a00000, 0x0000000087a00000| Untracked 
| 123|0x0000000087b00000, 0x0000000087b00000, 0x0000000087c00000|  0%| F|  |TAMS 0x0000000087b00000, 0x0000000087b00000| Untracked 
| 124|0x0000000087c00000, 0x0000000087c00000, 0x0000000087d00000|  0%| F|  |TAMS 0x0000000087c00000, 0x0000000087c00000| Untracked 
| 125|0x0000000087d00000, 0x0000000087d00000, 0x0000000087e00000|  0%| F|  |TAMS 0x0000000087d00000, 0x0000000087d00000| Untracked 
| 126|0x0000000087e00000, 0x0000000087e00000, 0x0000000087f00000|  0%| F|  |TAMS 0x0000000087e00000, 0x0000000087e00000| Untracked 
| 127|0x0000000087f00000, 0x0000000087f00000, 0x0000000088000000|  0%| F|  |TAMS 0x0000000087f00000, 0x0000000087f00000| Untracked 
| 128|0x0000000088000000, 0x0000000088000000, 0x0000000088100000|  0%| F|  |TAMS 0x0000000088000000, 0x0000000088000000| Untracked 
| 129|0x0000000088100000, 0x0000000088100000, 0x0000000088200000|  0%| F|  |TAMS 0x0000000088100000, 0x0000000088100000| Untracked 
| 130|0x0000000088200000, 0x0000000088200000, 0x0000000088300000|  0%| F|  |TAMS 0x0000000088200000, 0x0000000088200000| Untracked 
| 131|0x0000000088300000, 0x0000000088300000, 0x0000000088400000|  0%| F|  |TAMS 0x0000000088300000, 0x0000000088300000| Untracked 
| 132|0x0000000088400000, 0x0000000088400000, 0x0000000088500000|  0%| F|  |TAMS 0x0000000088400000, 0x0000000088400000| Untracked 
| 133|0x0000000088500000, 0x0000000088500000, 0x0000000088600000|  0%| F|  |TAMS 0x0000000088500000, 0x0000000088500000| Untracked 
| 134|0x0000000088600000, 0x0000000088600000, 0x0000000088700000|  0%| F|  |TAMS 0x0000000088600000, 0x0000000088600000| Untracked 
| 135|0x0000000088700000, 0x0000000088700000, 0x0000000088800000|  0%| F|  |TAMS 0x0000000088700000, 0x0000000088700000| Untracked 
| 136|0x0000000088800000, 0x0000000088800000, 0x0000000088900000|  0%| F|  |TAMS 0x0000000088800000, 0x0000000088800000| Untracked 
| 137|0x0000000088900000, 0x0000000088900000, 0x0000000088a00000|  0%| F|  |TAMS 0x0000000088900000, 0x0000000088900000| Untracked 
| 138|0x0000000088a00000, 0x0000000088a00000, 0x0000000088b00000|  0%| F|  |TAMS 0x0000000088a00000, 0x0000000088a00000| Untracked 
| 139|0x0000000088b00000, 0x0000000088b00000, 0x0000000088c00000|  0%| F|  |TAMS 0x0000000088b00000, 0x0000000088b00000| Untracked 
| 140|0x0000000088c00000, 0x0000000088c00000, 0x0000000088d00000|  0%| F|  |TAMS 0x0000000088c00000, 0x0000000088c00000| Untracked 
| 141|0x0000000088d00000, 0x0000000088d00000, 0x0000000088e00000|  0%| F|  |TAMS 0x0000000088d00000, 0x0000000088d00000| Untracked 
| 142|0x0000000088e00000, 0x0000000088e00000, 0x0000000088f00000|  0%| F|  |TAMS 0x0000000088e00000, 0x0000000088e00000| Untracked 
| 143|0x0000000088f00000, 0x0000000088f00000, 0x0000000089000000|  0%| F|  |TAMS 0x0000000088f00000, 0x0000000088f00000| Untracked 
| 144|0x0000000089000000, 0x0000000089000000, 0x0000000089100000|  0%| F|  |TAMS 0x0000000089000000, 0x0000000089000000| Untracked 
| 145|0x0000000089100000, 0x0000000089100000, 0x0000000089200000|  0%| F|  |TAMS 0x0000000089100000, 0x0000000089100000| Untracked 
| 146|0x0000000089200000, 0x0000000089200000, 0x0000000089300000|  0%| F|  |TAMS 0x0000000089200000, 0x0000000089200000| Untracked 
| 147|0x0000000089300000, 0x0000000089300000, 0x0000000089400000|  0%| F|  |TAMS 0x0000000089300000, 0x0000000089300000| Untracked 
| 148|0x0000000089400000, 0x0000000089400000, 0x0000000089500000|  0%| F|  |TAMS 0x0000000089400000, 0x0000000089400000| Untracked 
| 149|0x0000000089500000, 0x0000000089500000, 0x0000000089600000|  0%| F|  |TAMS 0x0000000089500000, 0x0000000089500000| Untracked 
| 150|0x0000000089600000, 0x0000000089600000, 0x0000000089700000|  0%| F|  |TAMS 0x0000000089600000, 0x0000000089600000| Untracked 
| 151|0x0000000089700000, 0x0000000089700000, 0x0000000089800000|  0%| F|  |TAMS 0x0000000089700000, 0x0000000089700000| Untracked 
| 152|0x0000000089800000, 0x0000000089800000, 0x0000000089900000|  0%| F|  |TAMS 0x0000000089800000, 0x0000000089800000| Untracked 
| 153|0x0000000089900000, 0x0000000089900000, 0x0000000089a00000|  0%| F|  |TAMS 0x0000000089900000, 0x0000000089900000| Untracked 
| 154|0x0000000089a00000, 0x0000000089a00000, 0x0000000089b00000|  0%| F|  |TAMS 0x0000000089a00000, 0x0000000089a00000| Untracked 
| 155|0x0000000089b00000, 0x0000000089b00000, 0x0000000089c00000|  0%| F|  |TAMS 0x0000000089b00000, 0x0000000089b00000| Untracked 
| 156|0x0000000089c00000, 0x0000000089c00000, 0x0000000089d00000|  0%| F|  |TAMS 0x0000000089c00000, 0x0000000089c00000| Untracked 
| 157|0x0000000089d00000, 0x0000000089d00000, 0x0000000089e00000|  0%| F|  |TAMS 0x0000000089d00000, 0x0000000089d00000| Untracked 
| 158|0x0000000089e00000, 0x0000000089e00000, 0x0000000089f00000|  0%| F|  |TAMS 0x0000000089e00000, 0x0000000089e00000| Untracked 
| 159|0x0000000089f00000, 0x0000000089f00000, 0x000000008a000000|  0%| F|  |TAMS 0x0000000089f00000, 0x0000000089f00000| Untracked 
| 160|0x000000008a000000, 0x000000008a000000, 0x000000008a100000|  0%| F|  |TAMS 0x000000008a000000, 0x000000008a000000| Untracked 
| 161|0x000000008a100000, 0x000000008a100000, 0x000000008a200000|  0%| F|  |TAMS 0x000000008a100000, 0x000000008a100000| Untracked 
| 162|0x000000008a200000, 0x000000008a200000, 0x000000008a300000|  0%| F|  |TAMS 0x000000008a200000, 0x000000008a200000| Untracked 
| 163|0x000000008a300000, 0x000000008a300000, 0x000000008a400000|  0%| F|  |TAMS 0x000000008a300000, 0x000000008a300000| Untracked 
| 164|0x000000008a400000, 0x000000008a400000, 0x000000008a500000|  0%| F|  |TAMS 0x000000008a400000, 0x000000008a400000| Untracked 
| 165|0x000000008a500000, 0x000000008a500000, 0x000000008a600000|  0%| F|  |TAMS 0x000000008a500000, 0x000000008a500000| Untracked 
| 166|0x000000008a600000, 0x000000008a600000, 0x000000008a700000|  0%| F|  |TAMS 0x000000008a600000, 0x000000008a600000| Untracked 
| 167|0x000000008a700000, 0x000000008a700000, 0x000000008a800000|  0%| F|  |TAMS 0x000000008a700000, 0x000000008a700000| Untracked 
| 168|0x000000008a800000, 0x000000008a800000, 0x000000008a900000|  0%| F|  |TAMS 0x000000008a800000, 0x000000008a800000| Untracked 
| 169|0x000000008a900000, 0x000000008a900000, 0x000000008aa00000|  0%| F|  |TAMS 0x000000008a900000, 0x000000008a900000| Untracked 
| 170|0x000000008aa00000, 0x000000008aa00000, 0x000000008ab00000|  0%| F|  |TAMS 0x000000008aa00000, 0x000000008aa00000| Untracked 
| 171|0x000000008ab00000, 0x000000008ab00000, 0x000000008ac00000|  0%| F|  |TAMS 0x000000008ab00000, 0x000000008ab00000| Untracked 
| 172|0x000000008ac00000, 0x000000008ac00000, 0x000000008ad00000|  0%| F|  |TAMS 0x000000008ac00000, 0x000000008ac00000| Untracked 
| 173|0x000000008ad00000, 0x000000008ad00000, 0x000000008ae00000|  0%| F|  |TAMS 0x000000008ad00000, 0x000000008ad00000| Untracked 
| 174|0x000000008ae00000, 0x000000008ae00000, 0x000000008af00000|  0%| F|  |TAMS 0x000000008ae00000, 0x000000008ae00000| Untracked 
| 175|0x000000008af00000, 0x000000008af00000, 0x000000008b000000|  0%| F|  |TAMS 0x000000008af00000, 0x000000008af00000| Untracked 
| 176|0x000000008b000000, 0x000000008b000000, 0x000000008b100000|  0%| F|  |TAMS 0x000000008b000000, 0x000000008b000000| Untracked 
| 177|0x000000008b100000, 0x000000008b100000, 0x000000008b200000|  0%| F|  |TAMS 0x000000008b100000, 0x000000008b100000| Untracked 
| 178|0x000000008b200000, 0x000000008b200000, 0x000000008b300000|  0%| F|  |TAMS 0x000000008b200000, 0x000000008b200000| Untracked 
| 179|0x000000008b300000, 0x000000008b300000, 0x000000008b400000|  0%| F|  |TAMS 0x000000008b300000, 0x000000008b300000| Untracked 
| 180|0x000000008b400000, 0x000000008b400000, 0x000000008b500000|  0%| F|  |TAMS 0x000000008b400000, 0x000000008b400000| Untracked 
| 181|0x000000008b500000, 0x000000008b500000, 0x000000008b600000|  0%| F|  |TAMS 0x000000008b500000, 0x000000008b500000| Untracked 
| 182|0x000000008b600000, 0x000000008b600000, 0x000000008b700000|  0%| F|  |TAMS 0x000000008b600000, 0x000000008b600000| Untracked 
| 183|0x000000008b700000, 0x000000008b700000, 0x000000008b800000|  0%| F|  |TAMS 0x000000008b700000, 0x000000008b700000| Untracked 
| 184|0x000000008b800000, 0x000000008b800000, 0x000000008b900000|  0%| F|  |TAMS 0x000000008b800000, 0x000000008b800000| Untracked 
| 185|0x000000008b900000, 0x000000008b900000, 0x000000008ba00000|  0%| F|  |TAMS 0x000000008b900000, 0x000000008b900000| Untracked 
| 186|0x000000008ba00000, 0x000000008ba00000, 0x000000008bb00000|  0%| F|  |TAMS 0x000000008ba00000, 0x000000008ba00000| Untracked 
| 187|0x000000008bb00000, 0x000000008bb00000, 0x000000008bc00000|  0%| F|  |TAMS 0x000000008bb00000, 0x000000008bb00000| Untracked 
| 188|0x000000008bc00000, 0x000000008bc00000, 0x000000008bd00000|  0%| F|  |TAMS 0x000000008bc00000, 0x000000008bc00000| Untracked 
| 189|0x000000008bd00000, 0x000000008bd00000, 0x000000008be00000|  0%| F|  |TAMS 0x000000008bd00000, 0x000000008bd00000| Untracked 
| 190|0x000000008be00000, 0x000000008be00000, 0x000000008bf00000|  0%| F|  |TAMS 0x000000008be00000, 0x000000008be00000| Untracked 
| 191|0x000000008bf00000, 0x000000008bf00000, 0x000000008c000000|  0%| F|  |TAMS 0x000000008bf00000, 0x000000008bf00000| Untracked 
| 192|0x000000008c000000, 0x000000008c000000, 0x000000008c100000|  0%| F|  |TAMS 0x000000008c000000, 0x000000008c000000| Untracked 
| 193|0x000000008c100000, 0x000000008c100000, 0x000000008c200000|  0%| F|  |TAMS 0x000000008c100000, 0x000000008c100000| Untracked 
| 194|0x000000008c200000, 0x000000008c200000, 0x000000008c300000|  0%| F|  |TAMS 0x000000008c200000, 0x000000008c200000| Untracked 
| 195|0x000000008c300000, 0x000000008c300000, 0x000000008c400000|  0%| F|  |TAMS 0x000000008c300000, 0x000000008c300000| Untracked 
| 196|0x000000008c400000, 0x000000008c400000, 0x000000008c500000|  0%| F|  |TAMS 0x000000008c400000, 0x000000008c400000| Untracked 
| 197|0x000000008c500000, 0x000000008c500000, 0x000000008c600000|  0%| F|  |TAMS 0x000000008c500000, 0x000000008c500000| Untracked 
| 198|0x000000008c600000, 0x000000008c600000, 0x000000008c700000|  0%| F|  |TAMS 0x000000008c600000, 0x000000008c600000| Untracked 
| 199|0x000000008c700000, 0x000000008c700000, 0x000000008c800000|  0%| F|  |TAMS 0x000000008c700000, 0x000000008c700000| Untracked 
| 200|0x000000008c800000, 0x000000008c800000, 0x000000008c900000|  0%| F|  |TAMS 0x000000008c800000, 0x000000008c800000| Untracked 
| 201|0x000000008c900000, 0x000000008c900000, 0x000000008ca00000|  0%| F|  |TAMS 0x000000008c900000, 0x000000008c900000| Untracked 
| 202|0x000000008ca00000, 0x000000008ca00000, 0x000000008cb00000|  0%| F|  |TAMS 0x000000008ca00000, 0x000000008ca00000| Untracked 
| 203|0x000000008cb00000, 0x000000008cb00000, 0x000000008cc00000|  0%| F|  |TAMS 0x000000008cb00000, 0x000000008cb00000| Untracked 
| 204|0x000000008cc00000, 0x000000008cc80800, 0x000000008cd00000| 50%| E|  |TAMS 0x000000008cc00000, 0x000000008cc00000| Complete 
| 205|0x000000008cd00000, 0x000000008ce00000, 0x000000008ce00000|100%| E|CS|TAMS 0x000000008cd00000, 0x000000008cd00000| Complete 
| 206|0x000000008ce00000, 0x000000008cf00000, 0x000000008cf00000|100%| E|CS|TAMS 0x000000008ce00000, 0x000000008ce00000| Complete 
| 207|0x000000008cf00000, 0x000000008d000000, 0x000000008d000000|100%| E|CS|TAMS 0x000000008cf00000, 0x000000008cf00000| Complete 
| 208|0x000000008d000000, 0x000000008d100000, 0x000000008d100000|100%| E|CS|TAMS 0x000000008d000000, 0x000000008d000000| Complete 
| 209|0x000000008d100000, 0x000000008d200000, 0x000000008d200000|100%| E|CS|TAMS 0x000000008d100000, 0x000000008d100000| Complete 
| 210|0x000000008d200000, 0x000000008d300000, 0x000000008d300000|100%| E|CS|TAMS 0x000000008d200000, 0x000000008d200000| Complete 
| 211|0x000000008d300000, 0x000000008d400000, 0x000000008d400000|100%| E|CS|TAMS 0x000000008d300000, 0x000000008d300000| Complete 
| 212|0x000000008d400000, 0x000000008d500000, 0x000000008d500000|100%| E|CS|TAMS 0x000000008d400000, 0x000000008d400000| Complete 
| 213|0x000000008d500000, 0x000000008d600000, 0x000000008d600000|100%| E|CS|TAMS 0x000000008d500000, 0x000000008d500000| Complete 
| 214|0x000000008d600000, 0x000000008d700000, 0x000000008d700000|100%| E|CS|TAMS 0x000000008d600000, 0x000000008d600000| Complete 
| 215|0x000000008d700000, 0x000000008d800000, 0x000000008d800000|100%| E|CS|TAMS 0x000000008d700000, 0x000000008d700000| Complete 
| 216|0x000000008d800000, 0x000000008d900000, 0x000000008d900000|100%| E|CS|TAMS 0x000000008d800000, 0x000000008d800000| Complete 
| 217|0x000000008d900000, 0x000000008da00000, 0x000000008da00000|100%| E|CS|TAMS 0x000000008d900000, 0x000000008d900000| Complete 
| 218|0x000000008da00000, 0x000000008dadfe40, 0x000000008db00000| 87%| S|CS|TAMS 0x000000008da00000, 0x000000008da00000| Complete 
| 219|0x000000008db00000, 0x000000008dc00000, 0x000000008dc00000|100%| E|CS|TAMS 0x000000008db00000, 0x000000008db00000| Complete 
| 220|0x000000008dc00000, 0x000000008dd00000, 0x000000008dd00000|100%| E|CS|TAMS 0x000000008dc00000, 0x000000008dc00000| Complete 
| 221|0x000000008dd00000, 0x000000008de00000, 0x000000008de00000|100%| E|CS|TAMS 0x000000008dd00000, 0x000000008dd00000| Complete 
| 222|0x000000008de00000, 0x000000008df00000, 0x000000008df00000|100%| E|CS|TAMS 0x000000008de00000, 0x000000008de00000| Complete 
| 255|0x000000008ff00000, 0x0000000090000000, 0x0000000090000000|100%| E|CS|TAMS 0x000000008ff00000, 0x000000008ff00000| Complete 

Card table byte_map: [0x0000024cbca50000,0x0000024cbce50000] _byte_map_base: 0x0000024cbc650000

Marking Bits (Prev, Next): (CMBitMap*) 0x0000024ca5f23080, (CMBitMap*) 0x0000024ca5f230c0
 Prev Bits: [0x0000024cbd250000, 0x0000024cbf250000)
 Next Bits: [0x0000024cbf250000, 0x0000024cc1250000)

Polling page: 0x0000024ca3e80000

Metaspace:

Usage:
  Non-class:     83.08 MB used.
      Class:     12.13 MB used.
       Both:     95.22 MB used.

Virtual space:
  Non-class space:       88.00 MB reserved,      83.38 MB ( 95%) committed,  11 nodes.
      Class space:        1.00 GB reserved,      12.50 MB (  1%) committed,  1 nodes.
              Both:        1.09 GB reserved,      95.88 MB (  9%) committed. 

Chunk freelists:
   Non-Class:  144.00 KB
       Class:  3.36 MB
        Both:  3.50 MB

MaxMetaspaceSize: 17179869184.00 GB
CompressedClassSpaceSize: 1.00 GB
 - commit_granule_bytes: 65536.
 - commit_granule_words: 8192.
 - virtual_space_node_default_size: 1048576.
 - enlarge_chunks_in_place: 1.
 - new_chunks_are_fully_committed: 0.
 - uncommit_free_chunks: 1.
 - use_allocation_guard: 0.
 - handle_deallocations: 1.


Internal statistics:

num_allocs_failed_limit: 6.
num_arena_births: 996.
num_arena_deaths: 12.
num_vsnodes_births: 12.
num_vsnodes_deaths: 0.
num_space_committed: 1534.
num_space_uncommitted: 0.
num_chunks_returned_to_freelist: 24.
num_chunks_taken_from_freelist: 4934.
num_chunk_merges: 9.
num_chunk_splits: 3308.
num_chunks_enlarged: 2203.
num_purges: 2.

CodeHeap 'non-profiled nmethods': size=120000Kb used=8796Kb max_used=8796Kb free=111204Kb
 bounds [0x0000024cb5120000, 0x0000024cb59d0000, 0x0000024cbc650000]
CodeHeap 'profiled nmethods': size=120000Kb used=25547Kb max_used=26078Kb free=94452Kb
 bounds [0x0000024cadbf0000, 0x0000024caf5c0000, 0x0000024cb5120000]
CodeHeap 'non-nmethods': size=5760Kb used=2436Kb max_used=2601Kb free=3323Kb
 bounds [0x0000024cad650000, 0x0000024cad8f0000, 0x0000024cadbf0000]
 total_blobs=13923 nmethods=12952 adapters=882
 compilation: enabled
              stopped_count=0, restarted_count=0
 full_count=0

Compilation events (20 events):
Event: 20.197 Thread 0x0000024cc375a200 15397       3       jdk.nio.zipfs.ZipFileSystem$Entry::readExtra (475 bytes)
Event: 20.198 Thread 0x0000024cc375a200 nmethod 15397 0x0000024caf294f90 code [0x0000024caf295320, 0x0000024caf296b98]
Event: 20.198 Thread 0x0000024cc375a200 15396       3       jdk.nio.zipfs.ZipConstants::LOCNAM (7 bytes)
Event: 20.199 Thread 0x0000024cc375a200 nmethod 15396 0x0000024caf09f210 code [0x0000024caf09f3c0, 0x0000024caf09f618]
Event: 20.204 Thread 0x0000024cc375a200 15398       3       java.nio.HeapByteBuffer::put (12 bytes)
Event: 20.204 Thread 0x0000024cc375a200 nmethod 15398 0x0000024caf09e910 code [0x0000024caf09eb00, 0x0000024caf09ef28]
Event: 20.210 Thread 0x0000024cc375a200 15399       3       jdk.nio.zipfs.ZipConstants::locSigAt (8 bytes)
Event: 20.210 Thread 0x0000024cc375a200 nmethod 15399 0x0000024cae77b690 code [0x0000024cae77b840, 0x0000024cae77b968]
Event: 20.210 Thread 0x0000024cc375a200 15400       3       jdk.nio.zipfs.ZipFileSystem$Entry::readLocEXTT (290 bytes)
Event: 20.212 Thread 0x0000024cc375a200 nmethod 15400 0x0000024cae440110 code [0x0000024cae440560, 0x0000024cae4426e8]
Event: 20.235 Thread 0x0000024cc375a200 15402       3       javax.management.ObjectName::getDomainLength (9 bytes)
Event: 20.236 Thread 0x0000024cc375a200 nmethod 15402 0x0000024caed08190 code [0x0000024caed08320, 0x0000024caed08438]
Event: 20.244 Thread 0x0000024cc375a200 15403       3       jdk.nio.zipfs.ZipPath::compareTo (87 bytes)
Event: 20.245 Thread 0x0000024cc375a200 nmethod 15403 0x0000024caf197510 code [0x0000024caf197720, 0x0000024caf197f78]
Event: 20.253 Thread 0x0000024cc375a200 15405       3       jdk.nio.zipfs.ZipPath::equals (38 bytes)
Event: 20.253 Thread 0x0000024cc375a200 nmethod 15405 0x0000024caf1f3690 code [0x0000024caf1f3860, 0x0000024caf1f3da8]
Event: 20.253 Thread 0x0000024cc375a200 15406       3       java.nio.file.SimpleFileVisitor::postVisitDirectory (15 bytes)
Event: 20.253 Thread 0x0000024cc375a200 nmethod 15406 0x0000024caf1f3010 code [0x0000024caf1f31c0, 0x0000024caf1f3488]
Event: 20.272 Thread 0x0000024cc375a200 15407       2       java.util.LinkedHashMap::valuesToArray (38 bytes)
Event: 20.272 Thread 0x0000024cc375a200 nmethod 15407 0x0000024caf251110 code [0x0000024caf2512c0, 0x0000024caf251538]

GC Heap History (20 events):
Event: 12.495 GC heap before
{Heap before GC invocations=42 (full 0):
 garbage-first heap   total 179200K, used 133891K [0x0000000080000000, 0x0000000100000000)
  region size 1024K, 45 young (46080K), 2 survivors (2048K)
 Metaspace       used 77297K, committed 77824K, reserved 1122304K
  class space    used 10171K, committed 10432K, reserved 1048576K
}
Event: 12.501 GC heap after
{Heap after GC invocations=43 (full 0):
 garbage-first heap   total 179200K, used 92885K [0x0000000080000000, 0x0000000100000000)
  region size 1024K, 4 young (4096K), 4 survivors (4096K)
 Metaspace       used 77297K, committed 77824K, reserved 1122304K
  class space    used 10171K, committed 10432K, reserved 1048576K
}
Event: 13.001 GC heap before
{Heap before GC invocations=44 (full 0):
 garbage-first heap   total 179200K, used 136196K [0x0000000080000000, 0x0000000100000000)
  region size 1024K, 48 young (49152K), 4 survivors (4096K)
 Metaspace       used 79172K, committed 79744K, reserved 1122304K
  class space    used 10428K, committed 10688K, reserved 1048576K
}
Event: 13.007 GC heap after
{Heap after GC invocations=45 (full 0):
 garbage-first heap   total 179200K, used 94382K [0x0000000080000000, 0x0000000100000000)
  region size 1024K, 5 young (5120K), 5 survivors (5120K)
 Metaspace       used 79172K, committed 79744K, reserved 1122304K
  class space    used 10428K, committed 10688K, reserved 1048576K
}
Event: 13.036 GC heap before
{Heap before GC invocations=45 (full 0):
 garbage-first heap   total 179200K, used 96430K [0x0000000080000000, 0x0000000100000000)
  region size 1024K, 8 young (8192K), 5 survivors (5120K)
 Metaspace       used 79268K, committed 79808K, reserved 1122304K
  class space    used 10447K, committed 10688K, reserved 1048576K
}
Event: 13.044 GC heap after
{Heap after GC invocations=46 (full 0):
 garbage-first heap   total 215040K, used 81856K [0x0000000080000000, 0x0000000100000000)
  region size 1024K, 1 young (1024K), 1 survivors (1024K)
 Metaspace       used 79268K, committed 79808K, reserved 1122304K
  class space    used 10447K, committed 10688K, reserved 1048576K
}
Event: 14.130 GC heap before
{Heap before GC invocations=46 (full 0):
 garbage-first heap   total 215040K, used 159680K [0x0000000080000000, 0x0000000100000000)
  region size 1024K, 77 young (78848K), 1 survivors (1024K)
 Metaspace       used 81383K, committed 81984K, reserved 1122304K
  class space    used 10663K, committed 11008K, reserved 1048576K
}
Event: 14.140 GC heap after
{Heap after GC invocations=47 (full 0):
 garbage-first heap   total 215040K, used 93754K [0x0000000080000000, 0x0000000100000000)
  region size 1024K, 10 young (10240K), 10 survivors (10240K)
 Metaspace       used 81383K, committed 81984K, reserved 1122304K
  class space    used 10663K, committed 11008K, reserved 1048576K
}
Event: 14.944 GC heap before
{Heap before GC invocations=47 (full 0):
 garbage-first heap   total 215040K, used 172602K [0x0000000080000000, 0x0000000100000000)
  region size 1024K, 78 young (79872K), 10 survivors (10240K)
 Metaspace       used 82333K, committed 82944K, reserved 1122304K
  class space    used 10740K, committed 11072K, reserved 1048576K
}
Event: 14.961 GC heap after
{Heap after GC invocations=48 (full 0):
 garbage-first heap   total 215040K, used 108498K [0x0000000080000000, 0x0000000100000000)
  region size 1024K, 10 young (10240K), 10 survivors (10240K)
 Metaspace       used 82333K, committed 82944K, reserved 1122304K
  class space    used 10740K, committed 11072K, reserved 1048576K
}
Event: 15.219 GC heap before
{Heap before GC invocations=48 (full 0):
 garbage-first heap   total 215040K, used 156626K [0x0000000080000000, 0x0000000100000000)
  region size 1024K, 59 young (60416K), 10 survivors (10240K)
 Metaspace       used 82934K, committed 83584K, reserved 1122304K
  class space    used 10785K, committed 11136K, reserved 1048576K
}
Event: 15.230 GC heap after
{Heap after GC invocations=49 (full 0):
 garbage-first heap   total 215040K, used 113994K [0x0000000080000000, 0x0000000100000000)
  region size 1024K, 6 young (6144K), 6 survivors (6144K)
 Metaspace       used 82934K, committed 83584K, reserved 1122304K
  class space    used 10785K, committed 11136K, reserved 1048576K
}
Event: 15.820 GC heap before
{Heap before GC invocations=50 (full 0):
 garbage-first heap   total 229376K, used 181578K [0x0000000080000000, 0x0000000100000000)
  region size 1024K, 59 young (60416K), 6 survivors (6144K)
 Metaspace       used 85694K, committed 86336K, reserved 1130496K
  class space    used 10977K, committed 11328K, reserved 1048576K
}
Event: 15.828 GC heap after
{Heap after GC invocations=51 (full 0):
 garbage-first heap   total 229376K, used 116396K [0x0000000080000000, 0x0000000100000000)
  region size 1024K, 7 young (7168K), 7 survivors (7168K)
 Metaspace       used 85694K, committed 86336K, reserved 1130496K
  class space    used 10977K, committed 11328K, reserved 1048576K
}
Event: 16.423 GC heap before
{Heap before GC invocations=51 (full 0):
 garbage-first heap   total 229376K, used 179884K [0x0000000080000000, 0x0000000100000000)
  region size 1024K, 69 young (70656K), 7 survivors (7168K)
 Metaspace       used 86527K, committed 87168K, reserved 1130496K
  class space    used 11066K, committed 11392K, reserved 1048576K
}
Event: 16.426 GC heap after
{Heap after GC invocations=52 (full 0):
 garbage-first heap   total 229376K, used 111690K [0x0000000080000000, 0x0000000100000000)
  region size 1024K, 2 young (2048K), 2 survivors (2048K)
 Metaspace       used 86527K, committed 87168K, reserved 1130496K
  class space    used 11066K, committed 11392K, reserved 1048576K
}
Event: 17.945 GC heap before
{Heap before GC invocations=53 (full 0):
 garbage-first heap   total 229376K, used 175178K [0x0000000080000000, 0x0000000100000000)
  region size 1024K, 70 young (71680K), 2 survivors (2048K)
 Metaspace       used 90441K, committed 91072K, reserved 1130496K
  class space    used 11558K, committed 11840K, reserved 1048576K
}
Event: 17.952 GC heap after
{Heap after GC invocations=54 (full 0):
 garbage-first heap   total 229376K, used 108411K [0x0000000080000000, 0x0000000100000000)
  region size 1024K, 6 young (6144K), 6 survivors (6144K)
 Metaspace       used 90441K, committed 91072K, reserved 1130496K
  class space    used 11558K, committed 11840K, reserved 1048576K
}
Event: 19.617 GC heap before
{Heap before GC invocations=54 (full 0):
 garbage-first heap   total 229376K, used 112507K [0x0000000080000000, 0x0000000100000000)
  region size 1024K, 11 young (11264K), 6 survivors (6144K)
 Metaspace       used 90695K, committed 91392K, reserved 1130496K
  class space    used 11602K, committed 11968K, reserved 1048576K
}
Event: 19.625 GC heap after
{Heap after GC invocations=55 (full 0):
 garbage-first heap   total 229376K, used 89655K [0x0000000080000000, 0x0000000100000000)
  region size 1024K, 1 young (1024K), 1 survivors (1024K)
 Metaspace       used 90695K, committed 91392K, reserved 1130496K
  class space    used 11602K, committed 11968K, reserved 1048576K
}

Deoptimization events (20 events):
Event: 20.152 Thread 0x0000024cc52e7600 Uncommon trap: trap_request=0xffffff45 fr.pc=0x0000024cb56a2800 relative=0x00000000000000e0
Event: 20.152 Thread 0x0000024cc52e7600 Uncommon trap: reason=unstable_if action=reinterpret pc=0x0000024cb56a2800 method=jdk.nio.zipfs.ZipConstants.pkSigAt([BIII)Z @ 5 c2
Event: 20.152 Thread 0x0000024cc52e7600 DEOPT PACKING pc=0x0000024cb56a2800 sp=0x00000089752f5bd0
Event: 20.152 Thread 0x0000024cc52e7600 DEOPT UNPACKING pc=0x0000024cad69d72e sp=0x00000089752f5b78 mode 2
Event: 20.152 Thread 0x0000024cc52e7600 Uncommon trap: trap_request=0xffffff45 fr.pc=0x0000024cb569bc8c relative=0x000000000000074c
Event: 20.152 Thread 0x0000024cc52e7600 Uncommon trap: reason=unstable_if action=reinterpret pc=0x0000024cb569bc8c method=jdk.nio.zipfs.ZipPath.getFileName()Ljdk/nio/zipfs/ZipPath; @ 12 c2
Event: 20.152 Thread 0x0000024cc52e7600 DEOPT PACKING pc=0x0000024cb569bc8c sp=0x00000089752f5d40
Event: 20.152 Thread 0x0000024cc52e7600 DEOPT UNPACKING pc=0x0000024cad69d72e sp=0x00000089752f5d08 mode 2
Event: 20.158 Thread 0x0000024cc52e7600 Uncommon trap: trap_request=0xffffff45 fr.pc=0x0000024cb57f1f8c relative=0x00000000000006cc
Event: 20.158 Thread 0x0000024cc52e7600 Uncommon trap: reason=unstable_if action=reinterpret pc=0x0000024cb57f1f8c method=jdk.nio.zipfs.ZipPath.resolve([B)Ljdk/nio/zipfs/ZipPath; @ 24 c2
Event: 20.158 Thread 0x0000024cc52e7600 DEOPT PACKING pc=0x0000024cb57f1f8c sp=0x00000089752f5b00
Event: 20.158 Thread 0x0000024cc52e7600 DEOPT UNPACKING pc=0x0000024cad69d72e sp=0x00000089752f5a58 mode 2
Event: 20.167 Thread 0x0000024cc52e7600 Uncommon trap: trap_request=0xffffff45 fr.pc=0x0000024cb57ef3b8 relative=0x00000000000013d8
Event: 20.167 Thread 0x0000024cc52e7600 Uncommon trap: reason=unstable_if action=reinterpret pc=0x0000024cb57ef3b8 method=jdk.nio.zipfs.ZipFileSystem.makeParentDirs(Ljdk/nio/zipfs/ZipFileSystem$IndexNode;Ljdk/nio/zipfs/ZipFileSystem$IndexNode;)V @ 62 c2
Event: 20.167 Thread 0x0000024cc52e7600 DEOPT PACKING pc=0x0000024cb57ef3b8 sp=0x00000089752f5c10
Event: 20.167 Thread 0x0000024cc52e7600 DEOPT UNPACKING pc=0x0000024cad69d72e sp=0x00000089752f5c08 mode 2
Event: 20.189 Thread 0x0000024cc52e7600 Uncommon trap: trap_request=0xffffff76 fr.pc=0x0000024cb57eaeec relative=0x00000000000001cc
Event: 20.189 Thread 0x0000024cc52e7600 Uncommon trap: reason=predicate action=maybe_recompile pc=0x0000024cb57eaeec method=java.util.LinkedHashMap.valuesToArray([Ljava/lang/Object;)[Ljava/lang/Object; @ 12 c2
Event: 20.189 Thread 0x0000024cc52e7600 DEOPT PACKING pc=0x0000024cb57eaeec sp=0x00000089752f5c00
Event: 20.189 Thread 0x0000024cc52e7600 DEOPT UNPACKING pc=0x0000024cad69d72e sp=0x00000089752f5bb8 mode 2

Classes unloaded (6 events):
Event: 10.415 Thread 0x0000024cc372bba0 Unloading class 0x0000000801519c00 'java/lang/invoke/LambdaForm$DMH+0x0000000801519c00'
Event: 10.415 Thread 0x0000024cc372bba0 Unloading class 0x0000000801519800 'java/lang/invoke/LambdaForm$DMH+0x0000000801519800'
Event: 10.415 Thread 0x0000024cc372bba0 Unloading class 0x0000000801519400 'java/lang/invoke/LambdaForm$DMH+0x0000000801519400'
Event: 10.415 Thread 0x0000024cc372bba0 Unloading class 0x0000000801518c00 'java/lang/invoke/LambdaForm$DMH+0x0000000801518c00'
Event: 10.415 Thread 0x0000024cc372bba0 Unloading class 0x0000000801518800 'java/lang/invoke/LambdaForm$DMH+0x0000000801518800'
Event: 10.415 Thread 0x0000024cc372bba0 Unloading class 0x0000000801518400 'java/lang/invoke/LambdaForm$DMH+0x0000000801518400'

Classes redefined (0 events):
No events

Internal exceptions (20 events):
Event: 17.036 Thread 0x0000024cc52e7600 Exception <a 'java/lang/NoSuchMethodError'{0x000000008beac0b0}: static Lorg/jetbrains/kotlin/daemon/common/LoopbackNetworkInterface$AbstractClientLoopbackSocketFactory;.<clinit>()V> (0x000000008beac0b0) 
thrown [t:\workspace\open\src\hotspot\share\prims\jni.cpp, line 1210]
Event: 17.037 Thread 0x0000024cc52e7600 Exception <a 'java/lang/NoSuchMethodError'{0x000000008bec3768}: static Lorg/jetbrains/kotlin/daemon/common/LoopbackNetworkInterface$ClientLoopbackSocketFactory;.<clinit>()V> (0x000000008bec3768) 
thrown [t:\workspace\open\src\hotspot\share\prims\jni.cpp, line 1210]
Event: 17.047 Thread 0x0000024cc52e7600 Exception <a 'java/lang/NoSuchMethodError'{0x000000008bd1a878}: 'java.lang.Object java.lang.invoke.DirectMethodHandle$Holder.invokeSpecial(java.lang.Object, java.lang.Object, java.lang.Object, int, java.lang.Object, java.lang.Object)'> (0x000000008bd1a878) 
thrown [t:\workspace\open\src\hotspot\share\interpreter\linkResolver.cpp, line 790]
Event: 17.055 Thread 0x0000024cc52e7600 Exception <a 'java/lang/NoSuchMethodError'{0x000000008bd2ba38}: static [Ljava/rmi/server/ObjID;.<clinit>()V> (0x000000008bd2ba38) 
thrown [t:\workspace\open\src\hotspot\share\prims\jni.cpp, line 1210]
Event: 17.057 Thread 0x0000024cc52e7600 Exception <a 'java/lang/NoSuchMethodError'{0x000000008bd7f578}: static [B.<clinit>()V> (0x000000008bd7f578) 
thrown [t:\workspace\open\src\hotspot\share\prims\jni.cpp, line 1210]
Event: 17.062 Thread 0x0000024cc5729270 Exception <a 'java/lang/InterruptedException'{0x000000008bdc42a8}> (0x000000008bdc42a8) 
thrown [t:\workspace\open\src\hotspot\share\runtime\objectMonitor.cpp, line 1705]
Event: 17.062 Thread 0x0000024cc5729270 Exception <a 'java/lang/NoSuchMethodError'{0x000000008bdc5710}: 'java.lang.Object java.lang.invoke.DirectMethodHandle$Holder.invokeSpecial(java.lang.Object, java.lang.Object, int, java.lang.Object, long)'> (0x000000008bdc5710) 
thrown [t:\workspace\open\src\hotspot\share\interpreter\linkResolver.cpp, line 790]
Event: 17.063 Thread 0x0000024cc5729270 Exception <a 'java/lang/NoSuchMethodError'{0x000000008bdcd160}: 'java.lang.Object java.lang.invoke.DirectMethodHandle$Holder.newInvokeSpecial(java.lang.Object, java.lang.Object, int, java.lang.Object, long)'> (0x000000008bdcd160) 
thrown [t:\workspace\open\src\hotspot\share\interpreter\linkResolver.cpp, line 790]
Event: 17.069 Thread 0x0000024cc52e7600 Exception <a 'java/lang/NoSuchMethodError'{0x000000008bdfad88}: static Lorg/jetbrains/kotlin/daemon/common/CompileService$CallResult;.<clinit>()V> (0x000000008bdfad88) 
thrown [t:\workspace\open\src\hotspot\share\prims\jni.cpp, line 1210]
Event: 17.070 Thread 0x0000024cc52e7600 Exception <a 'java/lang/NoSuchMethodError'{0x000000008bc108f0}: static Lorg/jetbrains/kotlin/daemon/common/CompileService$CallResult$Good;.<clinit>()V> (0x000000008bc108f0) 
thrown [t:\workspace\open\src\hotspot\share\prims\jni.cpp, line 1210]
Event: 17.070 Thread 0x0000024cc52e7600 Exception <a 'java/lang/NoSuchMethodError'{0x000000008bc258c8}: static Lorg/jetbrains/kotlin/daemon/common/DaemonJVMOptions;.<clinit>()V> (0x000000008bc258c8) 
thrown [t:\workspace\open\src\hotspot\share\prims\jni.cpp, line 1210]
Event: 17.074 Thread 0x0000024cc52e7600 Exception <a 'java/lang/NoSuchMethodError'{0x000000008bc61e30}: static Lorg/jetbrains/kotlin/daemon/common/CompileService$CallResult$Ok;.<clinit>()V> (0x000000008bc61e30) 
thrown [t:\workspace\open\src\hotspot\share\prims\jni.cpp, line 1210]
Event: 17.093 Thread 0x0000024cc52e7600 Exception <a 'java/lang/NoSuchMethodError'{0x000000008bb991a0}: static [Ljava/lang/Integer;.<clinit>()V> (0x000000008bb991a0) 
thrown [t:\workspace\open\src\hotspot\share\prims\jni.cpp, line 1210]
Event: 17.600 Thread 0x0000024cc52e7600 Exception <a 'java/lang/NoSuchMethodError'{0x000000008ac01f58}: static Lorg/jetbrains/kotlin/gradle/internal/kapt/incremental/ClasspathEntryData;.<clinit>()V> (0x000000008ac01f58) 
thrown [t:\workspace\open\src\hotspot\share\prims\jni.cpp, line 1210]
Event: 17.953 Thread 0x0000024cc5723820 Exception <a 'java/lang/InterruptedException'{0x000000008ff00f50}> (0x000000008ff00f50) 
thrown [t:\workspace\open\src\hotspot\share\runtime\objectMonitor.cpp, line 1705]
Event: 17.956 Thread 0x0000024cc5729270 Implicit null exception at 0x0000024cb528f1e0 to 0x0000024cb528f27c
Event: 19.871 Thread 0x0000024cc52e7600 Exception <a 'java/lang/NoSuchMethodError'{0x000000008db2f5b0}: 'int java.lang.invoke.DirectMethodHandle$Holder.invokeVirtual(java.lang.Object, java.lang.Object, java.lang.Object)'> (0x000000008db2f5b0) 
thrown [t:\workspace\open\src\hotspot\share\interpreter\linkResolver.cpp, line 790]
Event: 19.994 Thread 0x0000024cc52e7600 Exception <a 'java/lang/NoSuchMethodError'{0x000000008d9f3078}: 'int java.lang.invoke.DirectMethodHandle$Holder.invokeVirtual(java.lang.Object, java.lang.Object)'> (0x000000008d9f3078) 
thrown [t:\workspace\open\src\hotspot\share\interpreter\linkResolver.cpp, line 790]
Event: 20.082 Thread 0x0000024cc52e7600 Exception <a 'sun/nio/fs/WindowsException'{0x000000008d6947c0}> (0x000000008d6947c0) 
thrown [t:\workspace\open\src\hotspot\share\prims\jni.cpp, line 579]
Event: 20.082 Thread 0x0000024cc52e7600 Exception <a 'sun/nio/fs/WindowsException'{0x000000008d694a00}> (0x000000008d694a00) 
thrown [t:\workspace\open\src\hotspot\share\prims\jni.cpp, line 579]

Events (20 events):
Event: 20.091 loading class sun/nio/fs/WindowsSecurity
Event: 20.091 loading class sun/nio/fs/WindowsSecurity done
Event: 20.091 loading class sun/nio/fs/WindowsFileStore
Event: 20.091 loading class sun/nio/fs/WindowsFileStore done
Event: 20.094 Executing  VM operation: HandshakeAllThreads
Event: 20.095 Executing  VM operation: HandshakeAllThreads done
Event: 20.095 loading class java/nio/file/AccessDeniedException
Event: 20.095 loading class java/nio/file/AccessDeniedException done
Event: 20.113 loading class java/time/DateTimeException
Event: 20.113 loading class java/time/DateTimeException done
Event: 20.113 loading class java/util/regex/PatternSyntaxException
Event: 20.113 loading class java/util/regex/PatternSyntaxException done
Event: 20.113 loading class java/nio/file/SimpleFileVisitor
Event: 20.113 loading class java/nio/file/SimpleFileVisitor done
Event: 20.115 Executing  VM operation: HandshakeAllThreads
Event: 20.115 Executing  VM operation: HandshakeAllThreads done
Event: 20.115 loading class java/nio/file/ClosedDirectoryStreamException
Event: 20.115 loading class java/nio/file/ClosedDirectoryStreamException done
Event: 20.115 loading class java/nio/file/DirectoryIteratorException
Event: 20.115 loading class java/nio/file/DirectoryIteratorException done


Dynamic libraries:
0x00007ff662930000 - 0x00007ff662940000 	C:\Program Files\Java\jdk-16.0.2\bin\java.exe
0x00007ffd96d70000 - 0x00007ffd96f5d000 	C:\Windows\SYSTEM32\ntdll.dll
0x00007ffd81770000 - 0x00007ffd81785000 	C:\Program Files\Avast Software\Avast\aswhook.dll
0x00007ffd96c00000 - 0x00007ffd96cb3000 	C:\Windows\System32\KERNEL32.DLL
0x00007ffd93cd0000 - 0x00007ffd93f65000 	C:\Windows\System32\KERNELBASE.dll
0x00007ffd93010000 - 0x00007ffd9310a000 	C:\Windows\System32\ucrtbase.dll
0x00007ffd7b2b0000 - 0x00007ffd7b2c9000 	C:\Program Files\Java\jdk-16.0.2\bin\VCRUNTIME140.dll
0x00007ffd7b210000 - 0x00007ffd7b228000 	C:\Program Files\Java\jdk-16.0.2\bin\jli.dll
0x00007ffd94070000 - 0x00007ffd94114000 	C:\Windows\System32\ADVAPI32.dll
0x00007ffd94450000 - 0x00007ffd944ee000 	C:\Windows\System32\msvcrt.dll
0x00007ffd944f0000 - 0x00007ffd9458e000 	C:\Windows\System32\sechost.dll
0x00007ffd95ea0000 - 0x00007ffd95fbf000 	C:\Windows\System32\RPCRT4.dll
0x00007ffd95c40000 - 0x00007ffd95dd8000 	C:\Windows\System32\USER32.dll
0x00007ffd93bf0000 - 0x00007ffd93c10000 	C:\Windows\System32\win32u.dll
0x00007ffd966f0000 - 0x00007ffd96719000 	C:\Windows\System32\GDI32.dll
0x00007ffd92e20000 - 0x00007ffd92fbc000 	C:\Windows\System32\gdi32full.dll
0x00007ffd93c30000 - 0x00007ffd93cd0000 	C:\Windows\System32\msvcp_win.dll
0x00007ffd82e20000 - 0x00007ffd83099000 	C:\Windows\WinSxS\amd64_microsoft.windows.common-controls_6595b64144ccf1df_6.0.17763.2114_none_de6e8966534dbac6\COMCTL32.dll
0x00007ffd94120000 - 0x00007ffd9444d000 	C:\Windows\System32\combase.dll
0x00007ffd93220000 - 0x00007ffd932a2000 	C:\Windows\System32\bcryptPrimitives.dll
0x00007ffd8ee30000 - 0x00007ffd8ee3a000 	C:\Windows\SYSTEM32\VERSION.dll
0x00007ffd96560000 - 0x00007ffd9658e000 	C:\Windows\System32\IMM32.DLL
0x00007ffd817b0000 - 0x00007ffd817bc000 	C:\Program Files\Java\jdk-16.0.2\bin\vcruntime140_1.dll
0x00007ffd6e4f0000 - 0x00007ffd6e581000 	C:\Program Files\Java\jdk-16.0.2\bin\msvcp140.dll
0x00007ffd31c00000 - 0x00007ffd327ab000 	C:\Program Files\Java\jdk-16.0.2\bin\server\jvm.dll
0x00007ffd962b0000 - 0x00007ffd962b8000 	C:\Windows\System32\PSAPI.DLL
0x00007ffd90950000 - 0x00007ffd90974000 	C:\Windows\SYSTEM32\WINMM.dll
0x00007ffd80560000 - 0x00007ffd80569000 	C:\Windows\SYSTEM32\WSOCK32.dll
0x00007ffd96160000 - 0x00007ffd961cd000 	C:\Windows\System32\WS2_32.dll
0x00007ffd90920000 - 0x00007ffd9094d000 	C:\Windows\SYSTEM32\winmmbase.dll
0x00007ffd92fc0000 - 0x00007ffd9300a000 	C:\Windows\System32\cfgmgr32.dll
0x00007ffd92d50000 - 0x00007ffd92d61000 	C:\Windows\System32\kernel.appcore.dll
0x00007ffd7c770000 - 0x00007ffd7c77a000 	C:\Program Files\Java\jdk-16.0.2\bin\jimage.dll
0x00007ffd89700000 - 0x00007ffd898ed000 	C:\Windows\SYSTEM32\DBGHELP.DLL
0x00007ffd896d0000 - 0x00007ffd896fa000 	C:\Windows\SYSTEM32\dbgcore.DLL
0x00007ffd7a600000 - 0x00007ffd7a625000 	C:\Program Files\Java\jdk-16.0.2\bin\java.dll
0x00007ffd94590000 - 0x00007ffd95a89000 	C:\Windows\System32\SHELL32.dll
0x00007ffd962e0000 - 0x00007ffd96388000 	C:\Windows\System32\shcore.dll
0x00007ffd932b0000 - 0x00007ffd939fb000 	C:\Windows\System32\windows.storage.dll
0x00007ffd92d90000 - 0x00007ffd92db4000 	C:\Windows\System32\profapi.dll
0x00007ffd92dc0000 - 0x00007ffd92e1d000 	C:\Windows\System32\powrprof.dll
0x00007ffd96100000 - 0x00007ffd96152000 	C:\Windows\System32\shlwapi.dll
0x00007ffd93c10000 - 0x00007ffd93c27000 	C:\Windows\System32\cryptsp.dll
0x00007ffd7a5e0000 - 0x00007ffd7a5f9000 	C:\Program Files\Java\jdk-16.0.2\bin\net.dll
0x00007ffd8d820000 - 0x00007ffd8d911000 	C:\Windows\SYSTEM32\WINHTTP.dll
0x00007ffd92540000 - 0x00007ffd925a7000 	C:\Windows\system32\mswsock.dll
0x00007ffd75280000 - 0x00007ffd75293000 	C:\Program Files\Java\jdk-16.0.2\bin\nio.dll
0x00007ffd73290000 - 0x00007ffd732a8000 	C:\Program Files\Java\jdk-16.0.2\bin\zip.dll
0x00007ffd7c620000 - 0x00007ffd7c630000 	C:\Program Files\Java\jdk-16.0.2\bin\verify.dll
0x00007ffd81fd0000 - 0x00007ffd81ff7000 	C:\Users\MAX\AndroidStudioProjects\native\fdc75f09e3144964f2cf3f50f0aa648679c211496f362492102eb8c894070792\windows-amd64\native-platform.dll
0x00007ffd5dc60000 - 0x00007ffd5ddf6000 	C:\Users\MAX\AndroidStudioProjects\native\12488b8bf47d2d4c9fbf2f6322a914ad602e24e48041cd04a747c6da556b65c4\windows-amd64\native-platform-file-events.dll
0x00007ffd7ade0000 - 0x00007ffd7ade9000 	C:\Program Files\Java\jdk-16.0.2\bin\management.dll
0x00007ffd79b50000 - 0x00007ffd79b5b000 	C:\Program Files\Java\jdk-16.0.2\bin\management_ext.dll
0x00007ffd920d0000 - 0x00007ffd92103000 	C:\Windows\system32\rsaenh.dll
0x00007ffd93f70000 - 0x00007ffd93f96000 	C:\Windows\System32\bcrypt.dll
0x00007ffd92c80000 - 0x00007ffd92ca9000 	C:\Windows\SYSTEM32\USERENV.dll
0x00007ffd92710000 - 0x00007ffd9271c000 	C:\Windows\SYSTEM32\CRYPTBASE.dll
0x00007ffd92260000 - 0x00007ffd9229d000 	C:\Windows\SYSTEM32\IPHLPAPI.DLL
0x00007ffd960f0000 - 0x00007ffd960f8000 	C:\Windows\System32\NSI.dll
0x00007ffd89c80000 - 0x00007ffd89c96000 	C:\Windows\SYSTEM32\dhcpcsvc6.DLL
0x00007ffd89c60000 - 0x00007ffd89c7c000 	C:\Windows\SYSTEM32\dhcpcsvc.DLL
0x00007ffd922a0000 - 0x00007ffd92366000 	C:\Windows\SYSTEM32\DNSAPI.dll
0x00007ffd8d740000 - 0x00007ffd8d74b000 	C:\Windows\SYSTEM32\WINNSI.DLL
0x00007ffd77cc0000 - 0x00007ffd77cce000 	C:\Program Files\Java\jdk-16.0.2\bin\sunmscapi.dll
0x00007ffd93a00000 - 0x00007ffd93be3000 	C:\Windows\System32\CRYPT32.dll
0x00007ffd92d70000 - 0x00007ffd92d82000 	C:\Windows\System32\MSASN1.dll
0x00007ffd92870000 - 0x00007ffd92896000 	C:\Windows\SYSTEM32\ncrypt.dll
0x00007ffd92830000 - 0x00007ffd9286c000 	C:\Windows\SYSTEM32\NTASN1.dll
0x00007ffd75270000 - 0x00007ffd75277000 	C:\Windows\system32\wshunix.dll
0x00007ffd72430000 - 0x00007ffd72437000 	C:\Program Files\Java\jdk-16.0.2\bin\rmi.dll

dbghelp: loaded successfully - version: 4.0.5 - missing functions: none
symbol engine: initialized successfully - sym options: 0x614 - pdb path: .;C:\Program Files\Java\jdk-16.0.2\bin;C:\Windows\SYSTEM32;C:\Program Files\Avast Software\Avast;C:\Windows\WinSxS\amd64_microsoft.windows.common-controls_6595b64144ccf1df_6.0.17763.2114_none_de6e8966534dbac6;C:\Program Files\Java\jdk-16.0.2\bin\server;C:\Users\MAX\AndroidStudioProjects\native\fdc75f09e3144964f2cf3f50f0aa648679c211496f362492102eb8c894070792\windows-amd64;C:\Users\MAX\AndroidStudioProjects\native\12488b8bf47d2d4c9fbf2f6322a914ad602e24e48041cd04a747c6da556b65c4\windows-amd64

VM Arguments:
jvm_args: --add-opens=java.base/java.util=ALL-UNNAMED --add-opens=java.base/java.lang=ALL-UNNAMED --add-opens=java.base/java.lang.invoke=ALL-UNNAMED --add-opens=java.prefs/java.util.prefs=ALL-UNNAMED -Xmx2048m -Dfile.encoding=UTF-8 -Duser.country=RU -Duser.language=ru -Duser.variant 
java_command: org.gradle.launcher.daemon.bootstrap.GradleDaemon 6.7.1
java_class_path (initial): C:\Users\MAX\AndroidStudioProjects\wrapper\dists\gradle-6.7.1-bin\bwlcbys1h7rz3272sye1xwiv6\gradle-6.7.1\lib\gradle-launcher-6.7.1.jar
Launcher Type: SUN_STANDARD

[Global flags]
     intx CICompilerCount                          = 3                                         {product} {ergonomic}
     uint ConcGCThreads                            = 1                                         {product} {ergonomic}
     uint G1ConcRefinementThreads                  = 4                                         {product} {ergonomic}
   size_t G1HeapRegionSize                         = 1048576                                   {product} {ergonomic}
    uintx GCDrainStackTargetSize                   = 64                                        {product} {ergonomic}
   size_t InitialHeapSize                          = 268435456                                 {product} {ergonomic}
   size_t MarkStackSize                            = 4194304                                   {product} {ergonomic}
   size_t MaxHeapSize                              = 2147483648                                {product} {command line}
   size_t MaxNewSize                               = 1287651328                                {product} {ergonomic}
   size_t MinHeapDeltaBytes                        = 1048576                                   {product} {ergonomic}
   size_t MinHeapSize                              = 8388608                                   {product} {ergonomic}
    uintx NonNMethodCodeHeapSize                   = 5832780                                {pd product} {ergonomic}
    uintx NonProfiledCodeHeapSize                  = 122912730                              {pd product} {ergonomic}
    uintx ProfiledCodeHeapSize                     = 122912730                              {pd product} {ergonomic}
    uintx ReservedCodeCacheSize                    = 251658240                              {pd product} {ergonomic}
     bool SegmentedCodeCache                       = true                                      {product} {ergonomic}
   size_t SoftMaxHeapSize                          = 2147483648                             {manageable} {ergonomic}
     bool UseCompressedClassPointers               = true                           {product lp64_product} {ergonomic}
     bool UseCompressedOops                        = true                           {product lp64_product} {ergonomic}
     bool UseG1GC                                  = true                                      {product} {ergonomic}
     bool UseLargePagesIndividualAllocation        = false                                  {pd product} {ergonomic}

Logging:
Log output configuration:
 #0: stdout all=warning uptime,level,tags
 #1: stderr all=off uptime,level,tags

Environment Variables:
PATH=C:\Program Files\Common Files\Oracle\Java\javapath;C:\Windows\system32;C:\Windows;C:\Windows\System32\Wbem;C:\Windows\System32\WindowsPowerShell\v1.0\;C:\Windows\System32\OpenSSH\;C:\Program Files (x86)\NVIDIA Corporation\PhysX\Common;C:\Program Files\NVIDIA Corporation\NVIDIA NvDLISR;C:\Program Files\Git\cmd;C:\Users\MAX\AppData\Local\Microsoft\WindowsApps
USERNAME=MAX
OS=Windows_NT
PROCESSOR_IDENTIFIER=Intel64 Family 6 Model 158 Stepping 9, GenuineIntel



---------------  S Y S T E M  ---------------

OS:
 Windows 10 , 64 bit Build 17763 (10.0.17763.2090)
OS uptime: 1 days 7:23 hours

CPU: total 4 (initial active 4) (4 cores per cpu, 1 threads per core) family 6 model 158 stepping 9 microcode 0x8e, cx8, cmov, fxsr, mmx, 3dnowpref, sse, sse2, sse3, ssse3, sse4.1, sse4.2, popcnt, lzcnt, tsc, tscinvbit, avx, avx2, aes, erms, clmul, bmi1, bmi2, adx, fma, vzeroupper, clflush, clflushopt

Memory: 4k page, system-wide physical 16342M (5203M free)
TotalPageFile size 17142M (AvailPageFile size 6M)
current process WorkingSet (physical memory assigned to process): 530M, peak: 530M
current process commit charge ("private bytes"): 562M, peak: 564M

vm_info: Java HotSpot(TM) 64-Bit Server VM (16.0.2+7-67) for windows-amd64 JRE (16.0.2+7-67), built on Jun  8 2021 23:24:19 by "mach5one" with MS VC++ 16.7 (VS2019)

END.
