#
# There is insufficient memory for the Java Runtime Environment to continue.
# Native memory allocation (malloc) failed to allocate 1270560 bytes for Chunk::new
# Possible reasons:
#   The system is out of physical RAM or swap space
#   The process is running with CompressedOops enabled, and the Java Heap may be blocking the growth of the native heap
# Possible solutions:
#   Reduce memory load on the system
#   Increase physical memory or swap space
#   Check if swap backing store is full
#   Decrease Java heap size (-Xmx/-Xms)
#   Decrease number of Java threads
#   Decrease Java thread stack sizes (-Xss)
#   Set larger code cache with -XX:ReservedCodeCacheSize=
#   JVM is running with Unscaled Compressed Oops mode in which the Java heap is
#     placed in the first 4GB address space. The Java Heap base address is the
#     maximum limit for the native heap growth. Please use -XX:HeapBaseMinAddress
#     to set the Java Heap base and to place the Java Heap above 4GB virtual address.
# This output file may be truncated or incomplete.
#
#  Out of Memory Error (arena.cpp:195), pid=2428, tid=14324
#
# JRE version: Java(TM) SE Runtime Environment (16.0.2+7) (build 16.0.2+7-67)
# Java VM: Java HotSpot(TM) 64-Bit Server VM (16.0.2+7-67, mixed mode, sharing, tiered, compressed oops, compressed class ptrs, g1 gc, windows-amd64)
# No core dump will be written. Minidumps are not enabled by default on client versions of Windows
#

---------------  S U M M A R Y ------------

Command Line: --add-opens=java.base/java.util=ALL-UNNAMED --add-opens=java.base/java.lang=ALL-UNNAMED --add-opens=java.base/java.lang.invoke=ALL-UNNAMED --add-opens=java.prefs/java.util.prefs=ALL-UNNAMED -Xmx2048m -Dfile.encoding=UTF-8 -Duser.country=RU -Duser.language=ru -Duser.variant org.gradle.launcher.daemon.bootstrap.GradleDaemon 6.7.1

Host: Intel(R) Core(TM) i5-7400 CPU @ 3.00GHz, 4 cores, 15G,  Windows 10 , 64 bit Build 17763 (10.0.17763.2090)
Time: Tue Aug 31 21:32:17 2021 RTZ 2 (зима) elapsed time: 47.649960 seconds (0d 0h 0m 47s)

---------------  T H R E A D  ---------------

Current thread (0x000002bd61d73800):  JavaThread "C2 CompilerThread1" daemon [_thread_in_native, id=14324, stack(0x000000cbb0500000,0x000000cbb0600000)]


Current CompileTask:
C2:  47650 13288       4       org.gradle.api.internal.artifacts.configurations.DefaultConfiguration::collectSuperConfigs (61 bytes)

Stack: [0x000000cbb0500000,0x000000cbb0600000]
Native frames: (J=compiled Java code, j=interpreted, Vv=VM code, C=native code)
V  [jvm.dll+0x6681ca]
V  [jvm.dll+0x7c9e69]
V  [jvm.dll+0x7cb61e]
V  [jvm.dll+0x7cbc73]
V  [jvm.dll+0x242c55]
V  [jvm.dll+0xadeba]
V  [jvm.dll+0xae45c]
V  [jvm.dll+0x35a8d7]
V  [jvm.dll+0x1b9cc1]
V  [jvm.dll+0x215e16]
V  [jvm.dll+0x215100]
V  [jvm.dll+0x1a1beb]
V  [jvm.dll+0x225158]
V  [jvm.dll+0x22319c]
V  [jvm.dll+0x77fa62]
V  [jvm.dll+0x7795aa]
V  [jvm.dll+0x667066]
C  [ucrtbase.dll+0x2268a]
C  [KERNEL32.DLL+0x17974]
C  [ntdll.dll+0x5a2f1]


---------------  P R O C E S S  ---------------

Threads class SMR info:
_java_thread_list=0x000002bd66c479b0, length=155, elements={
0x000002bd431a3e10, 0x000002bd609ec360, 0x000002bd609eef70, 0x000002bd60a00ab0,
0x000002bd60a014c0, 0x000002bd60a06bb0, 0x000002bd60a0a090, 0x000002bd60a145e0,
0x000002bd60a16760, 0x000002bd60a2a4a0, 0x000002bd61534d20, 0x000002bd6153e880,
0x000002bd627883a0, 0x000002bd63c52a60, 0x000002bd6378cda0, 0x000002bd62d88d50,
0x000002bd63b95010, 0x000002bd6277bab0, 0x000002bd6277a570, 0x000002bd62779580,
0x000002bd6277c550, 0x000002bd62779ad0, 0x000002bd6535d5a0, 0x000002bd6535d050,
0x000002bd65360020, 0x000002bd65361010, 0x000002bd65363a90, 0x000002bd6535c060,
0x000002bd6535c5b0, 0x000002bd65361ab0, 0x000002bd65360570, 0x000002bd65362550,
0x000002bd6535cb00, 0x000002bd6535daf0, 0x000002bd65362000, 0x000002bd6535f580,
0x000002bd6535fad0, 0x000002bd65362aa0, 0x000002bd65360ac0, 0x000002bd65361560,
0x000002bd6535e040, 0x000002bd6535eae0, 0x000002bd6345cb10, 0x000002bd650ce100,
0x000002bd650d3600, 0x000002bd650d0b80, 0x000002bd650d5090, 0x000002bd650d10d0,
0x000002bd650d1620, 0x000002bd650cfb90, 0x000002bd650ceba0, 0x000002bd650d00e0,
0x000002bd650ce650, 0x000002bd650cf0f0, 0x000002bd650cf640, 0x000002bd650d0630,
0x000002bd650d1b70, 0x000002bd650d20c0, 0x000002bd650d2610, 0x000002bd650d2b60,
0x000002bd650d3b50, 0x000002bd650d40a0, 0x000002bd650d45f0, 0x000002bd650d4b40,
0x000002bd66ebac90, 0x000002bd66eb8210, 0x000002bd66ebb1e0, 0x000002bd66eb9750,
0x000002bd66eb8760, 0x000002bd66ebb730, 0x000002bd66ebbc80, 0x000002bd66ebc1d0,
0x000002bd66eb8cb0, 0x000002bd66ebc720, 0x000002bd66eba1f0, 0x000002bd66ebcc70,
0x000002bd66ebdc60, 0x000002bd66ebec50, 0x000002bd66ebd1c0, 0x000002bd66ebe1b0,
0x000002bd66eb9ca0, 0x000002bd66ebd710, 0x000002bd66ebe700, 0x000002bd66ebf1a0,
0x000002bd66ebf6f0, 0x000002bd66eba740, 0x000002bd66ebfc40, 0x000002bd66eb9200,
0x000002bd66fa4050, 0x000002bd66fa4af0, 0x000002bd66fa05e0, 0x000002bd66fa7ac0,
0x000002bd66fa6030, 0x000002bd66fa1080, 0x000002bd66fa3060, 0x000002bd66fa0b30,
0x000002bd66fa45a0, 0x000002bd66fa25c0, 0x000002bd66fa5040, 0x000002bd66fa6580,
0x000002bd66fa5590, 0x000002bd66fa2b10, 0x000002bd66fa2070, 0x000002bd66fa5ae0,
0x000002bd66fa3b00, 0x000002bd66fa6ad0, 0x000002bd66fa7020, 0x000002bd66fa7570,
0x000002bd66fa15d0, 0x000002bd66fa0090, 0x000002bd66fa1b20, 0x000002bd66fa35b0,
0x000002bd67e349f0, 0x000002bd67e2ea50, 0x000002bd67e2d510, 0x000002bd67e2efa0,
0x000002bd67e324c0, 0x000002bd67e2f4f0, 0x000002bd67e2cfc0, 0x000002bd67e2e500,
0x000002bd67e2da60, 0x000002bd67e32f60, 0x000002bd67e2fa40, 0x000002bd67e314d0,
0x000002bd67e2ff90, 0x000002bd67e2dfb0, 0x000002bd67e334b0, 0x000002bd67e33f50,
0x000002bd67e304e0, 0x000002bd67e30a30, 0x000002bd67e30f80, 0x000002bd67e31a20,
0x000002bd67e31f70, 0x000002bd67e32a10, 0x000002bd67e33a00, 0x000002bd67e344a0,
0x000002bd67e195a0, 0x000002bd67e19af0, 0x000002bd67e18b00, 0x000002bd67e1b580,
0x000002bd66e74340, 0x000002bd6277aac0, 0x000002bd6277c000, 0x000002bd62779030,
0x000002bd6277a020, 0x000002bd6277b010, 0x000002bd62ff3af0, 0x000002bd62ff4590,
0x000002bd62ff2b00, 0x000002bd61d73800, 0x000002bd62ff4ae0, 0x000002bd67e19050,
0x000002bd67e1e000, 0x000002bd67e1bad0, 0x000002bd67e1cac0
}

Java Threads: ( => current thread )
  0x000002bd431a3e10 JavaThread "main" [_thread_blocked, id=14076, stack(0x000000cbac800000,0x000000cbac900000)]
  0x000002bd609ec360 JavaThread "Reference Handler" daemon [_thread_blocked, id=7140, stack(0x000000cbacf00000,0x000000cbad000000)]
  0x000002bd609eef70 JavaThread "Finalizer" daemon [_thread_blocked, id=13456, stack(0x000000cbad000000,0x000000cbad100000)]
  0x000002bd60a00ab0 JavaThread "Signal Dispatcher" daemon [_thread_blocked, id=7008, stack(0x000000cbad100000,0x000000cbad200000)]
  0x000002bd60a014c0 JavaThread "Attach Listener" daemon [_thread_blocked, id=12156, stack(0x000000cbad200000,0x000000cbad300000)]
  0x000002bd60a06bb0 JavaThread "Service Thread" daemon [_thread_blocked, id=14848, stack(0x000000cbad300000,0x000000cbad400000)]
  0x000002bd60a0a090 JavaThread "Monitor Deflation Thread" daemon [_thread_blocked, id=12024, stack(0x000000cbad400000,0x000000cbad500000)]
  0x000002bd60a145e0 JavaThread "C2 CompilerThread0" daemon [_thread_in_native, id=15164, stack(0x000000cbad500000,0x000000cbad600000)]
  0x000002bd60a16760 JavaThread "C1 CompilerThread0" daemon [_thread_blocked, id=2680, stack(0x000000cbad600000,0x000000cbad700000)]
  0x000002bd60a2a4a0 JavaThread "Sweeper thread" daemon [_thread_blocked, id=14288, stack(0x000000cbad700000,0x000000cbad800000)]
  0x000002bd61534d20 JavaThread "Common-Cleaner" daemon [_thread_blocked, id=13344, stack(0x000000cbad800000,0x000000cbad900000)]
  0x000002bd6153e880 JavaThread "Notification Thread" daemon [_thread_blocked, id=7100, stack(0x000000cbad900000,0x000000cbada00000)]
  0x000002bd627883a0 JavaThread "Daemon health stats" [_thread_blocked, id=11660, stack(0x000000cbadf00000,0x000000cbae000000)]
  0x000002bd63c52a60 JavaThread "Incoming local TCP Connector on port 61584" [_thread_in_native, id=1160, stack(0x000000cbae200000,0x000000cbae300000)]
  0x000002bd6378cda0 JavaThread "Daemon periodic checks" [_thread_blocked, id=10904, stack(0x000000cbae300000,0x000000cbae400000)]
  0x000002bd62d88d50 JavaThread "Daemon" [_thread_blocked, id=3412, stack(0x000000cbae400000,0x000000cbae500000)]
  0x000002bd63b95010 JavaThread "Daemon worker" [_thread_in_vm, id=5536, stack(0x000000cbae700000,0x000000cbae800000)]
  0x000002bd6277bab0 JavaThread "Cache worker for file hash cache (C:\Users\MAX\AndroidStudioProjects\caches\6.7.1\fileHashes)" [_thread_blocked, id=14280, stack(0x000000cbaeb00000,0x000000cbaec00000)]
  0x000002bd6277a570 JavaThread "File lock request listener" [_thread_in_native, id=7916, stack(0x000000cbaec00000,0x000000cbaed00000)]
  0x000002bd62779580 JavaThread "Cache worker for journal cache (C:\Users\MAX\AndroidStudioProjects\caches\journal-1)" [_thread_blocked, id=3696, stack(0x000000cbaed00000,0x000000cbaee00000)]
  0x000002bd6277c550 JavaThread "jar transforms" [_thread_blocked, id=12072, stack(0x000000cbaef00000,0x000000cbaf000000)]
  0x000002bd62779ad0 JavaThread "jar transforms Thread 2" [_thread_blocked, id=11476, stack(0x000000cbaf000000,0x000000cbaf100000)]
  0x000002bd6535d5a0 JavaThread "jar transforms Thread 3" [_thread_blocked, id=10992, stack(0x000000cbaf100000,0x000000cbaf200000)]
  0x000002bd6535d050 JavaThread "jar transforms Thread 4" [_thread_blocked, id=11748, stack(0x000000cbaf200000,0x000000cbaf300000)]
  0x000002bd65360020 JavaThread "jar transforms Thread 5" [_thread_blocked, id=5460, stack(0x000000cbaf300000,0x000000cbaf400000)]
  0x000002bd65361010 JavaThread "jar transforms Thread 6" [_thread_blocked, id=4804, stack(0x000000cbaf400000,0x000000cbaf500000)]
  0x000002bd65363a90 JavaThread "jar transforms Thread 7" [_thread_blocked, id=15248, stack(0x000000cbaf500000,0x000000cbaf600000)]
  0x000002bd6535c060 JavaThread "jar transforms Thread 8" [_thread_blocked, id=11152, stack(0x000000cbaf600000,0x000000cbaf700000)]
  0x000002bd6535c5b0 JavaThread "jar transforms Thread 9" [_thread_blocked, id=13716, stack(0x000000cbaf700000,0x000000cbaf800000)]
  0x000002bd65361ab0 JavaThread "jar transforms Thread 10" [_thread_blocked, id=12160, stack(0x000000cbaf800000,0x000000cbaf900000)]
  0x000002bd65360570 JavaThread "jar transforms Thread 11" [_thread_blocked, id=12600, stack(0x000000cbaf900000,0x000000cbafa00000)]
  0x000002bd65362550 JavaThread "jar transforms Thread 12" [_thread_blocked, id=13320, stack(0x000000cbafa00000,0x000000cbafb00000)]
  0x000002bd6535cb00 JavaThread "jar transforms Thread 13" [_thread_blocked, id=716, stack(0x000000cbafb00000,0x000000cbafc00000)]
  0x000002bd6535daf0 JavaThread "jar transforms Thread 14" [_thread_blocked, id=12716, stack(0x000000cbafc00000,0x000000cbafd00000)]
  0x000002bd65362000 JavaThread "jar transforms Thread 15" [_thread_blocked, id=7320, stack(0x000000cbafd00000,0x000000cbafe00000)]
  0x000002bd6535f580 JavaThread "jar transforms Thread 16" [_thread_blocked, id=11288, stack(0x000000cbafe00000,0x000000cbaff00000)]
  0x000002bd6535fad0 JavaThread "jar transforms Thread 17" [_thread_blocked, id=14248, stack(0x000000cbaff00000,0x000000cbb0000000)]
  0x000002bd65362aa0 JavaThread "jar transforms Thread 18" [_thread_blocked, id=9028, stack(0x000000cbb0000000,0x000000cbb0100000)]
  0x000002bd65360ac0 JavaThread "jar transforms Thread 19" [_thread_blocked, id=8848, stack(0x000000cbb0100000,0x000000cbb0200000)]
  0x000002bd65361560 JavaThread "jar transforms Thread 20" [_thread_blocked, id=12104, stack(0x000000cbb0200000,0x000000cbb0300000)]
  0x000002bd6535e040 JavaThread "jar transforms Thread 21" [_thread_blocked, id=10880, stack(0x000000cbb0300000,0x000000cbb0400000)]
  0x000002bd6535eae0 JavaThread "Cache worker for execution history cache (C:\Users\MAX\AndroidStudioProjects\caches\6.7.1\executionHistory)" [_thread_blocked, id=11796, stack(0x000000cbb0700000,0x000000cbb0800000)]
  0x000002bd6345cb10 JavaThread "Cache worker for file content cache (C:\Users\MAX\AndroidStudioProjects\caches\6.7.1\fileContent)" [_thread_blocked, id=14160, stack(0x000000cbb0800000,0x000000cbb0900000)]
  0x000002bd650ce100 JavaThread "jar transforms Thread 22" [_thread_blocked, id=14468, stack(0x000000cbb1000000,0x000000cbb1100000)]
  0x000002bd650d3600 JavaThread "jar transforms Thread 23" [_thread_blocked, id=10908, stack(0x000000cbb1100000,0x000000cbb1200000)]
  0x000002bd650d0b80 JavaThread "jar transforms Thread 24" [_thread_blocked, id=13416, stack(0x000000cbb1200000,0x000000cbb1300000)]
  0x000002bd650d5090 JavaThread "jar transforms Thread 25" [_thread_blocked, id=7460, stack(0x000000cbb1300000,0x000000cbb1400000)]
  0x000002bd650d10d0 JavaThread "jar transforms Thread 26" [_thread_blocked, id=7784, stack(0x000000cbb1400000,0x000000cbb1500000)]
  0x000002bd650d1620 JavaThread "jar transforms Thread 27" [_thread_blocked, id=12192, stack(0x000000cbb1500000,0x000000cbb1600000)]
  0x000002bd650cfb90 JavaThread "jar transforms Thread 28" [_thread_blocked, id=4548, stack(0x000000cbb1600000,0x000000cbb1700000)]
  0x000002bd650ceba0 JavaThread "jar transforms Thread 29" [_thread_blocked, id=11616, stack(0x000000cbb1700000,0x000000cbb1800000)]
  0x000002bd650d00e0 JavaThread "jar transforms Thread 30" [_thread_blocked, id=15180, stack(0x000000cbb1800000,0x000000cbb1900000)]
  0x000002bd650ce650 JavaThread "jar transforms Thread 31" [_thread_blocked, id=11836, stack(0x000000cbb1900000,0x000000cbb1a00000)]
  0x000002bd650cf0f0 JavaThread "jar transforms Thread 32" [_thread_blocked, id=2940, stack(0x000000cbb1a00000,0x000000cbb1b00000)]
  0x000002bd650cf640 JavaThread "jar transforms Thread 33" [_thread_blocked, id=12236, stack(0x000000cbb1b00000,0x000000cbb1c00000)]
  0x000002bd650d0630 JavaThread "jar transforms Thread 34" [_thread_blocked, id=9664, stack(0x000000cbb1c00000,0x000000cbb1d00000)]
  0x000002bd650d1b70 JavaThread "jar transforms Thread 35" [_thread_blocked, id=1448, stack(0x000000cbb1d00000,0x000000cbb1e00000)]
  0x000002bd650d20c0 JavaThread "jar transforms Thread 36" [_thread_blocked, id=6348, stack(0x000000cbb1e00000,0x000000cbb1f00000)]
  0x000002bd650d2610 JavaThread "jar transforms Thread 37" [_thread_blocked, id=9432, stack(0x000000cbb1f00000,0x000000cbb2000000)]
  0x000002bd650d2b60 JavaThread "jar transforms Thread 38" [_thread_blocked, id=2712, stack(0x000000cbb2000000,0x000000cbb2100000)]
  0x000002bd650d3b50 JavaThread "jar transforms Thread 39" [_thread_blocked, id=12200, stack(0x000000cbb2100000,0x000000cbb2200000)]
  0x000002bd650d40a0 JavaThread "jar transforms Thread 40" [_thread_blocked, id=1124, stack(0x000000cbb2200000,0x000000cbb2300000)]
  0x000002bd650d45f0 JavaThread "jar transforms Thread 41" [_thread_blocked, id=12916, stack(0x000000cbb2300000,0x000000cbb2400000)]
  0x000002bd650d4b40 JavaThread "jar transforms Thread 42" [_thread_blocked, id=14112, stack(0x000000cbb2400000,0x000000cbb2500000)]
  0x000002bd66ebac90 JavaThread "jar transforms Thread 43" [_thread_blocked, id=10516, stack(0x000000cbb2500000,0x000000cbb2600000)]
  0x000002bd66eb8210 JavaThread "jar transforms Thread 44" [_thread_blocked, id=15264, stack(0x000000cbb2600000,0x000000cbb2700000)]
  0x000002bd66ebb1e0 JavaThread "jar transforms Thread 45" [_thread_blocked, id=13892, stack(0x000000cbb2700000,0x000000cbb2800000)]
  0x000002bd66eb9750 JavaThread "jar transforms Thread 46" [_thread_blocked, id=8128, stack(0x000000cbb2800000,0x000000cbb2900000)]
  0x000002bd66eb8760 JavaThread "jar transforms Thread 47" [_thread_blocked, id=6924, stack(0x000000cbb2900000,0x000000cbb2a00000)]
  0x000002bd66ebb730 JavaThread "jar transforms Thread 48" [_thread_blocked, id=13672, stack(0x000000cbb2a00000,0x000000cbb2b00000)]
  0x000002bd66ebbc80 JavaThread "jar transforms Thread 49" [_thread_blocked, id=4900, stack(0x000000cbb2b00000,0x000000cbb2c00000)]
  0x000002bd66ebc1d0 JavaThread "jar transforms Thread 50" [_thread_blocked, id=8168, stack(0x000000cbb2c00000,0x000000cbb2d00000)]
  0x000002bd66eb8cb0 JavaThread "jar transforms Thread 51" [_thread_blocked, id=12020, stack(0x000000cbb2d00000,0x000000cbb2e00000)]
  0x000002bd66ebc720 JavaThread "jar transforms Thread 52" [_thread_blocked, id=12052, stack(0x000000cbb2e00000,0x000000cbb2f00000)]
  0x000002bd66eba1f0 JavaThread "jar transforms Thread 53" [_thread_blocked, id=14176, stack(0x000000cbb2f00000,0x000000cbb3000000)]
  0x000002bd66ebcc70 JavaThread "jar transforms Thread 54" [_thread_blocked, id=7488, stack(0x000000cbb3000000,0x000000cbb3100000)]
  0x000002bd66ebdc60 JavaThread "jar transforms Thread 55" [_thread_blocked, id=13068, stack(0x000000cbb3100000,0x000000cbb3200000)]
  0x000002bd66ebec50 JavaThread "jar transforms Thread 56" [_thread_blocked, id=13492, stack(0x000000cbb3200000,0x000000cbb3300000)]
  0x000002bd66ebd1c0 JavaThread "jar transforms Thread 57" [_thread_blocked, id=4672, stack(0x000000cbb3300000,0x000000cbb3400000)]
  0x000002bd66ebe1b0 JavaThread "jar transforms Thread 58" [_thread_blocked, id=10920, stack(0x000000cbb3400000,0x000000cbb3500000)]
  0x000002bd66eb9ca0 JavaThread "jar transforms Thread 59" [_thread_blocked, id=12148, stack(0x000000cbb3500000,0x000000cbb3600000)]
  0x000002bd66ebd710 JavaThread "jar transforms Thread 60" [_thread_blocked, id=14516, stack(0x000000cbb3600000,0x000000cbb3700000)]
  0x000002bd66ebe700 JavaThread "jar transforms Thread 61" [_thread_blocked, id=11872, stack(0x000000cbb3700000,0x000000cbb3800000)]
  0x000002bd66ebf1a0 JavaThread "jar transforms Thread 62" [_thread_blocked, id=15336, stack(0x000000cbb3800000,0x000000cbb3900000)]
  0x000002bd66ebf6f0 JavaThread "jar transforms Thread 63" [_thread_blocked, id=14656, stack(0x000000cbb3900000,0x000000cbb3a00000)]
  0x000002bd66eba740 JavaThread "jar transforms Thread 64" [_thread_blocked, id=15056, stack(0x000000cbb3a00000,0x000000cbb3b00000)]
  0x000002bd66ebfc40 JavaThread "jar transforms Thread 65" [_thread_blocked, id=14360, stack(0x000000cbb3b00000,0x000000cbb3c00000)]
  0x000002bd66eb9200 JavaThread "jar transforms Thread 66" [_thread_blocked, id=9608, stack(0x000000cbb3c00000,0x000000cbb3d00000)]
  0x000002bd66fa4050 JavaThread "jar transforms Thread 67" [_thread_blocked, id=2968, stack(0x000000cbb3d00000,0x000000cbb3e00000)]
  0x000002bd66fa4af0 JavaThread "jar transforms Thread 68" [_thread_blocked, id=7484, stack(0x000000cbb3e00000,0x000000cbb3f00000)]
  0x000002bd66fa05e0 JavaThread "jar transforms Thread 69" [_thread_blocked, id=14524, stack(0x000000cbb3f00000,0x000000cbb4000000)]
  0x000002bd66fa7ac0 JavaThread "jar transforms Thread 70" [_thread_blocked, id=11516, stack(0x000000cbb4000000,0x000000cbb4100000)]
  0x000002bd66fa6030 JavaThread "jar transforms Thread 71" [_thread_blocked, id=3752, stack(0x000000cbb4100000,0x000000cbb4200000)]
  0x000002bd66fa1080 JavaThread "jar transforms Thread 72" [_thread_blocked, id=3876, stack(0x000000cbb4200000,0x000000cbb4300000)]
  0x000002bd66fa3060 JavaThread "jar transforms Thread 73" [_thread_blocked, id=9596, stack(0x000000cbb4300000,0x000000cbb4400000)]
  0x000002bd66fa0b30 JavaThread "jar transforms Thread 74" [_thread_blocked, id=6840, stack(0x000000cbb4400000,0x000000cbb4500000)]
  0x000002bd66fa45a0 JavaThread "jar transforms Thread 75" [_thread_blocked, id=14100, stack(0x000000cbb4500000,0x000000cbb4600000)]
  0x000002bd66fa25c0 JavaThread "jar transforms Thread 76" [_thread_blocked, id=3204, stack(0x000000cbb4600000,0x000000cbb4700000)]
  0x000002bd66fa5040 JavaThread "jar transforms Thread 77" [_thread_blocked, id=4852, stack(0x000000cbb4700000,0x000000cbb4800000)]
  0x000002bd66fa6580 JavaThread "jar transforms Thread 78" [_thread_blocked, id=12480, stack(0x000000cbb4800000,0x000000cbb4900000)]
  0x000002bd66fa5590 JavaThread "jar transforms Thread 79" [_thread_blocked, id=2064, stack(0x000000cbb4900000,0x000000cbb4a00000)]
  0x000002bd66fa2b10 JavaThread "jar transforms Thread 80" [_thread_blocked, id=80, stack(0x000000cbb4a00000,0x000000cbb4b00000)]
  0x000002bd66fa2070 JavaThread "jar transforms Thread 81" [_thread_blocked, id=14944, stack(0x000000cbb4b00000,0x000000cbb4c00000)]
  0x000002bd66fa5ae0 JavaThread "jar transforms Thread 82" [_thread_blocked, id=12708, stack(0x000000cbb4c00000,0x000000cbb4d00000)]
  0x000002bd66fa3b00 JavaThread "jar transforms Thread 83" [_thread_blocked, id=3500, stack(0x000000cbb4d00000,0x000000cbb4e00000)]
  0x000002bd66fa6ad0 JavaThread "jar transforms Thread 84" [_thread_blocked, id=12584, stack(0x000000cbb4e00000,0x000000cbb4f00000)]
  0x000002bd66fa7020 JavaThread "jar transforms Thread 85" [_thread_blocked, id=15044, stack(0x000000cbb4f00000,0x000000cbb5000000)]
  0x000002bd66fa7570 JavaThread "jar transforms Thread 86" [_thread_blocked, id=15028, stack(0x000000cbb5000000,0x000000cbb5100000)]
  0x000002bd66fa15d0 JavaThread "jar transforms Thread 87" [_thread_blocked, id=7244, stack(0x000000cbb5100000,0x000000cbb5200000)]
  0x000002bd66fa0090 JavaThread "jar transforms Thread 88" [_thread_blocked, id=5696, stack(0x000000cbb5200000,0x000000cbb5300000)]
  0x000002bd66fa1b20 JavaThread "jar transforms Thread 89" [_thread_blocked, id=10640, stack(0x000000cbb5300000,0x000000cbb5400000)]
  0x000002bd66fa35b0 JavaThread "jar transforms Thread 90" [_thread_blocked, id=15220, stack(0x000000cbb5400000,0x000000cbb5500000)]
  0x000002bd67e349f0 JavaThread "jar transforms Thread 91" [_thread_blocked, id=11844, stack(0x000000cbb5500000,0x000000cbb5600000)]
  0x000002bd67e2ea50 JavaThread "jar transforms Thread 92" [_thread_blocked, id=13296, stack(0x000000cbb5600000,0x000000cbb5700000)]
  0x000002bd67e2d510 JavaThread "jar transforms Thread 93" [_thread_blocked, id=14900, stack(0x000000cbb5700000,0x000000cbb5800000)]
  0x000002bd67e2efa0 JavaThread "jar transforms Thread 94" [_thread_blocked, id=14580, stack(0x000000cbb5800000,0x000000cbb5900000)]
  0x000002bd67e324c0 JavaThread "jar transforms Thread 95" [_thread_blocked, id=11704, stack(0x000000cbb5900000,0x000000cbb5a00000)]
  0x000002bd67e2f4f0 JavaThread "jar transforms Thread 96" [_thread_blocked, id=11876, stack(0x000000cbb5a00000,0x000000cbb5b00000)]
  0x000002bd67e2cfc0 JavaThread "jar transforms Thread 97" [_thread_blocked, id=12816, stack(0x000000cbb5b00000,0x000000cbb5c00000)]
  0x000002bd67e2e500 JavaThread "jar transforms Thread 98" [_thread_blocked, id=7116, stack(0x000000cbb5c00000,0x000000cbb5d00000)]
  0x000002bd67e2da60 JavaThread "jar transforms Thread 99" [_thread_blocked, id=9800, stack(0x000000cbb5d00000,0x000000cbb5e00000)]
  0x000002bd67e32f60 JavaThread "jar transforms Thread 100" [_thread_blocked, id=11544, stack(0x000000cbb5e00000,0x000000cbb5f00000)]
  0x000002bd67e2fa40 JavaThread "jar transforms Thread 101" [_thread_blocked, id=8700, stack(0x000000cbb5f00000,0x000000cbb6000000)]
  0x000002bd67e314d0 JavaThread "jar transforms Thread 102" [_thread_blocked, id=13792, stack(0x000000cbb6000000,0x000000cbb6100000)]
  0x000002bd67e2ff90 JavaThread "jar transforms Thread 103" [_thread_blocked, id=1268, stack(0x000000cbb6100000,0x000000cbb6200000)]
  0x000002bd67e2dfb0 JavaThread "jar transforms Thread 104" [_thread_blocked, id=14832, stack(0x000000cbb6200000,0x000000cbb6300000)]
  0x000002bd67e334b0 JavaThread "jar transforms Thread 105" [_thread_blocked, id=13612, stack(0x000000cbb6300000,0x000000cbb6400000)]
  0x000002bd67e33f50 JavaThread "jar transforms Thread 106" [_thread_blocked, id=5640, stack(0x000000cbb6400000,0x000000cbb6500000)]
  0x000002bd67e304e0 JavaThread "jar transforms Thread 107" [_thread_blocked, id=9788, stack(0x000000cbb6500000,0x000000cbb6600000)]
  0x000002bd67e30a30 JavaThread "jar transforms Thread 108" [_thread_blocked, id=14796, stack(0x000000cbb6600000,0x000000cbb6700000)]
  0x000002bd67e30f80 JavaThread "jar transforms Thread 109" [_thread_blocked, id=13056, stack(0x000000cbb6700000,0x000000cbb6800000)]
  0x000002bd67e31a20 JavaThread "jar transforms Thread 110" [_thread_blocked, id=9168, stack(0x000000cbb6800000,0x000000cbb6900000)]
  0x000002bd67e31f70 JavaThread "jar transforms Thread 111" [_thread_blocked, id=14308, stack(0x000000cbb6900000,0x000000cbb6a00000)]
  0x000002bd67e32a10 JavaThread "jar transforms Thread 112" [_thread_blocked, id=7196, stack(0x000000cbb6a00000,0x000000cbb6b00000)]
  0x000002bd67e33a00 JavaThread "jar transforms Thread 113" [_thread_blocked, id=7224, stack(0x000000cbb6b00000,0x000000cbb6c00000)]
  0x000002bd67e344a0 JavaThread "jar transforms Thread 114" [_thread_blocked, id=624, stack(0x000000cbb6c00000,0x000000cbb6d00000)]
  0x000002bd67e195a0 JavaThread "jar transforms Thread 115" [_thread_blocked, id=12048, stack(0x000000cbb6d00000,0x000000cbb6e00000)]
  0x000002bd67e19af0 JavaThread "jar transforms Thread 116" [_thread_blocked, id=5108, stack(0x000000cbb6e00000,0x000000cbb6f00000)]
  0x000002bd67e18b00 JavaThread "jar transforms Thread 117" [_thread_blocked, id=14544, stack(0x000000cbb6f00000,0x000000cbb7000000)]
  0x000002bd67e1b580 JavaThread "Memory manager" [_thread_blocked, id=12432, stack(0x000000cbb7000000,0x000000cbb7100000)]
  0x000002bd66e74340 JavaThread "Handler for socket connection from /127.0.0.1:61584 to /127.0.0.1:61615" [_thread_in_native, id=12132, stack(0x000000cbac700000,0x000000cbac800000)]
  0x000002bd6277aac0 JavaThread "Cancel handler" [_thread_blocked, id=11828, stack(0x000000cbadb00000,0x000000cbadc00000)]
  0x000002bd6277c000 JavaThread "Asynchronous log dispatcher for DefaultDaemonConnection: socket connection from /127.0.0.1:61584 to /127.0.0.1:61615" [_thread_blocked, id=14004, stack(0x000000cbae500000,0x000000cbae600000)]
  0x000002bd62779030 JavaThread "Stdin handler" [_thread_blocked, id=10544, stack(0x000000cbae600000,0x000000cbae700000)]
  0x000002bd6277a020 JavaThread "Thread-200" [_thread_blocked, id=8460, stack(0x000000cbae800000,0x000000cbae900000)]
  0x000002bd6277b010 JavaThread "Cache worker for file hash cache (C:\Users\MAX\AndroidStudioProjects\AlcoChecker\.gradle\6.7.1\fileHashes)" [_thread_blocked, id=1860, stack(0x000000cbae900000,0x000000cbaea00000)]
  0x000002bd62ff3af0 JavaThread "Cache worker for checksums cache (C:\Users\MAX\AndroidStudioProjects\AlcoChecker\.gradle\checksums)" [_thread_blocked, id=13256, stack(0x000000cbaea00000,0x000000cbaeb00000)]
  0x000002bd62ff4590 JavaThread "Cache worker for cache directory md-supplier (C:\Users\MAX\AndroidStudioProjects\caches\6.7.1\md-supplier)" [_thread_blocked, id=5436, stack(0x000000cbaee00000,0x000000cbaef00000)]
  0x000002bd62ff2b00 JavaThread "Cache worker for cache directory md-rule (C:\Users\MAX\AndroidStudioProjects\caches\6.7.1\md-rule)" [_thread_blocked, id=14996, stack(0x000000cbb0400000,0x000000cbb0500000)]
=>0x000002bd61d73800 JavaThread "C2 CompilerThread1" daemon [_thread_in_native, id=14324, stack(0x000000cbb0500000,0x000000cbb0600000)]
  0x000002bd62ff4ae0 JavaThread "Cache worker for Build Output Cleanup Cache (C:\Users\MAX\AndroidStudioProjects\AlcoChecker\.gradle\buildOutputCleanup)" [_thread_blocked, id=10528, stack(0x000000cbb0600000,0x000000cbb0700000)]
  0x000002bd67e19050 JavaThread "Build operations" [_thread_blocked, id=12924, stack(0x000000cbb0b00000,0x000000cbb0c00000)]
  0x000002bd67e1e000 JavaThread "Build operations Thread 2" [_thread_blocked, id=4568, stack(0x000000cbb0c00000,0x000000cbb0d00000)]
  0x000002bd67e1bad0 JavaThread "Build operations Thread 3" [_thread_blocked, id=14400, stack(0x000000cbb0d00000,0x000000cbb0e00000)]
  0x000002bd67e1cac0 JavaThread "Build operations Thread 4" [_thread_in_native, id=10924, stack(0x000000cbb0e00000,0x000000cbb0f00000)]

Other Threads:
  0x000002bd609e3ca0 VMThread "VM Thread" [stack: 0x000000cbace00000,0x000000cbacf00000] [id=3352]
  0x000002bd6153eda0 WatcherThread [stack: 0x000000cbada00000,0x000000cbadb00000] [id=14264]
  0x000002bd431e1a10 GCTaskThread "GC Thread#0" [stack: 0x000000cbac900000,0x000000cbaca00000] [id=8764]
  0x000002bd618a47b0 GCTaskThread "GC Thread#1" [stack: 0x000000cbadc00000,0x000000cbadd00000] [id=4772]
  0x000002bd618a4ac0 GCTaskThread "GC Thread#2" [stack: 0x000000cbadd00000,0x000000cbade00000] [id=6624]
  0x000002bd61b66a70 GCTaskThread "GC Thread#3" [stack: 0x000000cbade00000,0x000000cbadf00000] [id=2468]
  0x000002bd431f2b20 ConcurrentGCThread "G1 Main Marker" [stack: 0x000000cbaca00000,0x000000cbacb00000] [id=11492]
  0x000002bd431f4150 ConcurrentGCThread "G1 Conc#0" [stack: 0x000000cbacb00000,0x000000cbacc00000] [id=15244]
  0x000002bd4326e7c0 ConcurrentGCThread "G1 Refine#0" [stack: 0x000000cbacc00000,0x000000cbacd00000] [id=5772]
  0x000002bd65478820 ConcurrentGCThread "G1 Refine#1" [stack: 0x000000cbb0900000,0x000000cbb0a00000] [id=15136]
  0x000002bd66c9a8b0 ConcurrentGCThread "G1 Refine#2" [stack: 0x000000cbb0a00000,0x000000cbb0b00000] [id=14304]
  0x000002bd608942f0 ConcurrentGCThread "G1 Service" [stack: 0x000000cbacd00000,0x000000cbace00000] [id=9088]

Threads with active compile tasks:
C2 CompilerThread0    47689 13415       4       org.gradle.cache.internal.btree.BTreePersistentIndexedCache$IndexBlock::find (140 bytes)
C2 CompilerThread1    47689 13288       4       org.gradle.api.internal.artifacts.configurations.DefaultConfiguration::collectSuperConfigs (61 bytes)

VM state: not at safepoint (normal execution)

VM Mutex/Monitor currently owned by a thread: None

Heap address: 0x0000000080000000, size: 2048 MB, Compressed Oops mode: 32-bit

CDS archive(s) mapped at: [0x0000000800000000-0x0000000800bb0000-0x0000000800bb0000), size 12255232, SharedBaseAddress: 0x0000000800000000, ArchiveRelocationMode: 0.
Compressed class space mapped at: 0x0000000800c00000-0x0000000840c00000, reserved size: 1073741824
Narrow klass base: 0x0000000800000000, Narrow klass shift: 3, Narrow klass range: 0x100000000

GC Precious Log:
 CPUs: 4 total, 4 available
 Memory: 16342M
 Large Page Support: Disabled
 NUMA Support: Disabled
 Compressed Oops: Enabled (32-bit)
 Heap Region Size: 1M
 Heap Min Capacity: 8M
 Heap Initial Capacity: 256M
 Heap Max Capacity: 2G
 Pre-touch: Disabled
 Parallel Workers: 4
 Concurrent Workers: 1
 Concurrent Refinement Workers: 4
 Periodic GC: Disabled

Heap:
 garbage-first heap   total 193536K, used 147278K [0x0000000080000000, 0x0000000100000000)
  region size 1024K, 40 young (40960K), 4 survivors (4096K)
 Metaspace       used 97098K, committed 98112K, reserved 1138688K
  class space    used 12502K, committed 12992K, reserved 1048576K

Heap Regions: E=young(eden), S=young(survivor), O=old, HS=humongous(starts), HC=humongous(continues), CS=collection set, F=free, OA=open archive, CA=closed archive, TAMS=top-at-mark-start (previous, next)
|   0|0x0000000080000000, 0x0000000080100000, 0x0000000080100000|100%| O|  |TAMS 0x0000000080100000, 0x0000000080000000| Untracked 
|   1|0x0000000080100000, 0x0000000080200000, 0x0000000080200000|100%| O|  |TAMS 0x0000000080200000, 0x0000000080100000| Untracked 
|   2|0x0000000080200000, 0x0000000080300000, 0x0000000080300000|100%| O|  |TAMS 0x0000000080300000, 0x0000000080200000| Untracked 
|   3|0x0000000080300000, 0x0000000080400000, 0x0000000080400000|100%|HS|  |TAMS 0x0000000080400000, 0x0000000080300000| Complete 
|   4|0x0000000080400000, 0x0000000080500000, 0x0000000080500000|100%|HC|  |TAMS 0x0000000080500000, 0x0000000080400000| Complete 
|   5|0x0000000080500000, 0x0000000080600000, 0x0000000080600000|100%|HC|  |TAMS 0x0000000080600000, 0x0000000080500000| Complete 
|   6|0x0000000080600000, 0x0000000080700000, 0x0000000080700000|100%| O|  |TAMS 0x0000000080700000, 0x0000000080600000| Untracked 
|   7|0x0000000080700000, 0x0000000080800000, 0x0000000080800000|100%| O|  |TAMS 0x0000000080800000, 0x0000000080700000| Untracked 
|   8|0x0000000080800000, 0x0000000080900000, 0x0000000080900000|100%| O|  |TAMS 0x0000000080900000, 0x0000000080800000| Untracked 
|   9|0x0000000080900000, 0x0000000080a00000, 0x0000000080a00000|100%|HS|  |TAMS 0x0000000080a00000, 0x0000000080900000| Complete 
|  10|0x0000000080a00000, 0x0000000080b00000, 0x0000000080b00000|100%|HC|  |TAMS 0x0000000080b00000, 0x0000000080a00000| Complete 
|  11|0x0000000080b00000, 0x0000000080c00000, 0x0000000080c00000|100%|HS|  |TAMS 0x0000000080c00000, 0x0000000080b00000| Complete 
|  12|0x0000000080c00000, 0x0000000080d00000, 0x0000000080d00000|100%|HC|  |TAMS 0x0000000080d00000, 0x0000000080c00000| Complete 
|  13|0x0000000080d00000, 0x0000000080e00000, 0x0000000080e00000|100%|HC|  |TAMS 0x0000000080e00000, 0x0000000080d00000| Complete 
|  14|0x0000000080e00000, 0x0000000080f00000, 0x0000000080f00000|100%|HS|  |TAMS 0x0000000080f00000, 0x0000000080e00000| Complete 
|  15|0x0000000080f00000, 0x0000000081000000, 0x0000000081000000|100%|HC|  |TAMS 0x0000000081000000, 0x0000000080f00000| Complete 
|  16|0x0000000081000000, 0x0000000081100000, 0x0000000081100000|100%|HC|  |TAMS 0x0000000081100000, 0x0000000081000000| Complete 
|  17|0x0000000081100000, 0x0000000081200000, 0x0000000081200000|100%|HC|  |TAMS 0x0000000081200000, 0x0000000081100000| Complete 
|  18|0x0000000081200000, 0x0000000081300000, 0x0000000081300000|100%| O|  |TAMS 0x0000000081300000, 0x0000000081200000| Untracked 
|  19|0x0000000081300000, 0x0000000081400000, 0x0000000081400000|100%| O|  |TAMS 0x0000000081400000, 0x0000000081300000| Untracked 
|  20|0x0000000081400000, 0x0000000081500000, 0x0000000081500000|100%| O|  |TAMS 0x0000000081500000, 0x0000000081400000| Untracked 
|  21|0x0000000081500000, 0x0000000081600000, 0x0000000081600000|100%| O|  |TAMS 0x0000000081600000, 0x0000000081500000| Untracked 
|  22|0x0000000081600000, 0x0000000081700000, 0x0000000081700000|100%| O|  |TAMS 0x0000000081700000, 0x0000000081600000| Untracked 
|  23|0x0000000081700000, 0x0000000081800000, 0x0000000081800000|100%| O|  |TAMS 0x0000000081800000, 0x0000000081700000| Untracked 
|  24|0x0000000081800000, 0x0000000081900000, 0x0000000081900000|100%| O|  |TAMS 0x0000000081900000, 0x0000000081800000| Untracked 
|  25|0x0000000081900000, 0x0000000081a00000, 0x0000000081a00000|100%| O|  |TAMS 0x0000000081a00000, 0x0000000081900000| Untracked 
|  26|0x0000000081a00000, 0x0000000081a34a00, 0x0000000081b00000| 20%| O|  |TAMS 0x0000000081a34a00, 0x0000000081a00000| Untracked 
|  27|0x0000000081b00000, 0x0000000081c00000, 0x0000000081c00000|100%| O|  |TAMS 0x0000000081c00000, 0x0000000081b00000| Untracked 
|  28|0x0000000081c00000, 0x0000000081d00000, 0x0000000081d00000|100%| O|  |TAMS 0x0000000081d00000, 0x0000000081c00000| Untracked 
|  29|0x0000000081d00000, 0x0000000081e00000, 0x0000000081e00000|100%| O|  |TAMS 0x0000000081e00000, 0x0000000081d00000| Untracked 
|  30|0x0000000081e00000, 0x0000000081f00000, 0x0000000081f00000|100%|HS|  |TAMS 0x0000000081f00000, 0x0000000081e00000| Complete 
|  31|0x0000000081f00000, 0x0000000082000000, 0x0000000082000000|100%|HC|  |TAMS 0x0000000082000000, 0x0000000081f00000| Complete 
|  32|0x0000000082000000, 0x0000000082100000, 0x0000000082100000|100%|HC|  |TAMS 0x0000000082100000, 0x0000000082000000| Complete 
|  33|0x0000000082100000, 0x0000000082200000, 0x0000000082200000|100%|HC|  |TAMS 0x0000000082200000, 0x0000000082100000| Complete 
|  34|0x0000000082200000, 0x0000000082300000, 0x0000000082300000|100%|HS|  |TAMS 0x0000000082300000, 0x0000000082200000| Complete 
|  35|0x0000000082300000, 0x0000000082400000, 0x0000000082400000|100%|HC|  |TAMS 0x0000000082400000, 0x0000000082300000| Complete 
|  36|0x0000000082400000, 0x0000000082500000, 0x0000000082500000|100%|HC|  |TAMS 0x0000000082500000, 0x0000000082400000| Complete 
|  37|0x0000000082500000, 0x0000000082600000, 0x0000000082600000|100%| O|  |TAMS 0x0000000082600000, 0x0000000082500000| Untracked 
|  38|0x0000000082600000, 0x0000000082700000, 0x0000000082700000|100%| O|  |TAMS 0x0000000082700000, 0x0000000082600000| Untracked 
|  39|0x0000000082700000, 0x0000000082800000, 0x0000000082800000|100%|HS|  |TAMS 0x0000000082800000, 0x0000000082700000| Complete 
|  40|0x0000000082800000, 0x0000000082900000, 0x0000000082900000|100%| O|  |TAMS 0x0000000082900000, 0x0000000082800000| Untracked 
|  41|0x0000000082900000, 0x0000000082a00000, 0x0000000082a00000|100%|HS|  |TAMS 0x0000000082a00000, 0x0000000082900000| Complete 
|  42|0x0000000082a00000, 0x0000000082b00000, 0x0000000082b00000|100%|HC|  |TAMS 0x0000000082b00000, 0x0000000082a00000| Complete 
|  43|0x0000000082b00000, 0x0000000082c00000, 0x0000000082c00000|100%|HC|  |TAMS 0x0000000082c00000, 0x0000000082b00000| Complete 
|  44|0x0000000082c00000, 0x0000000082d00000, 0x0000000082d00000|100%| O|  |TAMS 0x0000000082d00000, 0x0000000082c00000| Untracked 
|  45|0x0000000082d00000, 0x0000000082e00000, 0x0000000082e00000|100%| O|  |TAMS 0x0000000082e00000, 0x0000000082d00000| Untracked 
|  46|0x0000000082e00000, 0x0000000082f00000, 0x0000000082f00000|100%| O|  |TAMS 0x0000000082f00000, 0x0000000082e00000| Untracked 
|  47|0x0000000082f00000, 0x0000000083000000, 0x0000000083000000|100%| O|  |TAMS 0x0000000083000000, 0x0000000082f00000| Untracked 
|  48|0x0000000083000000, 0x0000000083100000, 0x0000000083100000|100%| O|  |TAMS 0x0000000083100000, 0x0000000083000000| Untracked 
|  49|0x0000000083100000, 0x0000000083200000, 0x0000000083200000|100%| O|  |TAMS 0x0000000083200000, 0x0000000083100000| Untracked 
|  50|0x0000000083200000, 0x0000000083300000, 0x0000000083300000|100%| O|  |TAMS 0x0000000083300000, 0x0000000083200000| Untracked 
|  51|0x0000000083300000, 0x0000000083400000, 0x0000000083400000|100%| O|  |TAMS 0x0000000083400000, 0x0000000083300000| Untracked 
|  52|0x0000000083400000, 0x0000000083500000, 0x0000000083500000|100%| O|  |TAMS 0x0000000083500000, 0x0000000083400000| Untracked 
|  53|0x0000000083500000, 0x0000000083600000, 0x0000000083600000|100%| O|  |TAMS 0x0000000083600000, 0x0000000083500000| Untracked 
|  54|0x0000000083600000, 0x0000000083700000, 0x0000000083700000|100%| O|  |TAMS 0x0000000083700000, 0x0000000083600000| Untracked 
|  55|0x0000000083700000, 0x0000000083800000, 0x0000000083800000|100%| O|  |TAMS 0x0000000083800000, 0x0000000083700000| Untracked 
|  56|0x0000000083800000, 0x0000000083900000, 0x0000000083900000|100%|HS|  |TAMS 0x0000000083900000, 0x0000000083800000| Complete 
|  57|0x0000000083900000, 0x0000000083a00000, 0x0000000083a00000|100%|HC|  |TAMS 0x0000000083a00000, 0x0000000083900000| Complete 
|  58|0x0000000083a00000, 0x0000000083b00000, 0x0000000083b00000|100%| O|  |TAMS 0x0000000083b00000, 0x0000000083a00000| Untracked 
|  59|0x0000000083b00000, 0x0000000083c00000, 0x0000000083c00000|100%| O|  |TAMS 0x0000000083c00000, 0x0000000083b00000| Untracked 
|  60|0x0000000083c00000, 0x0000000083d00000, 0x0000000083d00000|100%| O|  |TAMS 0x0000000083d00000, 0x0000000083c00000| Untracked 
|  61|0x0000000083d00000, 0x0000000083e00000, 0x0000000083e00000|100%| O|  |TAMS 0x0000000083e00000, 0x0000000083d00000| Untracked 
|  62|0x0000000083e00000, 0x0000000083f00000, 0x0000000083f00000|100%| O|  |TAMS 0x0000000083f00000, 0x0000000083e00000| Untracked 
|  63|0x0000000083f00000, 0x0000000084000000, 0x0000000084000000|100%| O|  |TAMS 0x0000000084000000, 0x0000000083f00000| Untracked 
|  64|0x0000000084000000, 0x0000000084100000, 0x0000000084100000|100%| O|  |TAMS 0x0000000084100000, 0x0000000084000000| Untracked 
|  65|0x0000000084100000, 0x0000000084200000, 0x0000000084200000|100%| O|  |TAMS 0x0000000084200000, 0x0000000084100000| Untracked 
|  66|0x0000000084200000, 0x0000000084300000, 0x0000000084300000|100%| O|  |TAMS 0x0000000084300000, 0x0000000084200000| Untracked 
|  67|0x0000000084300000, 0x0000000084400000, 0x0000000084400000|100%| O|  |TAMS 0x0000000084400000, 0x0000000084300000| Untracked 
|  68|0x0000000084400000, 0x0000000084500000, 0x0000000084500000|100%| O|  |TAMS 0x0000000084500000, 0x0000000084400000| Untracked 
|  69|0x0000000084500000, 0x0000000084600000, 0x0000000084600000|100%| O|  |TAMS 0x0000000084600000, 0x0000000084500000| Untracked 
|  70|0x0000000084600000, 0x0000000084700000, 0x0000000084700000|100%| O|  |TAMS 0x0000000084700000, 0x0000000084600000| Untracked 
|  71|0x0000000084700000, 0x0000000084800000, 0x0000000084800000|100%| O|  |TAMS 0x0000000084800000, 0x0000000084700000| Untracked 
|  72|0x0000000084800000, 0x0000000084900000, 0x0000000084900000|100%| O|  |TAMS 0x0000000084900000, 0x0000000084800000| Untracked 
|  73|0x0000000084900000, 0x0000000084a00000, 0x0000000084a00000|100%| O|  |TAMS 0x0000000084a00000, 0x0000000084900000| Untracked 
|  74|0x0000000084a00000, 0x0000000084b00000, 0x0000000084b00000|100%| O|  |TAMS 0x0000000084b00000, 0x0000000084a00000| Untracked 
|  75|0x0000000084b00000, 0x0000000084c00000, 0x0000000084c00000|100%| O|  |TAMS 0x0000000084c00000, 0x0000000084b00000| Untracked 
|  76|0x0000000084c00000, 0x0000000084d00000, 0x0000000084d00000|100%| O|  |TAMS 0x0000000084d00000, 0x0000000084c00000| Untracked 
|  77|0x0000000084d00000, 0x0000000084e00000, 0x0000000084e00000|100%| O|  |TAMS 0x0000000084e00000, 0x0000000084d00000| Untracked 
|  78|0x0000000084e00000, 0x0000000084f00000, 0x0000000084f00000|100%| O|  |TAMS 0x0000000084f00000, 0x0000000084e00000| Untracked 
|  79|0x0000000084f00000, 0x0000000085000000, 0x0000000085000000|100%| O|  |TAMS 0x0000000085000000, 0x0000000084f00000| Untracked 
|  80|0x0000000085000000, 0x0000000085100000, 0x0000000085100000|100%| O|  |TAMS 0x0000000085100000, 0x0000000085000000| Untracked 
|  81|0x0000000085100000, 0x0000000085200000, 0x0000000085200000|100%| O|  |TAMS 0x0000000085200000, 0x0000000085100000| Untracked 
|  82|0x0000000085200000, 0x0000000085300000, 0x0000000085300000|100%| O|  |TAMS 0x0000000085300000, 0x0000000085200000| Untracked 
|  83|0x0000000085300000, 0x0000000085400000, 0x0000000085400000|100%| O|  |TAMS 0x0000000085400000, 0x0000000085300000| Untracked 
|  84|0x0000000085400000, 0x0000000085500000, 0x0000000085500000|100%| O|  |TAMS 0x0000000085500000, 0x0000000085400000| Untracked 
|  85|0x0000000085500000, 0x0000000085600000, 0x0000000085600000|100%| O|  |TAMS 0x0000000085600000, 0x0000000085500000| Untracked 
|  86|0x0000000085600000, 0x0000000085700000, 0x0000000085700000|100%| O|  |TAMS 0x0000000085700000, 0x0000000085600000| Untracked 
|  87|0x0000000085700000, 0x0000000085800000, 0x0000000085800000|100%| O|  |TAMS 0x0000000085800000, 0x0000000085700000| Untracked 
|  88|0x0000000085800000, 0x0000000085900000, 0x0000000085900000|100%| O|  |TAMS 0x0000000085900000, 0x0000000085800000| Untracked 
|  89|0x0000000085900000, 0x0000000085a00000, 0x0000000085a00000|100%| O|  |TAMS 0x0000000085a00000, 0x0000000085900000| Untracked 
|  90|0x0000000085a00000, 0x0000000085b00000, 0x0000000085b00000|100%| O|  |TAMS 0x0000000085b00000, 0x0000000085a00000| Untracked 
|  91|0x0000000085b00000, 0x0000000085c00000, 0x0000000085c00000|100%| O|  |TAMS 0x0000000085c00000, 0x0000000085b00000| Untracked 
|  92|0x0000000085c00000, 0x0000000085d00000, 0x0000000085d00000|100%| O|  |TAMS 0x0000000085d00000, 0x0000000085c00000| Untracked 
|  93|0x0000000085d00000, 0x0000000085e00000, 0x0000000085e00000|100%| O|  |TAMS 0x0000000085e00000, 0x0000000085d00000| Untracked 
|  94|0x0000000085e00000, 0x0000000085f00000, 0x0000000085f00000|100%| O|  |TAMS 0x0000000085f00000, 0x0000000085e00000| Untracked 
|  95|0x0000000085f00000, 0x0000000086000000, 0x0000000086000000|100%| O|  |TAMS 0x0000000086000000, 0x0000000085f00000| Untracked 
|  96|0x0000000086000000, 0x0000000086100000, 0x0000000086100000|100%| O|  |TAMS 0x0000000086100000, 0x0000000086000000| Untracked 
|  97|0x0000000086100000, 0x0000000086200000, 0x0000000086200000|100%| O|  |TAMS 0x0000000086200000, 0x0000000086100000| Untracked 
|  98|0x0000000086200000, 0x0000000086300000, 0x0000000086300000|100%| O|  |TAMS 0x0000000086300000, 0x0000000086200000| Untracked 
|  99|0x0000000086300000, 0x0000000086400000, 0x0000000086400000|100%| O|  |TAMS 0x0000000086300000, 0x0000000086300000| Untracked 
| 100|0x0000000086400000, 0x0000000086500000, 0x0000000086500000|100%| O|  |TAMS 0x00000000864de400, 0x0000000086400000| Untracked 
| 101|0x0000000086500000, 0x0000000086600000, 0x0000000086600000|100%| O|  |TAMS 0x0000000086500000, 0x0000000086500000| Untracked 
| 102|0x0000000086600000, 0x0000000086700000, 0x0000000086700000|100%| O|  |TAMS 0x0000000086600000, 0x0000000086600000| Untracked 
| 103|0x0000000086700000, 0x0000000086740600, 0x0000000086800000| 25%| O|  |TAMS 0x0000000086700000, 0x0000000086700000| Untracked 
| 104|0x0000000086800000, 0x0000000086800000, 0x0000000086900000|  0%| F|  |TAMS 0x0000000086800000, 0x0000000086800000| Untracked 
| 105|0x0000000086900000, 0x0000000086900000, 0x0000000086a00000|  0%| F|  |TAMS 0x0000000086900000, 0x0000000086900000| Untracked 
| 106|0x0000000086a00000, 0x0000000086a00000, 0x0000000086b00000|  0%| F|  |TAMS 0x0000000086a00000, 0x0000000086a00000| Untracked 
| 107|0x0000000086b00000, 0x0000000086b00000, 0x0000000086c00000|  0%| F|  |TAMS 0x0000000086b00000, 0x0000000086b00000| Untracked 
| 108|0x0000000086c00000, 0x0000000086c00000, 0x0000000086d00000|  0%| F|  |TAMS 0x0000000086c00000, 0x0000000086c00000| Untracked 
| 109|0x0000000086d00000, 0x0000000086d00000, 0x0000000086e00000|  0%| F|  |TAMS 0x0000000086d00000, 0x0000000086d00000| Untracked 
| 110|0x0000000086e00000, 0x0000000086e00000, 0x0000000086f00000|  0%| F|  |TAMS 0x0000000086e00000, 0x0000000086e00000| Untracked 
| 111|0x0000000086f00000, 0x0000000086f00000, 0x0000000087000000|  0%| F|  |TAMS 0x0000000086f00000, 0x0000000086f00000| Untracked 
| 112|0x0000000087000000, 0x0000000087000000, 0x0000000087100000|  0%| F|  |TAMS 0x0000000087000000, 0x0000000087000000| Untracked 
| 113|0x0000000087100000, 0x0000000087100000, 0x0000000087200000|  0%| F|  |TAMS 0x0000000087100000, 0x0000000087100000| Untracked 
| 114|0x0000000087200000, 0x0000000087200000, 0x0000000087300000|  0%| F|  |TAMS 0x0000000087200000, 0x0000000087200000| Untracked 
| 115|0x0000000087300000, 0x0000000087300000, 0x0000000087400000|  0%| F|  |TAMS 0x0000000087300000, 0x0000000087300000| Untracked 
| 116|0x0000000087400000, 0x0000000087400000, 0x0000000087500000|  0%| F|  |TAMS 0x0000000087400000, 0x0000000087400000| Untracked 
| 117|0x0000000087500000, 0x0000000087500000, 0x0000000087600000|  0%| F|  |TAMS 0x0000000087500000, 0x0000000087500000| Untracked 
| 118|0x0000000087600000, 0x0000000087600000, 0x0000000087700000|  0%| F|  |TAMS 0x0000000087600000, 0x0000000087600000| Untracked 
| 119|0x0000000087700000, 0x0000000087700000, 0x0000000087800000|  0%| F|  |TAMS 0x0000000087700000, 0x0000000087700000| Untracked 
| 120|0x0000000087800000, 0x0000000087800000, 0x0000000087900000|  0%| F|  |TAMS 0x0000000087800000, 0x0000000087800000| Untracked 
| 121|0x0000000087900000, 0x0000000087900000, 0x0000000087a00000|  0%| F|  |TAMS 0x0000000087900000, 0x0000000087900000| Untracked 
| 122|0x0000000087a00000, 0x0000000087a00000, 0x0000000087b00000|  0%| F|  |TAMS 0x0000000087a00000, 0x0000000087a00000| Untracked 
| 123|0x0000000087b00000, 0x0000000087b00000, 0x0000000087c00000|  0%| F|  |TAMS 0x0000000087b00000, 0x0000000087b00000| Untracked 
| 124|0x0000000087c00000, 0x0000000087c00000, 0x0000000087d00000|  0%| F|  |TAMS 0x0000000087c00000, 0x0000000087c00000| Untracked 
| 125|0x0000000087d00000, 0x0000000087d00000, 0x0000000087e00000|  0%| F|  |TAMS 0x0000000087d00000, 0x0000000087d00000| Untracked 
| 126|0x0000000087e00000, 0x0000000087e00000, 0x0000000087f00000|  0%| F|  |TAMS 0x0000000087e00000, 0x0000000087e00000| Untracked 
| 127|0x0000000087f00000, 0x0000000087f00000, 0x0000000088000000|  0%| F|  |TAMS 0x0000000087f00000, 0x0000000087f00000| Untracked 
| 128|0x0000000088000000, 0x0000000088000000, 0x0000000088100000|  0%| F|  |TAMS 0x0000000088000000, 0x0000000088000000| Untracked 
| 129|0x0000000088100000, 0x000000008815e960, 0x0000000088200000| 36%| S|CS|TAMS 0x0000000088100000, 0x0000000088100000| Complete 
| 130|0x0000000088200000, 0x0000000088300000, 0x0000000088300000|100%| S|CS|TAMS 0x0000000088200000, 0x0000000088200000| Complete 
| 131|0x0000000088300000, 0x0000000088300000, 0x0000000088400000|  0%| F|  |TAMS 0x0000000088300000, 0x0000000088300000| Untracked 
| 132|0x0000000088400000, 0x0000000088400000, 0x0000000088500000|  0%| F|  |TAMS 0x0000000088400000, 0x0000000088400000| Untracked 
| 133|0x0000000088500000, 0x0000000088500000, 0x0000000088600000|  0%| F|  |TAMS 0x0000000088500000, 0x0000000088500000| Untracked 
| 134|0x0000000088600000, 0x0000000088600000, 0x0000000088700000|  0%| F|  |TAMS 0x0000000088600000, 0x0000000088600000| Untracked 
| 135|0x0000000088700000, 0x0000000088800000, 0x0000000088800000|100%| S|CS|TAMS 0x0000000088700000, 0x0000000088700000| Complete 
| 136|0x0000000088800000, 0x0000000088900000, 0x0000000088900000|100%| S|CS|TAMS 0x0000000088800000, 0x0000000088800000| Complete 
| 137|0x0000000088900000, 0x0000000088900000, 0x0000000088a00000|  0%| F|  |TAMS 0x0000000088900000, 0x0000000088900000| Untracked 
| 138|0x0000000088a00000, 0x0000000088a00000, 0x0000000088b00000|  0%| F|  |TAMS 0x0000000088a00000, 0x0000000088a00000| Untracked 
| 139|0x0000000088b00000, 0x0000000088b00000, 0x0000000088c00000|  0%| F|  |TAMS 0x0000000088b00000, 0x0000000088b00000| Untracked 
| 140|0x0000000088c00000, 0x0000000088c00000, 0x0000000088d00000|  0%| F|  |TAMS 0x0000000088c00000, 0x0000000088c00000| Untracked 
| 141|0x0000000088d00000, 0x0000000088d00000, 0x0000000088e00000|  0%| F|  |TAMS 0x0000000088d00000, 0x0000000088d00000| Untracked 
| 142|0x0000000088e00000, 0x0000000088e00000, 0x0000000088f00000|  0%| F|  |TAMS 0x0000000088e00000, 0x0000000088e00000| Untracked 
| 143|0x0000000088f00000, 0x0000000088f00000, 0x0000000089000000|  0%| F|  |TAMS 0x0000000088f00000, 0x0000000088f00000| Untracked 
| 144|0x0000000089000000, 0x0000000089000000, 0x0000000089100000|  0%| F|  |TAMS 0x0000000089000000, 0x0000000089000000| Untracked 
| 145|0x0000000089100000, 0x0000000089100000, 0x0000000089200000|  0%| F|  |TAMS 0x0000000089100000, 0x0000000089100000| Untracked 
| 146|0x0000000089200000, 0x0000000089200000, 0x0000000089300000|  0%| F|  |TAMS 0x0000000089200000, 0x0000000089200000| Untracked 
| 147|0x0000000089300000, 0x0000000089300000, 0x0000000089400000|  0%| F|  |TAMS 0x0000000089300000, 0x0000000089300000| Untracked 
| 148|0x0000000089400000, 0x0000000089400000, 0x0000000089500000|  0%| F|  |TAMS 0x0000000089400000, 0x0000000089400000| Untracked 
| 149|0x0000000089500000, 0x0000000089500000, 0x0000000089600000|  0%| F|  |TAMS 0x0000000089500000, 0x0000000089500000| Untracked 
| 150|0x0000000089600000, 0x00000000896cf450, 0x0000000089700000| 80%| E|  |TAMS 0x0000000089600000, 0x0000000089600000| Complete 
| 151|0x0000000089700000, 0x0000000089800000, 0x0000000089800000|100%| E|CS|TAMS 0x0000000089700000, 0x0000000089700000| Complete 
| 152|0x0000000089800000, 0x0000000089900000, 0x0000000089900000|100%| E|CS|TAMS 0x0000000089800000, 0x0000000089800000| Complete 
| 153|0x0000000089900000, 0x0000000089a00000, 0x0000000089a00000|100%| E|CS|TAMS 0x0000000089900000, 0x0000000089900000| Complete 
| 154|0x0000000089a00000, 0x0000000089b00000, 0x0000000089b00000|100%| E|CS|TAMS 0x0000000089a00000, 0x0000000089a00000| Complete 
| 155|0x0000000089b00000, 0x0000000089c00000, 0x0000000089c00000|100%| E|CS|TAMS 0x0000000089b00000, 0x0000000089b00000| Complete 
| 156|0x0000000089c00000, 0x0000000089d00000, 0x0000000089d00000|100%| E|CS|TAMS 0x0000000089c00000, 0x0000000089c00000| Complete 
| 157|0x0000000089d00000, 0x0000000089e00000, 0x0000000089e00000|100%| E|CS|TAMS 0x0000000089d00000, 0x0000000089d00000| Complete 
| 158|0x0000000089e00000, 0x0000000089f00000, 0x0000000089f00000|100%| E|CS|TAMS 0x0000000089e00000, 0x0000000089e00000| Complete 
| 159|0x0000000089f00000, 0x000000008a000000, 0x000000008a000000|100%| E|CS|TAMS 0x0000000089f00000, 0x0000000089f00000| Complete 
| 160|0x000000008a000000, 0x000000008a100000, 0x000000008a100000|100%| E|CS|TAMS 0x000000008a000000, 0x000000008a000000| Complete 
| 161|0x000000008a100000, 0x000000008a200000, 0x000000008a200000|100%| E|CS|TAMS 0x000000008a100000, 0x000000008a100000| Complete 
| 162|0x000000008a200000, 0x000000008a300000, 0x000000008a300000|100%| E|CS|TAMS 0x000000008a200000, 0x000000008a200000| Complete 
| 163|0x000000008a300000, 0x000000008a400000, 0x000000008a400000|100%| E|CS|TAMS 0x000000008a300000, 0x000000008a300000| Complete 
| 164|0x000000008a400000, 0x000000008a500000, 0x000000008a500000|100%| E|CS|TAMS 0x000000008a400000, 0x000000008a400000| Complete 
| 165|0x000000008a500000, 0x000000008a600000, 0x000000008a600000|100%| E|CS|TAMS 0x000000008a500000, 0x000000008a500000| Complete 
| 166|0x000000008a600000, 0x000000008a700000, 0x000000008a700000|100%| E|CS|TAMS 0x000000008a600000, 0x000000008a600000| Complete 
| 167|0x000000008a700000, 0x000000008a800000, 0x000000008a800000|100%| E|CS|TAMS 0x000000008a700000, 0x000000008a700000| Complete 
| 168|0x000000008a800000, 0x000000008a900000, 0x000000008a900000|100%| E|CS|TAMS 0x000000008a800000, 0x000000008a800000| Complete 
| 169|0x000000008a900000, 0x000000008aa00000, 0x000000008aa00000|100%| E|CS|TAMS 0x000000008a900000, 0x000000008a900000| Complete 
| 170|0x000000008aa00000, 0x000000008ab00000, 0x000000008ab00000|100%| E|CS|TAMS 0x000000008aa00000, 0x000000008aa00000| Complete 
| 171|0x000000008ab00000, 0x000000008ac00000, 0x000000008ac00000|100%| E|CS|TAMS 0x000000008ab00000, 0x000000008ab00000| Complete 
| 172|0x000000008ac00000, 0x000000008ad00000, 0x000000008ad00000|100%| E|CS|TAMS 0x000000008ac00000, 0x000000008ac00000| Complete 
| 173|0x000000008ad00000, 0x000000008ae00000, 0x000000008ae00000|100%| E|CS|TAMS 0x000000008ad00000, 0x000000008ad00000| Complete 
| 174|0x000000008ae00000, 0x000000008af00000, 0x000000008af00000|100%| E|CS|TAMS 0x000000008ae00000, 0x000000008ae00000| Complete 
| 175|0x000000008af00000, 0x000000008b000000, 0x000000008b000000|100%| E|CS|TAMS 0x000000008af00000, 0x000000008af00000| Complete 
| 176|0x000000008b000000, 0x000000008b100000, 0x000000008b100000|100%| E|CS|TAMS 0x000000008b000000, 0x000000008b000000| Complete 
| 177|0x000000008b100000, 0x000000008b200000, 0x000000008b200000|100%| E|CS|TAMS 0x000000008b100000, 0x000000008b100000| Complete 
| 178|0x000000008b200000, 0x000000008b300000, 0x000000008b300000|100%| E|CS|TAMS 0x000000008b200000, 0x000000008b200000| Complete 
| 179|0x000000008b300000, 0x000000008b400000, 0x000000008b400000|100%| E|CS|TAMS 0x000000008b300000, 0x000000008b300000| Complete 
| 203|0x000000008cb00000, 0x000000008cc00000, 0x000000008cc00000|100%| E|CS|TAMS 0x000000008cb00000, 0x000000008cb00000| Complete 
| 204|0x000000008cc00000, 0x000000008cd00000, 0x000000008cd00000|100%| E|CS|TAMS 0x000000008cc00000, 0x000000008cc00000| Complete 
| 205|0x000000008cd00000, 0x000000008ce00000, 0x000000008ce00000|100%| E|CS|TAMS 0x000000008cd00000, 0x000000008cd00000| Complete 
| 206|0x000000008ce00000, 0x000000008cf00000, 0x000000008cf00000|100%| E|CS|TAMS 0x000000008ce00000, 0x000000008ce00000| Complete 
| 207|0x000000008cf00000, 0x000000008d000000, 0x000000008d000000|100%| E|CS|TAMS 0x000000008cf00000, 0x000000008cf00000| Complete 
| 255|0x000000008ff00000, 0x0000000090000000, 0x0000000090000000|100%| E|CS|TAMS 0x000000008ff00000, 0x000000008ff00000| Complete 
|2045|0x00000000ffd00000, 0x00000000ffe00000, 0x00000000ffe00000|100%| O|  |TAMS 0x00000000ffe00000, 0x00000000ffd00000| Untracked 
|2046|0x00000000ffe00000, 0x00000000fff00000, 0x00000000fff00000|100%| O|  |TAMS 0x00000000fff00000, 0x00000000ffe00000| Untracked 
|2047|0x00000000fff00000, 0x0000000100000000, 0x0000000100000000|100%| O|  |TAMS 0x0000000100000000, 0x00000000fff00000| Untracked 

Card table byte_map: [0x000002bd59d10000,0x000002bd5a110000] _byte_map_base: 0x000002bd59910000

Marking Bits (Prev, Next): (CMBitMap*) 0x000002bd431e2080, (CMBitMap*) 0x000002bd431e20c0
 Prev Bits: [0x000002bd5a510000, 0x000002bd5c510000)
 Next Bits: [0x000002bd5c510000, 0x000002bd5e510000)

Polling page: 0x000002bd42970000

Metaspace:

Usage:
  Non-class:     82.61 MB used.
      Class:     12.21 MB used.
       Both:     94.82 MB used.

Virtual space:
  Non-class space:       88.00 MB reserved,      83.13 MB ( 94%) committed,  11 nodes.
      Class space:        1.00 GB reserved,      12.69 MB (  1%) committed,  1 nodes.
              Both:        1.09 GB reserved,      95.81 MB (  9%) committed. 

Chunk freelists:
   Non-Class:  847.00 KB
       Class:  3.31 MB
        Both:  4.14 MB

MaxMetaspaceSize: 17179869184.00 GB
CompressedClassSpaceSize: 1.00 GB
 - commit_granule_bytes: 65536.
 - commit_granule_words: 8192.
 - virtual_space_node_default_size: 1048576.
 - enlarge_chunks_in_place: 1.
 - new_chunks_are_fully_committed: 0.
 - uncommit_free_chunks: 1.
 - use_allocation_guard: 0.
 - handle_deallocations: 1.


Internal statistics:

num_allocs_failed_limit: 6.
num_arena_births: 1542.
num_arena_deaths: 14.
num_vsnodes_births: 12.
num_vsnodes_deaths: 0.
num_space_committed: 1533.
num_space_uncommitted: 0.
num_chunks_returned_to_freelist: 24.
num_chunks_taken_from_freelist: 5776.
num_chunk_merges: 9.
num_chunk_splits: 3690.
num_chunks_enlarged: 2248.
num_purges: 2.

CodeHeap 'non-profiled nmethods': size=120000Kb used=7504Kb max_used=7504Kb free=112495Kb
 bounds [0x000002bd523e0000, 0x000002bd52b40000, 0x000002bd59910000]
CodeHeap 'profiled nmethods': size=120000Kb used=23742Kb max_used=23742Kb free=96257Kb
 bounds [0x000002bd4aeb0000, 0x000002bd4c5e0000, 0x000002bd523e0000]
CodeHeap 'non-nmethods': size=5760Kb used=2429Kb max_used=2588Kb free=3330Kb
 bounds [0x000002bd4a910000, 0x000002bd4aba0000, 0x000002bd4aeb0000]
 total_blobs=12875 nmethods=11919 adapters=868
 compilation: enabled
              stopped_count=0, restarted_count=0
 full_count=0

Compilation events (20 events):
Event: 47.620 Thread 0x000002bd60a145e0 nmethod 13380 0x000002bd52b2b810 code [0x000002bd52b2b9c0, 0x000002bd52b2bc78]
Event: 47.620 Thread 0x000002bd60a145e0 13369       4       org.gradle.internal.serialize.kryo.StringDeduplicatingKryoBackedDecoder::readString (5 bytes)
Event: 47.621 Thread 0x000002bd60a145e0 nmethod 13369 0x000002bd52b2bf10 code [0x000002bd52b2c0a0, 0x000002bd52b2c148]
Event: 47.621 Thread 0x000002bd60a145e0 13366       4       org.gradle.api.internal.artifacts.ivyservice.resolveengine.graph.builder.NodeState::isSelected (18 bytes)
Event: 47.621 Thread 0x000002bd60a145e0 nmethod 13366 0x000002bd52b2c210 code [0x000002bd52b2c3a0, 0x000002bd52b2c458]
Event: 47.622 Thread 0x000002bd60a145e0 13351       4       java.util.LinkedList::unlink (91 bytes)
Event: 47.625 Thread 0x000002bd60a145e0 nmethod 13351 0x000002bd52b2c510 code [0x000002bd52b2c6a0, 0x000002bd52b2cc38]
Event: 47.625 Thread 0x000002bd60a145e0 13353       4       org.gradle.api.internal.artifacts.ivyservice.resolveengine.graph.builder.NodeState::getResolvedVariant (102 bytes)
Event: 47.630 Thread 0x000002bd60a16760 13402       3       org.gradle.internal.component.local.model.DefaultLocalComponentMetadata$DefaultLocalConfigurationMetadata::addDefinedFiles (14 bytes)
Event: 47.630 Thread 0x000002bd60a16760 nmethod 13402 0x000002bd4c5d3f90 code [0x000002bd4c5d4140, 0x000002bd4c5d43f8]
Event: 47.631 Thread 0x000002bd60a16760 13403       1       org.gradle.internal.component.local.model.PublishArtifactLocalArtifactMetadata::getName (5 bytes)
Event: 47.631 Thread 0x000002bd60a16760 nmethod 13403 0x000002bd52b2cd10 code [0x000002bd52b2cea0, 0x000002bd52b2cf78]
Event: 47.633 Thread 0x000002bd60a16760 13407       3       org.gradle.api.internal.artifacts.transform.MutableConsumerVariantMatchResult::asImmutable (65 bytes)
Event: 47.634 Thread 0x000002bd60a16760 nmethod 13407 0x000002bd4c5d4510 code [0x000002bd4c5d4760, 0x000002bd4c5d51f8]
Event: 47.636 Thread 0x000002bd60a145e0 nmethod 13353 0x000002bd52b2d010 code [0x000002bd52b2d240, 0x000002bd52b2db58]
Event: 47.636 Thread 0x000002bd60a145e0 13401   !   4       org.gradle.api.internal.artifacts.ivyservice.resolveengine.store.DefaultBinaryStore::write (127 bytes)
Event: 47.637 Thread 0x000002bd60a16760 13408       3       org.gradle.api.internal.artifacts.transform.DefaultTransformedVariantFactory$$Lambda$628/0x0000000801627078::apply (32 bytes)
Event: 47.637 Thread 0x000002bd60a16760 nmethod 13408 0x000002bd4c5d5510 code [0x000002bd4c5d56c0, 0x000002bd4c5d5928]
Event: 47.647 Thread 0x000002bd60a145e0 nmethod 13401 0x000002bd52b2e410 code [0x000002bd52b2e620, 0x000002bd52b2f2a0]
Event: 47.647 Thread 0x000002bd60a145e0 13404       4       org.gradle.api.internal.artifacts.ivyservice.resolveengine.graph.builder.EdgeState::getFailure (104 bytes)

GC Heap History (20 events):
Event: 9.947 GC heap before
{Heap before GC invocations=29 (full 0):
 garbage-first heap   total 165888K, used 133218K [0x0000000080000000, 0x0000000100000000)
  region size 1024K, 53 young (54272K), 6 survivors (6144K)
 Metaspace       used 71573K, committed 72192K, reserved 1114112K
  class space    used 9648K, committed 9920K, reserved 1048576K
}
Event: 9.954 GC heap after
{Heap after GC invocations=30 (full 0):
 garbage-first heap   total 165888K, used 87772K [0x0000000080000000, 0x0000000100000000)
  region size 1024K, 3 young (3072K), 3 survivors (3072K)
 Metaspace       used 71573K, committed 72192K, reserved 1114112K
  class space    used 9648K, committed 9920K, reserved 1048576K
}
Event: 10.860 GC heap before
{Heap before GC invocations=30 (full 0):
 garbage-first heap   total 165888K, used 133852K [0x0000000080000000, 0x0000000100000000)
  region size 1024K, 49 young (50176K), 3 survivors (3072K)
 Metaspace       used 75812K, committed 76608K, reserved 1122304K
  class space    used 10210K, committed 10560K, reserved 1048576K
}
Event: 10.868 GC heap after
{Heap after GC invocations=31 (full 0):
 garbage-first heap   total 165888K, used 92111K [0x0000000080000000, 0x0000000100000000)
  region size 1024K, 7 young (7168K), 7 survivors (7168K)
 Metaspace       used 75812K, committed 76608K, reserved 1122304K
  class space    used 10210K, committed 10560K, reserved 1048576K
}
Event: 11.669 GC heap before
{Heap before GC invocations=32 (full 0):
 garbage-first heap   total 165888K, used 134095K [0x0000000080000000, 0x0000000100000000)
  region size 1024K, 49 young (50176K), 7 survivors (7168K)
 Metaspace       used 80130K, committed 80896K, reserved 1122304K
  class space    used 10738K, committed 11072K, reserved 1048576K
}
Event: 11.677 GC heap after
{Heap after GC invocations=33 (full 0):
 garbage-first heap   total 165888K, used 96015K [0x0000000080000000, 0x0000000100000000)
  region size 1024K, 4 young (4096K), 4 survivors (4096K)
 Metaspace       used 80130K, committed 80896K, reserved 1122304K
  class space    used 10738K, committed 11072K, reserved 1048576K
}
Event: 12.144 GC heap before
{Heap before GC invocations=33 (full 0):
 garbage-first heap   total 165888K, used 135951K [0x0000000080000000, 0x0000000100000000)
  region size 1024K, 43 young (44032K), 4 survivors (4096K)
 Metaspace       used 81842K, committed 82688K, reserved 1122304K
  class space    used 10944K, committed 11328K, reserved 1048576K
}
Event: 12.151 GC heap after
{Heap after GC invocations=34 (full 0):
 garbage-first heap   total 165888K, used 99670K [0x0000000080000000, 0x0000000100000000)
  region size 1024K, 4 young (4096K), 4 survivors (4096K)
 Metaspace       used 81842K, committed 82688K, reserved 1122304K
  class space    used 10944K, committed 11328K, reserved 1048576K
}
Event: 12.804 GC heap before
{Heap before GC invocations=35 (full 0):
 garbage-first heap   total 176128K, used 135510K [0x0000000080000000, 0x0000000100000000)
  region size 1024K, 40 young (40960K), 4 survivors (4096K)
 Metaspace       used 84461K, committed 85312K, reserved 1130496K
  class space    used 11265K, committed 11648K, reserved 1048576K
}
Event: 12.810 GC heap after
{Heap after GC invocations=36 (full 0):
 garbage-first heap   total 176128K, used 102989K [0x0000000080000000, 0x0000000100000000)
  region size 1024K, 3 young (3072K), 3 survivors (3072K)
 Metaspace       used 84461K, committed 85312K, reserved 1130496K
  class space    used 11265K, committed 11648K, reserved 1048576K
}
Event: 13.257 GC heap before
{Heap before GC invocations=36 (full 0):
 garbage-first heap   total 176128K, used 143949K [0x0000000080000000, 0x0000000100000000)
  region size 1024K, 44 young (45056K), 3 survivors (3072K)
 Metaspace       used 87264K, committed 88000K, reserved 1130496K
  class space    used 11636K, committed 11968K, reserved 1048576K
}
Event: 13.262 GC heap after
{Heap after GC invocations=37 (full 0):
 garbage-first heap   total 176128K, used 104783K [0x0000000080000000, 0x0000000100000000)
  region size 1024K, 5 young (5120K), 5 survivors (5120K)
 Metaspace       used 87264K, committed 88000K, reserved 1130496K
  class space    used 11636K, committed 11968K, reserved 1048576K
}
Event: 13.662 GC heap before
{Heap before GC invocations=38 (full 0):
 garbage-first heap   total 189440K, used 139599K [0x0000000080000000, 0x0000000100000000)
  region size 1024K, 40 young (40960K), 5 survivors (5120K)
 Metaspace       used 89503K, committed 90304K, reserved 1130496K
  class space    used 11931K, committed 12288K, reserved 1048576K
}
Event: 13.668 GC heap after
{Heap after GC invocations=39 (full 0):
 garbage-first heap   total 189440K, used 107093K [0x0000000080000000, 0x0000000100000000)
  region size 1024K, 5 young (5120K), 5 survivors (5120K)
 Metaspace       used 89503K, committed 90304K, reserved 1130496K
  class space    used 11931K, committed 12288K, reserved 1048576K
}
Event: 30.216 GC heap before
{Heap before GC invocations=40 (full 0):
 garbage-first heap   total 191488K, used 156245K [0x0000000080000000, 0x0000000100000000)
  region size 1024K, 53 young (54272K), 5 survivors (5120K)
 Metaspace       used 95464K, committed 96448K, reserved 1138688K
  class space    used 12410K, committed 12864K, reserved 1048576K
}
Event: 30.224 GC heap after
{Heap after GC invocations=41 (full 0):
 garbage-first heap   total 191488K, used 109643K [0x0000000080000000, 0x0000000100000000)
  region size 1024K, 5 young (5120K), 5 survivors (5120K)
 Metaspace       used 95464K, committed 96448K, reserved 1138688K
  class space    used 12410K, committed 12864K, reserved 1048576K
}
Event: 38.376 GC heap before
{Heap before GC invocations=41 (full 0):
 garbage-first heap   total 191488K, used 158795K [0x0000000080000000, 0x0000000100000000)
  region size 1024K, 54 young (55296K), 5 survivors (5120K)
 Metaspace       used 96130K, committed 97216K, reserved 1138688K
  class space    used 12474K, committed 12992K, reserved 1048576K
}
Event: 38.384 GC heap after
{Heap after GC invocations=42 (full 0):
 garbage-first heap   total 191488K, used 110348K [0x0000000080000000, 0x0000000100000000)
  region size 1024K, 4 young (4096K), 4 survivors (4096K)
 Metaspace       used 96130K, committed 97216K, reserved 1138688K
  class space    used 12474K, committed 12992K, reserved 1048576K
}
Event: 46.936 GC heap before
{Heap before GC invocations=43 (full 0):
 garbage-first heap   total 193536K, used 159500K [0x0000000080000000, 0x0000000100000000)
  region size 1024K, 53 young (54272K), 4 survivors (4096K)
 Metaspace       used 96665K, committed 97728K, reserved 1138688K
  class space    used 12494K, committed 12992K, reserved 1048576K
}
Event: 46.943 GC heap after
{Heap after GC invocations=44 (full 0):
 garbage-first heap   total 193536K, used 111438K [0x0000000080000000, 0x0000000100000000)
  region size 1024K, 4 young (4096K), 4 survivors (4096K)
 Metaspace       used 96665K, committed 97728K, reserved 1138688K
  class space    used 12494K, committed 12992K, reserved 1048576K
}

Deoptimization events (20 events):
Event: 47.402 Thread 0x000002bd63b95010 Uncommon trap: trap_request=0xffffffd6 fr.pc=0x000002bd52af2250 relative=0x0000000000000cd0
Event: 47.402 Thread 0x000002bd63b95010 Uncommon trap: reason=array_check action=maybe_recompile pc=0x000002bd52af2250 method=com.google.common.collect.ImmutableSet.construct(I[Ljava/lang/Object;)Lcom/google/common/collect/ImmutableSet; @ 122 c2
Event: 47.402 Thread 0x000002bd63b95010 DEOPT PACKING pc=0x000002bd52af2250 sp=0x000000cbae7f9b80
Event: 47.402 Thread 0x000002bd63b95010 DEOPT UNPACKING pc=0x000002bd4a95d72e sp=0x000000cbae7f9b18 mode 2
Event: 47.640 Thread 0x000002bd67e1e000 Uncommon trap: trap_request=0xffffff45 fr.pc=0x000002bd52998530 relative=0x0000000000000210
Event: 47.640 Thread 0x000002bd67e1e000 Uncommon trap: reason=unstable_if action=reinterpret pc=0x000002bd52998530 method=com.google.common.collect.MapMakerInternalMap$Segment.getEntry(Ljava/lang/Object;I)Lcom/google/common/collect/MapMakerInternalMap$InternalEntry; @ 40 c2
Event: 47.640 Thread 0x000002bd67e1e000 DEOPT PACKING pc=0x000002bd52998530 sp=0x000000cbb0cfc570
Event: 47.640 Thread 0x000002bd67e1e000 DEOPT UNPACKING pc=0x000002bd4a95d72e sp=0x000000cbb0cfc490 mode 2
Event: 47.640 Thread 0x000002bd67e1e000 Uncommon trap: trap_request=0xffffff45 fr.pc=0x000002bd529aa678 relative=0x00000000000026b8
Event: 47.640 Thread 0x000002bd67e1e000 Uncommon trap: reason=unstable_if action=reinterpret pc=0x000002bd529aa678 method=com.google.common.collect.MapMakerInternalMap$Segment.drainKeyReferenceQueue(Ljava/lang/ref/ReferenceQueue;)V @ 8 c2
Event: 47.640 Thread 0x000002bd67e1e000 DEOPT PACKING pc=0x000002bd529aa678 sp=0x000000cbb0cfc4d0
Event: 47.640 Thread 0x000002bd67e1e000 DEOPT UNPACKING pc=0x000002bd4a95d72e sp=0x000000cbb0cfc288 mode 2
Event: 47.640 Thread 0x000002bd67e1e000 Uncommon trap: trap_request=0xffffff45 fr.pc=0x000002bd52895fe8 relative=0x00000000000008e8
Event: 47.640 Thread 0x000002bd67e1e000 Uncommon trap: reason=unstable_if action=reinterpret pc=0x000002bd52895fe8 method=org.gradle.internal.snapshot.VfsRelativePath.lengthOfCommonPrefix(Ljava/lang/String;Lorg/gradle/internal/snapshot/CaseSensitivity;)I @ 165 c2
Event: 47.640 Thread 0x000002bd67e1e000 DEOPT PACKING pc=0x000002bd52895fe8 sp=0x000000cbb0cfc330
Event: 47.640 Thread 0x000002bd67e1e000 DEOPT UNPACKING pc=0x000002bd4a95d72e sp=0x000000cbb0cfc2c0 mode 2
Event: 47.645 Thread 0x000002bd67e1e000 Uncommon trap: trap_request=0xffffff45 fr.pc=0x000002bd528973dc relative=0x000000000000011c
Event: 47.645 Thread 0x000002bd67e1e000 Uncommon trap: reason=unstable_if action=reinterpret pc=0x000002bd528973dc method=com.google.common.collect.MapMakerInternalMap$Segment.getEntry(Ljava/lang/Object;I)Lcom/google/common/collect/MapMakerInternalMap$InternalEntry; @ 40 c2
Event: 47.645 Thread 0x000002bd67e1e000 DEOPT PACKING pc=0x000002bd528973dc sp=0x000000cbb0cfc370
Event: 47.645 Thread 0x000002bd67e1e000 DEOPT UNPACKING pc=0x000002bd4a95d72e sp=0x000000cbb0cfc328 mode 2

Classes unloaded (7 events):
Event: 12.263 Thread 0x000002bd609e3ca0 Unloading class 0x0000000801641400 'java/lang/invoke/LambdaForm$DMH+0x0000000801641400'
Event: 12.263 Thread 0x000002bd609e3ca0 Unloading class 0x0000000801641000 'java/lang/invoke/LambdaForm$DMH+0x0000000801641000'
Event: 12.263 Thread 0x000002bd609e3ca0 Unloading class 0x0000000801640800 'java/lang/invoke/LambdaForm$DMH+0x0000000801640800'
Event: 12.263 Thread 0x000002bd609e3ca0 Unloading class 0x0000000801640400 'java/lang/invoke/LambdaForm$DMH+0x0000000801640400'
Event: 12.263 Thread 0x000002bd609e3ca0 Unloading class 0x0000000801630c00 'java/lang/invoke/LambdaForm$DMH+0x0000000801630c00'
Event: 12.263 Thread 0x000002bd609e3ca0 Unloading class 0x0000000801630000 'java/lang/invoke/LambdaForm$DMH+0x0000000801630000'
Event: 12.263 Thread 0x000002bd609e3ca0 Unloading class 0x0000000801630800 'java/lang/invoke/LambdaForm$DMH+0x0000000801630800'

Classes redefined (0 events):
No events

Internal exceptions (20 events):
Event: 38.202 Thread 0x000002bd67e33f50 Exception <a 'sun/nio/fs/WindowsException'{0x00000000896d70a0}> (0x00000000896d70a0) 
thrown [t:\workspace\open\src\hotspot\share\prims\jni.cpp, line 579]
Event: 38.206 Thread 0x000002bd63b95010 Exception <a 'java/lang/ClassNotFoundException'{0x0000000089548a50}: sync_studio_tooling328_chnw8ss8r9hn76ttlznadybhbBeanInfo> (0x0000000089548a50) 
thrown [t:\workspace\open\src\hotspot\share\classfile\systemDictionary.cpp, line 256]
Event: 38.207 Thread 0x000002bd63b95010 Exception <a 'java/lang/ClassNotFoundException'{0x000000008954df98}: sync_studio_tooling328_chnw8ss8r9hn76ttlznadybhbCustomizer> (0x000000008954df98) 
thrown [t:\workspace\open\src\hotspot\share\classfile\systemDictionary.cpp, line 256]
Event: 41.292 Thread 0x000002bd6535c5b0 Exception <a 'sun/nio/fs/WindowsException'{0x000000008b3bce08}> (0x000000008b3bce08) 
thrown [t:\workspace\open\src\hotspot\share\prims\jni.cpp, line 579]
Event: 41.326 Thread 0x000002bd6535c5b0 Exception <a 'sun/nio/fs/WindowsException'{0x000000008b3bd008}> (0x000000008b3bd008) 
thrown [t:\workspace\open\src\hotspot\share\prims\jni.cpp, line 579]
Event: 41.334 Thread 0x000002bd63b95010 Exception <a 'java/lang/ClassNotFoundException'{0x000000008b22ca78}: sync_studio_tooling1709_3etsp95wqmdbbhl3l7dbcmvgkBeanInfo> (0x000000008b22ca78) 
thrown [t:\workspace\open\src\hotspot\share\classfile\systemDictionary.cpp, line 256]
Event: 41.335 Thread 0x000002bd63b95010 Exception <a 'java/lang/ClassNotFoundException'{0x000000008b232038}: sync_studio_tooling1709_3etsp95wqmdbbhl3l7dbcmvgkCustomizer> (0x000000008b232038) 
thrown [t:\workspace\open\src\hotspot\share\classfile\systemDictionary.cpp, line 256]
Event: 41.400 Thread 0x000002bd6535c5b0 Exception <a 'sun/nio/fs/WindowsException'{0x000000008b2d5248}> (0x000000008b2d5248) 
thrown [t:\workspace\open\src\hotspot\share\prims\jni.cpp, line 579]
Event: 41.400 Thread 0x000002bd6535c5b0 Exception <a 'sun/nio/fs/WindowsException'{0x000000008b2d53d0}> (0x000000008b2d53d0) 
thrown [t:\workspace\open\src\hotspot\share\prims\jni.cpp, line 579]
Event: 41.406 Thread 0x000002bd63b95010 Exception <a 'java/lang/ClassNotFoundException'{0x000000008b148530}: sync_studio_tooling1709_3etsp95wqmdbbhl3l7dbcmvgkBeanInfo> (0x000000008b148530) 
thrown [t:\workspace\open\src\hotspot\share\classfile\systemDictionary.cpp, line 256]
Event: 41.406 Thread 0x000002bd63b95010 Exception <a 'java/lang/ClassNotFoundException'{0x000000008b14da90}: sync_studio_tooling1709_3etsp95wqmdbbhl3l7dbcmvgkCustomizer> (0x000000008b14da90) 
thrown [t:\workspace\open\src\hotspot\share\classfile\systemDictionary.cpp, line 256]
Event: 46.672 Thread 0x000002bd67e19af0 Exception <a 'sun/nio/fs/WindowsException'{0x0000000089b88f58}> (0x0000000089b88f58) 
thrown [t:\workspace\open\src\hotspot\share\prims\jni.cpp, line 579]
Event: 46.673 Thread 0x000002bd67e19af0 Exception <a 'sun/nio/fs/WindowsException'{0x0000000089b890f0}> (0x0000000089b890f0) 
thrown [t:\workspace\open\src\hotspot\share\prims\jni.cpp, line 579]
Event: 46.677 Thread 0x000002bd63b95010 Exception <a 'java/lang/ClassNotFoundException'{0x0000000089bfe5a8}: sync_studio_tooling1431_7jynb2q1f5s1gb2u2ylkiz66cBeanInfo> (0x0000000089bfe5a8) 
thrown [t:\workspace\open\src\hotspot\share\classfile\systemDictionary.cpp, line 256]
Event: 46.677 Thread 0x000002bd63b95010 Exception <a 'java/lang/ClassNotFoundException'{0x0000000089a040d0}: sync_studio_tooling1431_7jynb2q1f5s1gb2u2ylkiz66cCustomizer> (0x0000000089a040d0) 
thrown [t:\workspace\open\src\hotspot\share\classfile\systemDictionary.cpp, line 256]
Event: 46.707 Thread 0x000002bd67e18b00 Exception <a 'sun/nio/fs/WindowsException'{0x0000000089adc5f0}> (0x0000000089adc5f0) 
thrown [t:\workspace\open\src\hotspot\share\prims\jni.cpp, line 579]
Event: 46.707 Thread 0x000002bd67e18b00 Exception <a 'sun/nio/fs/WindowsException'{0x0000000089adc778}> (0x0000000089adc778) 
thrown [t:\workspace\open\src\hotspot\share\prims\jni.cpp, line 579]
Event: 46.710 Thread 0x000002bd63b95010 Exception <a 'java/lang/ClassNotFoundException'{0x0000000089924458}: sync_studio_tooling1431_7jynb2q1f5s1gb2u2ylkiz66cBeanInfo> (0x0000000089924458) 
thrown [t:\workspace\open\src\hotspot\share\classfile\systemDictionary.cpp, line 256]
Event: 46.711 Thread 0x000002bd63b95010 Exception <a 'java/lang/ClassNotFoundException'{0x00000000899299b8}: sync_studio_tooling1431_7jynb2q1f5s1gb2u2ylkiz66cCustomizer> (0x00000000899299b8) 
thrown [t:\workspace\open\src\hotspot\share\classfile\systemDictionary.cpp, line 256]
Event: 47.293 Thread 0x000002bd63b95010 Exception <a 'sun/nio/fs/WindowsException'{0x000000008a4159e0}> (0x000000008a4159e0) 
thrown [t:\workspace\open\src\hotspot\share\prims\jni.cpp, line 579]

Events (20 events):
Event: 46.687 Thread 0x000002bd61d73800 Thread added: 0x000002bd61d73800
Event: 46.733 Thread 0x000002bd62ff4ae0 Thread added: 0x000002bd62ff4ae0
Event: 46.823 Thread 0x000002bd67e19050 Thread added: 0x000002bd67e19050
Event: 46.823 Thread 0x000002bd67e1e000 Thread added: 0x000002bd67e1e000
Event: 46.823 Thread 0x000002bd67e1bad0 Thread added: 0x000002bd67e1bad0
Event: 46.824 Thread 0x000002bd67e1cac0 Thread added: 0x000002bd67e1cac0
Event: 46.936 Executing  VM operation: G1CollectForAllocation
Event: 46.943 Executing  VM operation: G1CollectForAllocation done
Event: 47.032 Thread 0x000002bd68bb75c0 Thread added: 0x000002bd68bb75c0
Event: 47.033 Thread 0x000002bd66e76870 Thread added: 0x000002bd66e76870
Event: 47.033 Thread 0x000002bd66e738a0 Thread added: 0x000002bd66e738a0
Event: 47.033 Thread 0x000002bd66e74890 Thread added: 0x000002bd66e74890
Event: 47.033 Thread 0x000002bd66e76870 Thread exited: 0x000002bd66e76870
Event: 47.034 Thread 0x000002bd66e738a0 Thread exited: 0x000002bd66e738a0
Event: 47.034 Thread 0x000002bd66e74890 Thread exited: 0x000002bd66e74890
Event: 47.034 Thread 0x000002bd68bb75c0 Thread exited: 0x000002bd68bb75c0
Event: 47.174 Executing  VM operation: ICBufferFull
Event: 47.174 Executing  VM operation: ICBufferFull done
Event: 47.470 Executing  VM operation: ICBufferFull
Event: 47.470 Executing  VM operation: ICBufferFull done


Dynamic libraries:
0x00007ff662930000 - 0x00007ff662940000 	C:\Program Files\Java\jdk-16.0.2\bin\java.exe
0x00007ffd96d70000 - 0x00007ffd96f5d000 	C:\Windows\SYSTEM32\ntdll.dll
0x00007ffd81770000 - 0x00007ffd81785000 	C:\Program Files\Avast Software\Avast\aswhook.dll
0x00007ffd96c00000 - 0x00007ffd96cb3000 	C:\Windows\System32\KERNEL32.DLL
0x00007ffd93cd0000 - 0x00007ffd93f65000 	C:\Windows\System32\KERNELBASE.dll
0x00007ffd93010000 - 0x00007ffd9310a000 	C:\Windows\System32\ucrtbase.dll
0x00007ffd7b2b0000 - 0x00007ffd7b2c8000 	C:\Program Files\Java\jdk-16.0.2\bin\jli.dll
0x00007ffd7b210000 - 0x00007ffd7b229000 	C:\Program Files\Java\jdk-16.0.2\bin\VCRUNTIME140.dll
0x00007ffd94070000 - 0x00007ffd94114000 	C:\Windows\System32\ADVAPI32.dll
0x00007ffd94450000 - 0x00007ffd944ee000 	C:\Windows\System32\msvcrt.dll
0x00007ffd944f0000 - 0x00007ffd9458e000 	C:\Windows\System32\sechost.dll
0x00007ffd95ea0000 - 0x00007ffd95fbf000 	C:\Windows\System32\RPCRT4.dll
0x00007ffd95c40000 - 0x00007ffd95dd8000 	C:\Windows\System32\USER32.dll
0x00007ffd93bf0000 - 0x00007ffd93c10000 	C:\Windows\System32\win32u.dll
0x00007ffd82e20000 - 0x00007ffd83099000 	C:\Windows\WinSxS\amd64_microsoft.windows.common-controls_6595b64144ccf1df_6.0.17763.2114_none_de6e8966534dbac6\COMCTL32.dll
0x00007ffd966f0000 - 0x00007ffd96719000 	C:\Windows\System32\GDI32.dll
0x00007ffd92e20000 - 0x00007ffd92fbc000 	C:\Windows\System32\gdi32full.dll
0x00007ffd94120000 - 0x00007ffd9444d000 	C:\Windows\System32\combase.dll
0x00007ffd93c30000 - 0x00007ffd93cd0000 	C:\Windows\System32\msvcp_win.dll
0x00007ffd93220000 - 0x00007ffd932a2000 	C:\Windows\System32\bcryptPrimitives.dll
0x00007ffd8ee30000 - 0x00007ffd8ee3a000 	C:\Windows\SYSTEM32\VERSION.dll
0x00007ffd96560000 - 0x00007ffd9658e000 	C:\Windows\System32\IMM32.DLL
0x00007ffd817b0000 - 0x00007ffd817bc000 	C:\Program Files\Java\jdk-16.0.2\bin\vcruntime140_1.dll
0x00007ffd6e4f0000 - 0x00007ffd6e581000 	C:\Program Files\Java\jdk-16.0.2\bin\msvcp140.dll
0x00007ffd31c00000 - 0x00007ffd327ab000 	C:\Program Files\Java\jdk-16.0.2\bin\server\jvm.dll
0x00007ffd962b0000 - 0x00007ffd962b8000 	C:\Windows\System32\PSAPI.DLL
0x00007ffd90950000 - 0x00007ffd90974000 	C:\Windows\SYSTEM32\WINMM.dll
0x00007ffd80560000 - 0x00007ffd80569000 	C:\Windows\SYSTEM32\WSOCK32.dll
0x00007ffd96160000 - 0x00007ffd961cd000 	C:\Windows\System32\WS2_32.dll
0x00007ffd90920000 - 0x00007ffd9094d000 	C:\Windows\SYSTEM32\WINMMBASE.dll
0x00007ffd92fc0000 - 0x00007ffd9300a000 	C:\Windows\System32\cfgmgr32.dll
0x00007ffd92d50000 - 0x00007ffd92d61000 	C:\Windows\System32\kernel.appcore.dll
0x00007ffd7c770000 - 0x00007ffd7c77a000 	C:\Program Files\Java\jdk-16.0.2\bin\jimage.dll
0x00007ffd89700000 - 0x00007ffd898ed000 	C:\Windows\SYSTEM32\DBGHELP.DLL
0x00007ffd896d0000 - 0x00007ffd896fa000 	C:\Windows\SYSTEM32\dbgcore.DLL
0x00007ffd7a600000 - 0x00007ffd7a625000 	C:\Program Files\Java\jdk-16.0.2\bin\java.dll
0x00007ffd94590000 - 0x00007ffd95a89000 	C:\Windows\System32\SHELL32.dll
0x00007ffd962e0000 - 0x00007ffd96388000 	C:\Windows\System32\shcore.dll
0x00007ffd932b0000 - 0x00007ffd939fb000 	C:\Windows\System32\windows.storage.dll
0x00007ffd92d90000 - 0x00007ffd92db4000 	C:\Windows\System32\profapi.dll
0x00007ffd92dc0000 - 0x00007ffd92e1d000 	C:\Windows\System32\powrprof.dll
0x00007ffd96100000 - 0x00007ffd96152000 	C:\Windows\System32\shlwapi.dll
0x00007ffd93c10000 - 0x00007ffd93c27000 	C:\Windows\System32\cryptsp.dll
0x00007ffd7a5e0000 - 0x00007ffd7a5f9000 	C:\Program Files\Java\jdk-16.0.2\bin\net.dll
0x00007ffd8d820000 - 0x00007ffd8d911000 	C:\Windows\SYSTEM32\WINHTTP.dll
0x00007ffd92540000 - 0x00007ffd925a7000 	C:\Windows\system32\mswsock.dll
0x00007ffd75280000 - 0x00007ffd75293000 	C:\Program Files\Java\jdk-16.0.2\bin\nio.dll
0x00007ffd73290000 - 0x00007ffd732a8000 	C:\Program Files\Java\jdk-16.0.2\bin\zip.dll
0x00007ffd7c620000 - 0x00007ffd7c630000 	C:\Program Files\Java\jdk-16.0.2\bin\verify.dll
0x00007ffd81fd0000 - 0x00007ffd81ff7000 	C:\Users\MAX\AndroidStudioProjects\native\fdc75f09e3144964f2cf3f50f0aa648679c211496f362492102eb8c894070792\windows-amd64\native-platform.dll
0x00007ffd5dc60000 - 0x00007ffd5ddf6000 	C:\Users\MAX\AndroidStudioProjects\native\12488b8bf47d2d4c9fbf2f6322a914ad602e24e48041cd04a747c6da556b65c4\windows-amd64\native-platform-file-events.dll
0x00007ffd7ade0000 - 0x00007ffd7ade9000 	C:\Program Files\Java\jdk-16.0.2\bin\management.dll
0x00007ffd79b50000 - 0x00007ffd79b5b000 	C:\Program Files\Java\jdk-16.0.2\bin\management_ext.dll
0x00007ffd920d0000 - 0x00007ffd92103000 	C:\Windows\system32\rsaenh.dll
0x00007ffd93f70000 - 0x00007ffd93f96000 	C:\Windows\System32\bcrypt.dll
0x00007ffd92c80000 - 0x00007ffd92ca9000 	C:\Windows\SYSTEM32\USERENV.dll
0x00007ffd92710000 - 0x00007ffd9271c000 	C:\Windows\SYSTEM32\CRYPTBASE.dll
0x00007ffd92260000 - 0x00007ffd9229d000 	C:\Windows\SYSTEM32\IPHLPAPI.DLL
0x00007ffd960f0000 - 0x00007ffd960f8000 	C:\Windows\System32\NSI.dll
0x00007ffd89c80000 - 0x00007ffd89c96000 	C:\Windows\SYSTEM32\dhcpcsvc6.DLL
0x00007ffd89c60000 - 0x00007ffd89c7c000 	C:\Windows\SYSTEM32\dhcpcsvc.DLL
0x00007ffd922a0000 - 0x00007ffd92366000 	C:\Windows\SYSTEM32\DNSAPI.dll
0x00007ffd8d740000 - 0x00007ffd8d74b000 	C:\Windows\SYSTEM32\WINNSI.DLL
0x00007ffd77cc0000 - 0x00007ffd77cce000 	C:\Program Files\Java\jdk-16.0.2\bin\sunmscapi.dll
0x00007ffd93a00000 - 0x00007ffd93be3000 	C:\Windows\System32\CRYPT32.dll
0x00007ffd92d70000 - 0x00007ffd92d82000 	C:\Windows\System32\MSASN1.dll
0x00007ffd92870000 - 0x00007ffd92896000 	C:\Windows\SYSTEM32\ncrypt.dll
0x00007ffd92830000 - 0x00007ffd9286c000 	C:\Windows\SYSTEM32\NTASN1.dll
0x00007ffd75270000 - 0x00007ffd75277000 	C:\Windows\system32\wshunix.dll

dbghelp: loaded successfully - version: 4.0.5 - missing functions: none
symbol engine: initialized successfully - sym options: 0x614 - pdb path: .;C:\Program Files\Java\jdk-16.0.2\bin;C:\Windows\SYSTEM32;C:\Program Files\Avast Software\Avast;C:\Windows\WinSxS\amd64_microsoft.windows.common-controls_6595b64144ccf1df_6.0.17763.2114_none_de6e8966534dbac6;C:\Program Files\Java\jdk-16.0.2\bin\server;C:\Users\MAX\AndroidStudioProjects\native\fdc75f09e3144964f2cf3f50f0aa648679c211496f362492102eb8c894070792\windows-amd64;C:\Users\MAX\AndroidStudioProjects\native\12488b8bf47d2d4c9fbf2f6322a914ad602e24e48041cd04a747c6da556b65c4\windows-amd64

VM Arguments:
jvm_args: --add-opens=java.base/java.util=ALL-UNNAMED --add-opens=java.base/java.lang=ALL-UNNAMED --add-opens=java.base/java.lang.invoke=ALL-UNNAMED --add-opens=java.prefs/java.util.prefs=ALL-UNNAMED -Xmx2048m -Dfile.encoding=UTF-8 -Duser.country=RU -Duser.language=ru -Duser.variant 
java_command: org.gradle.launcher.daemon.bootstrap.GradleDaemon 6.7.1
java_class_path (initial): C:\Users\MAX\AndroidStudioProjects\wrapper\dists\gradle-6.7.1-bin\bwlcbys1h7rz3272sye1xwiv6\gradle-6.7.1\lib\gradle-launcher-6.7.1.jar
Launcher Type: SUN_STANDARD

[Global flags]
     intx CICompilerCount                          = 3                                         {product} {ergonomic}
     uint ConcGCThreads                            = 1                                         {product} {ergonomic}
     uint G1ConcRefinementThreads                  = 4                                         {product} {ergonomic}
   size_t G1HeapRegionSize                         = 1048576                                   {product} {ergonomic}
    uintx GCDrainStackTargetSize                   = 64                                        {product} {ergonomic}
   size_t InitialHeapSize                          = 268435456                                 {product} {ergonomic}
   size_t MarkStackSize                            = 4194304                                   {product} {ergonomic}
   size_t MaxHeapSize                              = 2147483648                                {product} {command line}
   size_t MaxNewSize                               = 1287651328                                {product} {ergonomic}
   size_t MinHeapDeltaBytes                        = 1048576                                   {product} {ergonomic}
   size_t MinHeapSize                              = 8388608                                   {product} {ergonomic}
    uintx NonNMethodCodeHeapSize                   = 5832780                                {pd product} {ergonomic}
    uintx NonProfiledCodeHeapSize                  = 122912730                              {pd product} {ergonomic}
    uintx ProfiledCodeHeapSize                     = 122912730                              {pd product} {ergonomic}
    uintx ReservedCodeCacheSize                    = 251658240                              {pd product} {ergonomic}
     bool SegmentedCodeCache                       = true                                      {product} {ergonomic}
   size_t SoftMaxHeapSize                          = 2147483648                             {manageable} {ergonomic}
     bool UseCompressedClassPointers               = true                           {product lp64_product} {ergonomic}
     bool UseCompressedOops                        = true                           {product lp64_product} {ergonomic}
     bool UseG1GC                                  = true                                      {product} {ergonomic}
     bool UseLargePagesIndividualAllocation        = false                                  {pd product} {ergonomic}

Logging:
Log output configuration:
 #0: stdout all=warning uptime,level,tags
 #1: stderr all=off uptime,level,tags

Environment Variables:
PATH=C:\Program Files\Common Files\Oracle\Java\javapath;C:\Windows\system32;C:\Windows;C:\Windows\System32\Wbem;C:\Windows\System32\WindowsPowerShell\v1.0\;C:\Windows\System32\OpenSSH\;C:\Program Files (x86)\NVIDIA Corporation\PhysX\Common;C:\Program Files\NVIDIA Corporation\NVIDIA NvDLISR;C:\Program Files\Git\cmd;C:\Users\MAX\AppData\Local\Microsoft\WindowsApps
USERNAME=MAX
OS=Windows_NT
PROCESSOR_IDENTIFIER=Intel64 Family 6 Model 158 Stepping 9, GenuineIntel



---------------  S Y S T E M  ---------------

OS:
 Windows 10 , 64 bit Build 17763 (10.0.17763.2090)
OS uptime: 1 days 7:24 hours

CPU: total 4 (initial active 4) (4 cores per cpu, 1 threads per core) family 6 model 158 stepping 9 microcode 0x8e, cx8, cmov, fxsr, mmx, 3dnowpref, sse, sse2, sse3, ssse3, sse4.1, sse4.2, popcnt, lzcnt, tsc, tscinvbit, avx, avx2, aes, erms, clmul, bmi1, bmi2, adx, fma, vzeroupper, clflush, clflushopt

Memory: 4k page, system-wide physical 16342M (5236M free)
TotalPageFile size 17142M (AvailPageFile size 7M)
current process WorkingSet (physical memory assigned to process): 469M, peak: 474M
current process commit charge ("private bytes"): 510M, peak: 517M

vm_info: Java HotSpot(TM) 64-Bit Server VM (16.0.2+7-67) for windows-amd64 JRE (16.0.2+7-67), built on Jun  8 2021 23:24:19 by "mach5one" with MS VC++ 16.7 (VS2019)

END.
